block in append_cflags: checking for whether -Wall is accepted as CFLAGS... -------------------- yes

LD_LIBRARY_PATH=.:/home/lacum/.asdf/installs/ruby/3.2.2/lib "gcc -o conftest -I/home/lacum/.asdf/installs/ruby/3.2.2/include/ruby-3.2.0/x86_64-linux -I/home/lacum/.asdf/installs/ruby/3.2.2/include/ruby-3.2.0/ruby/backward -I/home/lacum/.asdf/installs/ruby/3.2.2/include/ruby-3.2.0 -I.    -O3 -fno-fast-math -ggdb3 -Wall -Wextra -Wdeprecated-declarations -Wdiv-by-zero -Wduplicated-cond -Wimplicit-function-declaration -Wimplicit-int -Wmisleading-indentation -Wpointer-arith -Wwrite-strings -Wold-style-definition -Wimplicit-fallthrough=0 -Wmissing-noreturn -Wno-cast-function-type -Wno-constant-logical-operand -Wno-long-long -Wno-missing-field-initializers -Wno-overlength-strings -Wno-packed-bitfield-compat -Wno-parentheses-equality -Wno-self-assign -Wno-tautological-compare -Wno-unused-parameter -Wno-unused-value -Wsuggest-attribute=format -Wsuggest-attribute=noreturn -Wunused-variable -Wundef  -fPIC conftest.c  -L. -L/home/lacum/.asdf/installs/ruby/3.2.2/lib -Wl,-rpath,/home/lacum/.asdf/installs/ruby/3.2.2/lib -L. -fstack-protector-strong -rdynamic -Wl,-export-dynamic -Wl,--no-as-needed     -Wl,-rpath,/home/lacum/.asdf/installs/ruby/3.2.2/lib -L/home/lacum/.asdf/installs/ruby/3.2.2/lib -lruby  -lm -lpthread  -lc"
checked program was:
/* begin */
1: #include "ruby.h"
2: 
3: int main(int argc, char **argv)
4: {
5:   return !!argv[argc];
6: }
/* end */

LD_LIBRARY_PATH=.:/home/lacum/.asdf/installs/ruby/3.2.2/lib "gcc -I/home/lacum/.asdf/installs/ruby/3.2.2/include/ruby-3.2.0/x86_64-linux -I/home/lacum/.asdf/installs/ruby/3.2.2/include/ruby-3.2.0/ruby/backward -I/home/lacum/.asdf/installs/ruby/3.2.2/include/ruby-3.2.0 -I.    -O3 -fno-fast-math -ggdb3 -Wall -Wextra -Wdeprecated-declarations -Wdiv-by-zero -Wduplicated-cond -Wimplicit-function-declaration -Wimplicit-int -Wmisleading-indentation -Wpointer-arith -Wwrite-strings -Wold-style-definition -Wimplicit-fallthrough=0 -Wmissing-noreturn -Wno-cast-function-type -Wno-constant-logical-operand -Wno-long-long -Wno-missing-field-initializers -Wno-overlength-strings -Wno-packed-bitfield-compat -Wno-parentheses-equality -Wno-self-assign -Wno-tautological-compare -Wno-unused-parameter -Wno-unused-value -Wsuggest-attribute=format -Wsuggest-attribute=noreturn -Wunused-variable -Wundef  -fPIC  -Wall -Werror -c conftest.c"
checked program was:
/* begin */
1: #include "ruby.h"
2: 
3: int main(int argc, char **argv)
4: {
5:   return !!argv[argc];
6: }
/* end */

--------------------

block in append_cflags: checking for whether -O3 is accepted as CFLAGS... -------------------- yes

LD_LIBRARY_PATH=.:/home/lacum/.asdf/installs/ruby/3.2.2/lib "gcc -I/home/lacum/.asdf/installs/ruby/3.2.2/include/ruby-3.2.0/x86_64-linux -I/home/lacum/.asdf/installs/ruby/3.2.2/include/ruby-3.2.0/ruby/backward -I/home/lacum/.asdf/installs/ruby/3.2.2/include/ruby-3.2.0 -I.    -O3 -fno-fast-math -ggdb3 -Wall -Wextra -Wdeprecated-declarations -Wdiv-by-zero -Wduplicated-cond -Wimplicit-function-declaration -Wimplicit-int -Wmisleading-indentation -Wpointer-arith -Wwrite-strings -Wold-style-definition -Wimplicit-fallthrough=0 -Wmissing-noreturn -Wno-cast-function-type -Wno-constant-logical-operand -Wno-long-long -Wno-missing-field-initializers -Wno-overlength-strings -Wno-packed-bitfield-compat -Wno-parentheses-equality -Wno-self-assign -Wno-tautological-compare -Wno-unused-parameter -Wno-unused-value -Wsuggest-attribute=format -Wsuggest-attribute=noreturn -Wunused-variable -Wundef  -fPIC -Wall  -O3 -Werror -c conftest.c"
checked program was:
/* begin */
1: #include "ruby.h"
2: 
3: int main(int argc, char **argv)
4: {
5:   return !!argv[argc];
6: }
/* end */

--------------------

block in append_cflags: checking for whether -pedantic is accepted as CFLAGS... -------------------- yes

LD_LIBRARY_PATH=.:/home/lacum/.asdf/installs/ruby/3.2.2/lib "gcc -I/home/lacum/.asdf/installs/ruby/3.2.2/include/ruby-3.2.0/x86_64-linux -I/home/lacum/.asdf/installs/ruby/3.2.2/include/ruby-3.2.0/ruby/backward -I/home/lacum/.asdf/installs/ruby/3.2.2/include/ruby-3.2.0 -I.    -O3 -fno-fast-math -ggdb3 -Wall -Wextra -Wdeprecated-declarations -Wdiv-by-zero -Wduplicated-cond -Wimplicit-function-declaration -Wimplicit-int -Wmisleading-indentation -Wpointer-arith -Wwrite-strings -Wold-style-definition -Wimplicit-fallthrough=0 -Wmissing-noreturn -Wno-cast-function-type -Wno-constant-logical-operand -Wno-long-long -Wno-missing-field-initializers -Wno-overlength-strings -Wno-packed-bitfield-compat -Wno-parentheses-equality -Wno-self-assign -Wno-tautological-compare -Wno-unused-parameter -Wno-unused-value -Wsuggest-attribute=format -Wsuggest-attribute=noreturn -Wunused-variable -Wundef  -fPIC -Wall -O3  -pedantic -Werror -c conftest.c"
checked program was:
/* begin */
1: #include "ruby.h"
2: 
3: int main(int argc, char **argv)
4: {
5:   return !!argv[argc];
6: }
/* end */

--------------------

block in append_cflags: checking for whether -std=c99 is accepted as CFLAGS... -------------------- no

LD_LIBRARY_PATH=.:/home/lacum/.asdf/installs/ruby/3.2.2/lib "gcc -I/home/lacum/.asdf/installs/ruby/3.2.2/include/ruby-3.2.0/x86_64-linux -I/home/lacum/.asdf/installs/ruby/3.2.2/include/ruby-3.2.0/ruby/backward -I/home/lacum/.asdf/installs/ruby/3.2.2/include/ruby-3.2.0 -I.    -O3 -fno-fast-math -ggdb3 -Wall -Wextra -Wdeprecated-declarations -Wdiv-by-zero -Wduplicated-cond -Wimplicit-function-declaration -Wimplicit-int -Wmisleading-indentation -Wpointer-arith -Wwrite-strings -Wold-style-definition -Wimplicit-fallthrough=0 -Wmissing-noreturn -Wno-cast-function-type -Wno-constant-logical-operand -Wno-long-long -Wno-missing-field-initializers -Wno-overlength-strings -Wno-packed-bitfield-compat -Wno-parentheses-equality -Wno-self-assign -Wno-tautological-compare -Wno-unused-parameter -Wno-unused-value -Wsuggest-attribute=format -Wsuggest-attribute=noreturn -Wunused-variable -Wundef  -fPIC -Wall -O3 -pedantic  -std=c99 -Werror -c conftest.c"
In file included from /home/lacum/.asdf/installs/ruby/3.2.2/include/ruby-3.2.0/ruby/ruby.h:15,
                 from /home/lacum/.asdf/installs/ruby/3.2.2/include/ruby-3.2.0/ruby.h:38,
                 from conftest.c:1:
/home/lacum/.asdf/installs/ruby/3.2.2/include/ruby-3.2.0/ruby/internal/config.h:139:50: error: ‘__VA_OPT__’ is not available until C23 [-Werror=pedantic]
  139 | # define RBIMPL_TEST2(...)          RBIMPL_TEST3(__VA_OPT__(,),1,0,0)
      |                                                  ^
In file included from /home/lacum/.asdf/installs/ruby/3.2.2/include/ruby-3.2.0/ruby/internal/xmalloc.h:34,
                 from /home/lacum/.asdf/installs/ruby/3.2.2/include/ruby-3.2.0/ruby/defines.h:71,
                 from /home/lacum/.asdf/installs/ruby/3.2.2/include/ruby-3.2.0/ruby/ruby.h:25:
/home/lacum/.asdf/installs/ruby/3.2.2/include/ruby-3.2.0/ruby/internal/attr/nodiscard.h:35:34: error: ISO C does not support ‘[[]]’ attributes before C23 [-Werror=pedantic]
   35 | # define RBIMPL_ATTR_NODISCARD() [[nodiscard]]
      |                                  ^
/home/lacum/.asdf/installs/ruby/3.2.2/include/ruby-3.2.0/ruby/internal/xmalloc.h:62:1: note: in expansion of macro ‘RBIMPL_ATTR_NODISCARD’
   62 | RBIMPL_ATTR_NODISCARD()
      | ^~~~~~~~~~~~~~~~~~~~~
/home/lacum/.asdf/installs/ruby/3.2.2/include/ruby-3.2.0/ruby/internal/attr/nodiscard.h:35:34: error: ISO C does not support ‘[[]]’ attributes before C23 [-Werror=pedantic]
   35 | # define RBIMPL_ATTR_NODISCARD() [[nodiscard]]
      |                                  ^
/home/lacum/.asdf/installs/ruby/3.2.2/include/ruby-3.2.0/ruby/internal/xmalloc.h:90:1: note: in expansion of macro ‘RBIMPL_ATTR_NODISCARD’
   90 | RBIMPL_ATTR_NODISCARD()
      | ^~~~~~~~~~~~~~~~~~~~~
/home/lacum/.asdf/installs/ruby/3.2.2/include/ruby-3.2.0/ruby/internal/attr/nodiscard.h:35:34: error: ISO C does not support ‘[[]]’ attributes before C23 [-Werror=pedantic]
   35 | # define RBIMPL_ATTR_NODISCARD() [[nodiscard]]
      |                                  ^
/home/lacum/.asdf/installs/ruby/3.2.2/include/ruby-3.2.0/ruby/internal/xmalloc.h:121:1: note: in expansion of macro ‘RBIMPL_ATTR_NODISCARD’
  121 | RBIMPL_ATTR_NODISCARD()
      | ^~~~~~~~~~~~~~~~~~~~~
/home/lacum/.asdf/installs/ruby/3.2.2/include/ruby-3.2.0/ruby/internal/attr/nodiscard.h:35:34: error: ISO C does not support ‘[[]]’ attributes before C23 [-Werror=pedantic]
   35 | # define RBIMPL_ATTR_NODISCARD() [[nodiscard]]
      |                                  ^
/home/lacum/.asdf/installs/ruby/3.2.2/include/ruby-3.2.0/ruby/internal/xmalloc.h:151:1: note: in expansion of macro ‘RBIMPL_ATTR_NODISCARD’
  151 | RBIMPL_ATTR_NODISCARD()
      | ^~~~~~~~~~~~~~~~~~~~~
/home/lacum/.asdf/installs/ruby/3.2.2/include/ruby-3.2.0/ruby/internal/attr/nodiscard.h:35:34: error: ISO C does not support ‘[[]]’ attributes before C23 [-Werror=pedantic]
   35 | # define RBIMPL_ATTR_NODISCARD() [[nodiscard]]
      |                                  ^
/home/lacum/.asdf/installs/ruby/3.2.2/include/ruby-3.2.0/ruby/internal/xmalloc.h:197:1: note: in expansion of macro ‘RBIMPL_ATTR_NODISCARD’
  197 | RBIMPL_ATTR_NODISCARD()
      | ^~~~~~~~~~~~~~~~~~~~~
In file included from /home/lacum/.asdf/installs/ruby/3.2.2/include/ruby-3.2.0/ruby/backward/2/attributes.h:38,
                 from /home/lacum/.asdf/installs/ruby/3.2.2/include/ruby-3.2.0/ruby/defines.h:73:
/home/lacum/.asdf/installs/ruby/3.2.2/include/ruby-3.2.0/ruby/internal/attr/maybe_unused.h:31:37: error: ISO C does not support ‘[[]]’ attributes before C23 [-Werror=pedantic]
   31 | # define RBIMPL_ATTR_MAYBE_UNUSED() [[maybe_unused]]
      |                                     ^
/home/lacum/.asdf/installs/ruby/3.2.2/include/ruby-3.2.0/ruby/internal/anyargs.h:249:38: note: in expansion of macro ‘RBIMPL_ATTR_MAYBE_UNUSED’
  249 | # define RBIMPL_ANYARGS_ATTRSET(sym) RBIMPL_ATTR_MAYBE_UNUSED() RBIMPL_ATTR_NONNULL(()) RBIMPL_ATTR_WEAKREF(sym)
      |                                      ^~~~~~~~~~~~~~~~~~~~~~~~
/home/lacum/.asdf/installs/ruby/3.2.2/include/ruby-3.2.0/ruby/internal/anyargs.h:251:1: note: in expansion of macro ‘RBIMPL_ANYARGS_ATTRSET’
  251 | RBIMPL_ANYARGS_ATTRSET(sym) static void sym ## _notimpl(__VA_ARGS__, VALUE(*)(int, const VALUE *, VALUE, VALUE), int); \
      | ^~~~~~~~~~~~~~~~~~~~~~
/home/lacum/.asdf/installs/ruby/3.2.2/include/ruby-3.2.0/ruby/internal/anyargs.h:271:1: note: in expansion of macro ‘RBIMPL_ANYARGS_DECL’
  271 | RBIMPL_ANYARGS_DECL(rb_define_singleton_method, VALUE, const char *)
      | ^~~~~~~~~~~~~~~~~~~
/home/lacum/.asdf/installs/ruby/3.2.2/include/ruby-3.2.0/ruby/internal/attr/maybe_unused.h:31:37: error: ISO C does not support ‘[[]]’ attributes before C23 [-Werror=pedantic]
   31 | # define RBIMPL_ATTR_MAYBE_UNUSED() [[maybe_unused]]
      |                                     ^
/home/lacum/.asdf/installs/ruby/3.2.2/include/ruby-3.2.0/ruby/internal/anyargs.h:249:38: note: in expansion of macro ‘RBIMPL_ATTR_MAYBE_UNUSED’
  249 | # define RBIMPL_ANYARGS_ATTRSET(sym) RBIMPL_ATTR_MAYBE_UNUSED() RBIMPL_ATTR_NONNULL(()) RBIMPL_ATTR_WEAKREF(sym)
      |                                      ^~~~~~~~~~~~~~~~~~~~~~~~
/home/lacum/.asdf/installs/ruby/3.2.2/include/ruby-3.2.0/ruby/internal/anyargs.h:252:1: note: in expansion of macro ‘RBIMPL_ANYARGS_ATTRSET’
  252 | RBIMPL_ANYARGS_ATTRSET(sym) static void sym ## _m3(__VA_ARGS__, VALUE(*)(ANYARGS), int); \
      | ^~~~~~~~~~~~~~~~~~~~~~
/home/lacum/.asdf/installs/ruby/3.2.2/include/ruby-3.2.0/ruby/internal/anyargs.h:271:1: note: in expansion of macro ‘RBIMPL_ANYARGS_DECL’
  271 | RBIMPL_ANYARGS_DECL(rb_define_singleton_method, VALUE, const char *)
      | ^~~~~~~~~~~~~~~~~~~
/home/lacum/.asdf/installs/ruby/3.2.2/include/ruby-3.2.0/ruby/internal/attr/maybe_unused.h:31:37: error: ISO C does not support ‘[[]]’ attributes before C23 [-Werror=pedantic]
   31 | # define RBIMPL_ATTR_MAYBE_UNUSED() [[maybe_unused]]
      |                                     ^
/home/lacum/.asdf/installs/ruby/3.2.2/include/ruby-3.2.0/ruby/internal/anyargs.h:249:38: note: in expansion of macro ‘RBIMPL_ATTR_MAYBE_UNUSED’
  249 | # define RBIMPL_ANYARGS_ATTRSET(sym) RBIMPL_ATTR_MAYBE_UNUSED() RBIMPL_ATTR_NONNULL(()) RBIMPL_ATTR_WEAKREF(sym)
      |                                      ^~~~~~~~~~~~~~~~~~~~~~~~
/home/lacum/.asdf/installs/ruby/3.2.2/include/ruby-3.2.0/ruby/internal/anyargs.h:253:1: note: in expansion of macro ‘RBIMPL_ANYARGS_ATTRSET’
  253 | RBIMPL_ANYARGS_ATTRSET(sym) static void sym ## _m2(__VA_ARGS__, VALUE(*)(VALUE, VALUE), int); \
      | ^~~~~~~~~~~~~~~~~~~~~~
/home/lacum/.asdf/installs/ruby/3.2.2/include/ruby-3.2.0/ruby/internal/anyargs.h:271:1: note: in expansion of macro ‘RBIMPL_ANYARGS_DECL’
  271 | RBIMPL_ANYARGS_DECL(rb_define_singleton_method, VALUE, const char *)
      | ^~~~~~~~~~~~~~~~~~~
/home/lacum/.asdf/installs/ruby/3.2.2/include/ruby-3.2.0/ruby/internal/attr/maybe_unused.h:31:37: error: ISO C does not support ‘[[]]’ attributes before C23 [-Werror=pedantic]
   31 | # define RBIMPL_ATTR_MAYBE_UNUSED() [[maybe_unused]]
      |                                     ^
/home/lacum/.asdf/installs/ruby/3.2.2/include/ruby-3.2.0/ruby/internal/anyargs.h:249:38: note: in expansion of macro ‘RBIMPL_ATTR_MAYBE_UNUSED’
  249 | # define RBIMPL_ANYARGS_ATTRSET(sym) RBIMPL_ATTR_MAYBE_UNUSED() RBIMPL_ATTR_NONNULL(()) RBIMPL_ATTR_WEAKREF(sym)
      |                                      ^~~~~~~~~~~~~~~~~~~~~~~~
/home/lacum/.asdf/installs/ruby/3.2.2/include/ruby-3.2.0/ruby/internal/anyargs.h:254:1: note: in expansion of macro ‘RBIMPL_ANYARGS_ATTRSET’
  254 | RBIMPL_ANYARGS_ATTRSET(sym) static void sym ## _m1(__VA_ARGS__, VALUE(*)(int, union { VALUE *x; const VALUE *y; } __attribute__((__transparent_union__)), VALUE), int); \
      | ^~~~~~~~~~~~~~~~~~~~~~
/home/lacum/.asdf/installs/ruby/3.2.2/include/ruby-3.2.0/ruby/internal/anyargs.h:271:1: note: in expansion of macro ‘RBIMPL_ANYARGS_DECL’
  271 | RBIMPL_ANYARGS_DECL(rb_define_singleton_method, VALUE, const char *)
      | ^~~~~~~~~~~~~~~~~~~
/home/lacum/.asdf/installs/ruby/3.2.2/include/ruby-3.2.0/ruby/internal/attr/maybe_unused.h:31:37: error: ISO C does not support ‘[[]]’ attributes before C23 [-Werror=pedantic]
   31 | # define RBIMPL_ATTR_MAYBE_UNUSED() [[maybe_unused]]
      |                                     ^
/home/lacum/.asdf/installs/ruby/3.2.2/include/ruby-3.2.0/ruby/internal/anyargs.h:249:38: note: in expansion of macro ‘RBIMPL_ATTR_MAYBE_UNUSED’
  249 | # define RBIMPL_ANYARGS_ATTRSET(sym) RBIMPL_ATTR_MAYBE_UNUSED() RBIMPL_ATTR_NONNULL(()) RBIMPL_ATTR_WEAKREF(sym)
      |                                      ^~~~~~~~~~~~~~~~~~~~~~~~
/home/lacum/.asdf/installs/ruby/3.2.2/include/ruby-3.2.0/ruby/internal/anyargs.h:255:1: note: in expansion of macro ‘RBIMPL_ANYARGS_ATTRSET’
  255 | RBIMPL_ANYARGS_ATTRSET(sym) static void sym ## _00(__VA_ARGS__, VALUE(*)(VALUE), int); \
      | ^~~~~~~~~~~~~~~~~~~~~~
/home/lacum/.asdf/installs/ruby/3.2.2/include/ruby-3.2.0/ruby/internal/anyargs.h:271:1: note: in expansion of macro ‘RBIMPL_ANYARGS_DECL’
  271 | RBIMPL_ANYARGS_DECL(rb_define_singleton_method, VALUE, const char *)
      | ^~~~~~~~~~~~~~~~~~~
/home/lacum/.asdf/installs/ruby/3.2.2/include/ruby-3.2.0/ruby/internal/attr/maybe_unused.h:31:37: error: ISO C does not support ‘[[]]’ attributes before C23 [-Werror=pedantic]
   31 | # define RBIMPL_ATTR_MAYBE_UNUSED() [[maybe_unused]]
      |                                     ^
/home/lacum/.asdf/installs/ruby/3.2.2/include/ruby-3.2.0/ruby/internal/anyargs.h:249:38: note: in expansion of macro ‘RBIMPL_ATTR_MAYBE_UNUSED’
  249 | # define RBIMPL_ANYARGS_ATTRSET(sym) RBIMPL_ATTR_MAYBE_UNUSED() RBIMPL_ATTR_NONNULL(()) RBIMPL_ATTR_WEAKREF(sym)
      |                                      ^~~~~~~~~~~~~~~~~~~~~~~~
/home/lacum/.asdf/installs/ruby/3.2.2/include/ruby-3.2.0/ruby/internal/anyargs.h:256:1: note: in expansion of macro ‘RBIMPL_ANYARGS_ATTRSET’
  256 | RBIMPL_ANYARGS_ATTRSET(sym) static void sym ## _01(__VA_ARGS__, VALUE(*)(VALUE, VALUE), int); \
      | ^~~~~~~~~~~~~~~~~~~~~~
/home/lacum/.asdf/installs/ruby/3.2.2/include/ruby-3.2.0/ruby/internal/anyargs.h:271:1: note: in expansion of macro ‘RBIMPL_ANYARGS_DECL’
  271 | RBIMPL_ANYARGS_DECL(rb_define_singleton_method, VALUE, const char *)
      | ^~~~~~~~~~~~~~~~~~~
/home/lacum/.asdf/installs/ruby/3.2.2/include/ruby-3.2.0/ruby/internal/attr/maybe_unused.h:31:37: error: ISO C does not support ‘[[]]’ attributes before C23 [-Werror=pedantic]
   31 | # define RBIMPL_ATTR_MAYBE_UNUSED() [[maybe_unused]]
      |                                     ^
/home/lacum/.asdf/installs/ruby/3.2.2/include/ruby-3.2.0/ruby/internal/anyargs.h:249:38: note: in expansion of macro ‘RBIMPL_ATTR_MAYBE_UNUSED’
  249 | # define RBIMPL_ANYARGS_ATTRSET(sym) RBIMPL_ATTR_MAYBE_UNUSED() RBIMPL_ATTR_NONNULL(()) RBIMPL_ATTR_WEAKREF(sym)
      |                                      ^~~~~~~~~~~~~~~~~~~~~~~~
/home/lacum/.asdf/installs/ruby/3.2.2/include/ruby-3.2.0/ruby/internal/anyargs.h:257:1: note: in expansion of macro ‘RBIMPL_ANYARGS_ATTRSET’
  257 | RBIMPL_ANYARGS_ATTRSET(sym) static void sym ## _02(__VA_ARGS__, VALUE(*)(VALUE, VALUE, VALUE), int); \
      | ^~~~~~~~~~~~~~~~~~~~~~
/home/lacum/.asdf/installs/ruby/3.2.2/include/ruby-3.2.0/ruby/internal/anyargs.h:271:1: note: in expansion of macro ‘RBIMPL_ANYARGS_DECL’
  271 | RBIMPL_ANYARGS_DECL(rb_define_singleton_method, VALUE, const char *)
      | ^~~~~~~~~~~~~~~~~~~
/home/lacum/.asdf/installs/ruby/3.2.2/include/ruby-3.2.0/ruby/internal/attr/maybe_unused.h:31:37: error: ISO C does not support ‘[[]]’ attributes before C23 [-Werror=pedantic]
   31 | # define RBIMPL_ATTR_MAYBE_UNUSED() [[maybe_unused]]
      |                                     ^
/home/lacum/.asdf/installs/ruby/3.2.2/include/ruby-3.2.0/ruby/internal/anyargs.h:249:38: note: in expansion of macro ‘RBIMPL_ATTR_MAYBE_UNUSED’
  249 | # define RBIMPL_ANYARGS_ATTRSET(sym) RBIMPL_ATTR_MAYBE_UNUSED() RBIMPL_ATTR_NONNULL(()) RBIMPL_ATTR_WEAKREF(sym)
      |                                      ^~~~~~~~~~~~~~~~~~~~~~~~
/home/lacum/.asdf/installs/ruby/3.2.2/include/ruby-3.2.0/ruby/internal/anyargs.h:258:1: note: in expansion of macro ‘RBIMPL_ANYARGS_ATTRSET’
  258 | RBIMPL_ANYARGS_ATTRSET(sym) static void sym ## _03(__VA_ARGS__, VALUE(*)(VALUE, VALUE, VALUE, VALUE), int); \
      | ^~~~~~~~~~~~~~~~~~~~~~
/home/lacum/.asdf/installs/ruby/3.2.2/include/ruby-3.2.0/ruby/internal/anyargs.h:271:1: note: in expansion of macro ‘RBIMPL_ANYARGS_DECL’
  271 | RBIMPL_ANYARGS_DECL(rb_define_singleton_method, VALUE, const char *)
      | ^~~~~~~~~~~~~~~~~~~
/home/lacum/.asdf/installs/ruby/3.2.2/include/ruby-3.2.0/ruby/internal/attr/maybe_unused.h:31:37: error: ISO C does not support ‘[[]]’ attributes before C23 [-Werror=pedantic]
   31 | # define RBIMPL_ATTR_MAYBE_UNUSED() [[maybe_unused]]
      |                                     ^
/home/lacum/.asdf/installs/ruby/3.2.2/include/ruby-3.2.0/ruby/internal/anyargs.h:249:38: note: in expansion of macro ‘RBIMPL_ATTR_MAYBE_UNUSED’
  249 | # define RBIMPL_ANYARGS_ATTRSET(sym) RBIMPL_ATTR_MAYBE_UNUSED() RBIMPL_ATTR_NONNULL(()) RBIMPL_ATTR_WEAKREF(sym)
      |                                      ^~~~~~~~~~~~~~~~~~~~~~~~
/home/lacum/.asdf/installs/ruby/3.2.2/include/ruby-3.2.0/ruby/internal/anyargs.h:259:1: note: in expansion of macro ‘RBIMPL_ANYARGS_ATTRSET’
  259 | RBIMPL_ANYARGS_ATTRSET(sym) static void sym ## _04(__VA_ARGS__, VALUE(*)(VALUE, VALUE, VALUE, VALUE, VALUE), int); \
      | ^~~~~~~~~~~~~~~~~~~~~~
/home/lacum/.asdf/installs/ruby/3.2.2/include/ruby-3.2.0/ruby/internal/anyargs.h:271:1: note: in expansion of macro ‘RBIMPL_ANYARGS_DECL’
  271 | RBIMPL_ANYARGS_DECL(rb_define_singleton_method, VALUE, const char *)
      | ^~~~~~~~~~~~~~~~~~~
/home/lacum/.asdf/installs/ruby/3.2.2/include/ruby-3.2.0/ruby/internal/attr/maybe_unused.h:31:37: error: ISO C does not support ‘[[]]’ attributes before C23 [-Werror=pedantic]
   31 | # define RBIMPL_ATTR_MAYBE_UNUSED() [[maybe_unused]]
      |                                     ^
/home/lacum/.asdf/installs/ruby/3.2.2/include/ruby-3.2.0/ruby/internal/anyargs.h:249:38: note: in expansion of macro ‘RBIMPL_ATTR_MAYBE_UNUSED’
  249 | # define RBIMPL_ANYARGS_ATTRSET(sym) RBIMPL_ATTR_MAYBE_UNUSED() RBIMPL_ATTR_NONNULL(()) RBIMPL_ATTR_WEAKREF(sym)
      |                                      ^~~~~~~~~~~~~~~~~~~~~~~~
/home/lacum/.asdf/installs/ruby/3.2.2/include/ruby-3.2.0/ruby/internal/anyargs.h:260:1: note: in expansion of macro ‘RBIMPL_ANYARGS_ATTRSET’
  260 | RBIMPL_ANYARGS_ATTRSET(sym) static void sym ## _05(__VA_ARGS__, VALUE(*)(VALUE, VALUE, VALUE, VALUE, VALUE, VALUE), int); \
      | ^~~~~~~~~~~~~~~~~~~~~~
/home/lacum/.asdf/installs/ruby/3.2.2/include/ruby-3.2.0/ruby/internal/anyargs.h:271:1: note: in expansion of macro ‘RBIMPL_ANYARGS_DECL’
  271 | RBIMPL_ANYARGS_DECL(rb_define_singleton_method, VALUE, const char *)
      | ^~~~~~~~~~~~~~~~~~~
/home/lacum/.asdf/installs/ruby/3.2.2/include/ruby-3.2.0/ruby/internal/attr/maybe_unused.h:31:37: error: ISO C does not support ‘[[]]’ attributes before C23 [-Werror=pedantic]
   31 | # define RBIMPL_ATTR_MAYBE_UNUSED() [[maybe_unused]]
      |                                     ^
/home/lacum/.asdf/installs/ruby/3.2.2/include/ruby-3.2.0/ruby/internal/anyargs.h:249:38: note: in expansion of macro ‘RBIMPL_ATTR_MAYBE_UNUSED’
  249 | # define RBIMPL_ANYARGS_ATTRSET(sym) RBIMPL_ATTR_MAYBE_UNUSED() RBIMPL_ATTR_NONNULL(()) RBIMPL_ATTR_WEAKREF(sym)
      |                                      ^~~~~~~~~~~~~~~~~~~~~~~~
/home/lacum/.asdf/installs/ruby/3.2.2/include/ruby-3.2.0/ruby/internal/anyargs.h:261:1: note: in expansion of macro ‘RBIMPL_ANYARGS_ATTRSET’
  261 | RBIMPL_ANYARGS_ATTRSET(sym) static void sym ## _06(__VA_ARGS__, VALUE(*)(VALUE, VALUE, VALUE, VALUE, VALUE, VALUE, VALUE), int); \
      | ^~~~~~~~~~~~~~~~~~~~~~
/home/lacum/.asdf/installs/ruby/3.2.2/include/ruby-3.2.0/ruby/internal/anyargs.h:271:1: note: in expansion of macro ‘RBIMPL_ANYARGS_DECL’
  271 | RBIMPL_ANYARGS_DECL(rb_define_singleton_method, VALUE, const char *)
      | ^~~~~~~~~~~~~~~~~~~
/home/lacum/.asdf/installs/ruby/3.2.2/include/ruby-3.2.0/ruby/internal/attr/maybe_unused.h:31:37: error: ISO C does not support ‘[[]]’ attributes before C23 [-Werror=pedantic]
   31 | # define RBIMPL_ATTR_MAYBE_UNUSED() [[maybe_unused]]
      |                                     ^
/home/lacum/.asdf/installs/ruby/3.2.2/include/ruby-3.2.0/ruby/internal/anyargs.h:249:38: note: in expansion of macro ‘RBIMPL_ATTR_MAYBE_UNUSED’
  249 | # define RBIMPL_ANYARGS_ATTRSET(sym) RBIMPL_ATTR_MAYBE_UNUSED() RBIMPL_ATTR_NONNULL(()) RBIMPL_ATTR_WEAKREF(sym)
      |                                      ^~~~~~~~~~~~~~~~~~~~~~~~
/home/lacum/.asdf/installs/ruby/3.2.2/include/ruby-3.2.0/ruby/internal/anyargs.h:262:1: note: in expansion of macro ‘RBIMPL_ANYARGS_ATTRSET’
  262 | RBIMPL_ANYARGS_ATTRSET(sym) static void sym ## _07(__VA_ARGS__, VALUE(*)(VALUE, VALUE, VALUE, VALUE, VALUE, VALUE, VALUE, VALUE), int); \
      | ^~~~~~~~~~~~~~~~~~~~~~
/home/lacum/.asdf/installs/ruby/3.2.2/include/ruby-3.2.0/ruby/internal/anyargs.h:271:1: note: in expansion of macro ‘RBIMPL_ANYARGS_DECL’
  271 | RBIMPL_ANYARGS_DECL(rb_define_singleton_method, VALUE, const char *)
      | ^~~~~~~~~~~~~~~~~~~
/home/lacum/.asdf/installs/ruby/3.2.2/include/ruby-3.2.0/ruby/internal/attr/maybe_unused.h:31:37: error: ISO C does not support ‘[[]]’ attributes before C23 [-Werror=pedantic]
   31 | # define RBIMPL_ATTR_MAYBE_UNUSED() [[maybe_unused]]
      |                                     ^
/home/lacum/.asdf/installs/ruby/3.2.2/include/ruby-3.2.0/ruby/internal/anyargs.h:249:38: note: in expansion of macro ‘RBIMPL_ATTR_MAYBE_UNUSED’
  249 | # define RBIMPL_ANYARGS_ATTRSET(sym) RBIMPL_ATTR_MAYBE_UNUSED() RBIMPL_ATTR_NONNULL(()) RBIMPL_ATTR_WEAKREF(sym)
      |                                      ^~~~~~~~~~~~~~~~~~~~~~~~
/home/lacum/.asdf/installs/ruby/3.2.2/include/ruby-3.2.0/ruby/internal/anyargs.h:263:1: note: in expansion of macro ‘RBIMPL_ANYARGS_ATTRSET’
  263 | RBIMPL_ANYARGS_ATTRSET(sym) static void sym ## _08(__VA_ARGS__, VALUE(*)(VALUE, VALUE, VALUE, VALUE, VALUE, VALUE, VALUE, VALUE, VALUE), int); \
      | ^~~~~~~~~~~~~~~~~~~~~~
/home/lacum/.asdf/installs/ruby/3.2.2/include/ruby-3.2.0/ruby/internal/anyargs.h:271:1: note: in expansion of macro ‘RBIMPL_ANYARGS_DECL’
  271 | RBIMPL_ANYARGS_DECL(rb_define_singleton_method, VALUE, const char *)
      | ^~~~~~~~~~~~~~~~~~~
/home/lacum/.asdf/installs/ruby/3.2.2/include/ruby-3.2.0/ruby/internal/attr/maybe_unused.h:31:37: error: ISO C does not support ‘[[]]’ attributes before C23 [-Werror=pedantic]
   31 | # define RBIMPL_ATTR_MAYBE_UNUSED() [[maybe_unused]]
      |                                     ^
/home/lacum/.asdf/installs/ruby/3.2.2/include/ruby-3.2.0/ruby/internal/anyargs.h:249:38: note: in expansion of macro ‘RBIMPL_ATTR_MAYBE_UNUSED’
  249 | # define RBIMPL_ANYARGS_ATTRSET(sym) RBIMPL_ATTR_MAYBE_UNUSED() RBIMPL_ATTR_NONNULL(()) RBIMPL_ATTR_WEAKREF(sym)
      |                                      ^~~~~~~~~~~~~~~~~~~~~~~~
/home/lacum/.asdf/installs/ruby/3.2.2/include/ruby-3.2.0/ruby/internal/anyargs.h:264:1: note: in expansion of macro ‘RBIMPL_ANYARGS_ATTRSET’
  264 | RBIMPL_ANYARGS_ATTRSET(sym) static void sym ## _09(__VA_ARGS__, VALUE(*)(VALUE, VALUE, VALUE, VALUE, VALUE, VALUE, VALUE, VALUE, VALUE, VALUE), int); \
      | ^~~~~~~~~~~~~~~~~~~~~~
/home/lacum/.asdf/installs/ruby/3.2.2/include/ruby-3.2.0/ruby/internal/anyargs.h:271:1: note: in expansion of macro ‘RBIMPL_ANYARGS_DECL’
  271 | RBIMPL_ANYARGS_DECL(rb_define_singleton_method, VALUE, const char *)
      | ^~~~~~~~~~~~~~~~~~~
/home/lacum/.asdf/installs/ruby/3.2.2/include/ruby-3.2.0/ruby/internal/attr/maybe_unused.h:31:37: error: ISO C does not support ‘[[]]’ attributes before C23 [-Werror=pedantic]
   31 | # define RBIMPL_ATTR_MAYBE_UNUSED() [[maybe_unused]]
      |                                     ^
/home/lacum/.asdf/installs/ruby/3.2.2/include/ruby-3.2.0/ruby/internal/anyargs.h:249:38: note: in expansion of macro ‘RBIMPL_ATTR_MAYBE_UNUSED’
  249 | # define RBIMPL_ANYARGS_ATTRSET(sym) RBIMPL_ATTR_MAYBE_UNUSED() RBIMPL_ATTR_NONNULL(()) RBIMPL_ATTR_WEAKREF(sym)
      |                                      ^~~~~~~~~~~~~~~~~~~~~~~~
/home/lacum/.asdf/installs/ruby/3.2.2/include/ruby-3.2.0/ruby/internal/anyargs.h:265:1: note: in expansion of macro ‘RBIMPL_ANYARGS_ATTRSET’
  265 | RBIMPL_ANYARGS_ATTRSET(sym) static void sym ## _10(__VA_ARGS__, VALUE(*)(VALUE, VALUE, VALUE, VALUE, VALUE, VALUE, VALUE, VALUE, VALUE, VALUE, VALUE), int); \
      | ^~~~~~~~~~~~~~~~~~~~~~
/home/lacum/.asdf/installs/ruby/3.2.2/include/ruby-3.2.0/ruby/internal/anyargs.h:271:1: note: in expansion of macro ‘RBIMPL_ANYARGS_DECL’
  271 | RBIMPL_ANYARGS_DECL(rb_define_singleton_method, VALUE, const char *)
      | ^~~~~~~~~~~~~~~~~~~
/home/lacum/.asdf/installs/ruby/3.2.2/include/ruby-3.2.0/ruby/internal/attr/maybe_unused.h:31:37: error: ISO C does not support ‘[[]]’ attributes before C23 [-Werror=pedantic]
   31 | # define RBIMPL_ATTR_MAYBE_UNUSED() [[maybe_unused]]
      |                                     ^
/home/lacum/.asdf/installs/ruby/3.2.2/include/ruby-3.2.0/ruby/internal/anyargs.h:249:38: note: in expansion of macro ‘RBIMPL_ATTR_MAYBE_UNUSED’
  249 | # define RBIMPL_ANYARGS_ATTRSET(sym) RBIMPL_ATTR_MAYBE_UNUSED() RBIMPL_ATTR_NONNULL(()) RBIMPL_ATTR_WEAKREF(sym)
      |                                      ^~~~~~~~~~~~~~~~~~~~~~~~
/home/lacum/.asdf/installs/ruby/3.2.2/include/ruby-3.2.0/ruby/internal/anyargs.h:266:1: note: in expansion of macro ‘RBIMPL_ANYARGS_ATTRSET’
  266 | RBIMPL_ANYARGS_ATTRSET(sym) static void sym ## _11(__VA_ARGS__, VALUE(*)(VALUE, VALUE, VALUE, VALUE, VALUE, VALUE, VALUE, VALUE, VALUE, VALUE, VALUE, VALUE), int); \
      | ^~~~~~~~~~~~~~~~~~~~~~
/home/lacum/.asdf/installs/ruby/3.2.2/include/ruby-3.2.0/ruby/internal/anyargs.h:271:1: note: in expansion of macro ‘RBIMPL_ANYARGS_DECL’
  271 | RBIMPL_ANYARGS_DECL(rb_define_singleton_method, VALUE, const char *)
      | ^~~~~~~~~~~~~~~~~~~
/home/lacum/.asdf/installs/ruby/3.2.2/include/ruby-3.2.0/ruby/internal/attr/maybe_unused.h:31:37: error: ISO C does not support ‘[[]]’ attributes before C23 [-Werror=pedantic]
   31 | # define RBIMPL_ATTR_MAYBE_UNUSED() [[maybe_unused]]
      |                                     ^
/home/lacum/.asdf/installs/ruby/3.2.2/include/ruby-3.2.0/ruby/internal/anyargs.h:249:38: note: in expansion of macro ‘RBIMPL_ATTR_MAYBE_UNUSED’
  249 | # define RBIMPL_ANYARGS_ATTRSET(sym) RBIMPL_ATTR_MAYBE_UNUSED() RBIMPL_ATTR_NONNULL(()) RBIMPL_ATTR_WEAKREF(sym)
      |                                      ^~~~~~~~~~~~~~~~~~~~~~~~
/home/lacum/.asdf/installs/ruby/3.2.2/include/ruby-3.2.0/ruby/internal/anyargs.h:267:1: note: in expansion of macro ‘RBIMPL_ANYARGS_ATTRSET’
  267 | RBIMPL_ANYARGS_ATTRSET(sym) static void sym ## _12(__VA_ARGS__, VALUE(*)(VALUE, VALUE, VALUE, VALUE, VALUE, VALUE, VALUE, VALUE, VALUE, VALUE, VALUE, VALUE, VALUE), int); \
      | ^~~~~~~~~~~~~~~~~~~~~~
/home/lacum/.asdf/installs/ruby/3.2.2/include/ruby-3.2.0/ruby/internal/anyargs.h:271:1: note: in expansion of macro ‘RBIMPL_ANYARGS_DECL’
  271 | RBIMPL_ANYARGS_DECL(rb_define_singleton_method, VALUE, const char *)
      | ^~~~~~~~~~~~~~~~~~~
/home/lacum/.asdf/installs/ruby/3.2.2/include/ruby-3.2.0/ruby/internal/attr/maybe_unused.h:31:37: error: ISO C does not support ‘[[]]’ attributes before C23 [-Werror=pedantic]
   31 | # define RBIMPL_ATTR_MAYBE_UNUSED() [[maybe_unused]]
      |                                     ^
/home/lacum/.asdf/installs/ruby/3.2.2/include/ruby-3.2.0/ruby/internal/anyargs.h:249:38: note: in expansion of macro ‘RBIMPL_ATTR_MAYBE_UNUSED’
  249 | # define RBIMPL_ANYARGS_ATTRSET(sym) RBIMPL_ATTR_MAYBE_UNUSED() RBIMPL_ATTR_NONNULL(()) RBIMPL_ATTR_WEAKREF(sym)
      |                                      ^~~~~~~~~~~~~~~~~~~~~~~~
/home/lacum/.asdf/installs/ruby/3.2.2/include/ruby-3.2.0/ruby/internal/anyargs.h:268:1: note: in expansion of macro ‘RBIMPL_ANYARGS_ATTRSET’
  268 | RBIMPL_ANYARGS_ATTRSET(sym) static void sym ## _13(__VA_ARGS__, VALUE(*)(VALUE, VALUE, VALUE, VALUE, VALUE, VALUE, VALUE, VALUE, VALUE, VALUE, VALUE, VALUE, VALUE, VALUE), int); \
      | ^~~~~~~~~~~~~~~~~~~~~~
/home/lacum/.asdf/installs/ruby/3.2.2/include/ruby-3.2.0/ruby/internal/anyargs.h:271:1: note: in expansion of macro ‘RBIMPL_ANYARGS_DECL’
  271 | RBIMPL_ANYARGS_DECL(rb_define_singleton_method, VALUE, const char *)
      | ^~~~~~~~~~~~~~~~~~~
/home/lacum/.asdf/installs/ruby/3.2.2/include/ruby-3.2.0/ruby/internal/attr/maybe_unused.h:31:37: error: ISO C does not support ‘[[]]’ attributes before C23 [-Werror=pedantic]
   31 | # define RBIMPL_ATTR_MAYBE_UNUSED() [[maybe_unused]]
      |                                     ^
/home/lacum/.asdf/installs/ruby/3.2.2/include/ruby-3.2.0/ruby/internal/anyargs.h:249:38: note: in expansion of macro ‘RBIMPL_ATTR_MAYBE_UNUSED’
  249 | # define RBIMPL_ANYARGS_ATTRSET(sym) RBIMPL_ATTR_MAYBE_UNUSED() RBIMPL_ATTR_NONNULL(()) RBIMPL_ATTR_WEAKREF(sym)
      |                                      ^~~~~~~~~~~~~~~~~~~~~~~~
/home/lacum/.asdf/installs/ruby/3.2.2/include/ruby-3.2.0/ruby/internal/anyargs.h:269:1: note: in expansion of macro ‘RBIMPL_ANYARGS_ATTRSET’
  269 | RBIMPL_ANYARGS_ATTRSET(sym) static void sym ## _14(__VA_ARGS__, VALUE(*)(VALUE, VALUE, VALUE, VALUE, VALUE, VALUE, VALUE, VALUE, VALUE, VALUE, VALUE, VALUE, VALUE, VALUE, VALUE), int); \
      | ^~~~~~~~~~~~~~~~~~~~~~
/home/lacum/.asdf/installs/ruby/3.2.2/include/ruby-3.2.0/ruby/internal/anyargs.h:271:1: note: in expansion of macro ‘RBIMPL_ANYARGS_DECL’
  271 | RBIMPL_ANYARGS_DECL(rb_define_singleton_method, VALUE, const char *)
      | ^~~~~~~~~~~~~~~~~~~
/home/lacum/.asdf/installs/ruby/3.2.2/include/ruby-3.2.0/ruby/internal/attr/maybe_unused.h:31:37: error: ISO C does not support ‘[[]]’ attributes before C23 [-Werror=pedantic]
   31 | # define RBIMPL_ATTR_MAYBE_UNUSED() [[maybe_unused]]
      |                                     ^
/home/lacum/.asdf/installs/ruby/3.2.2/include/ruby-3.2.0/ruby/internal/anyargs.h:249:38: note: in expansion of macro ‘RBIMPL_ATTR_MAYBE_UNUSED’
  249 | # define RBIMPL_ANYARGS_ATTRSET(sym) RBIMPL_ATTR_MAYBE_UNUSED() RBIMPL_ATTR_NONNULL(()) RBIMPL_ATTR_WEAKREF(sym)
      |                                      ^~~~~~~~~~~~~~~~~~~~~~~~
/home/lacum/.asdf/installs/ruby/3.2.2/include/ruby-3.2.0/ruby/internal/anyargs.h:270:1: note: in expansion of macro ‘RBIMPL_ANYARGS_ATTRSET’
  270 | RBIMPL_ANYARGS_ATTRSET(sym) static void sym ## _15(__VA_ARGS__, VALUE(*)(VALUE, VALUE, VALUE, VALUE, VALUE, VALUE, VALUE, VALUE, VALUE, VALUE, VALUE, VALUE, VALUE, VALUE, VALUE, VALUE), int);
      | ^~~~~~~~~~~~~~~~~~~~~~
/home/lacum/.asdf/installs/ruby/3.2.2/include/ruby-3.2.0/ruby/internal/anyargs.h:271:1: note: in expansion of macro ‘RBIMPL_ANYARGS_DECL’
  271 | RBIMPL_ANYARGS_DECL(rb_define_singleton_method, VALUE, const char *)
      | ^~~~~~~~~~~~~~~~~~~
/home/lacum/.asdf/installs/ruby/3.2.2/include/ruby-3.2.0/ruby/internal/attr/maybe_unused.h:31:37: error: ISO C does not support ‘[[]]’ attributes before C23 [-Werror=pedantic]
   31 | # define RBIMPL_ATTR_MAYBE_UNUSED() [[maybe_unused]]
      |                                     ^
/home/lacum/.asdf/installs/ruby/3.2.2/include/ruby-3.2.0/ruby/internal/anyargs.h:249:38: note: in expansion of macro ‘RBIMPL_ATTR_MAYBE_UNUSED’
  249 | # define RBIMPL_ANYARGS_ATTRSET(sym) RBIMPL_ATTR_MAYBE_UNUSED() RBIMPL_ATTR_NONNULL(()) RBIMPL_ATTR_WEAKREF(sym)
      |                                      ^~~~~~~~~~~~~~~~~~~~~~~~
/home/lacum/.asdf/installs/ruby/3.2.2/include/ruby-3.2.0/ruby/internal/anyargs.h:251:1: note: in expansion of macro ‘RBIMPL_ANYARGS_ATTRSET’
  251 | RBIMPL_ANYARGS_ATTRSET(sym) static void sym ## _notimpl(__VA_ARGS__, VALUE(*)(int, const VALUE *, VALUE, VALUE), int); \
      | ^~~~~~~~~~~~~~~~~~~~~~
/home/lacum/.asdf/installs/ruby/3.2.2/include/ruby-3.2.0/ruby/internal/anyargs.h:272:1: note: in expansion of macro ‘RBIMPL_ANYARGS_DECL’
  272 | RBIMPL_ANYARGS_DECL(rb_define_protected_method, VALUE, const char *)
      | ^~~~~~~~~~~~~~~~~~~
/home/lacum/.asdf/installs/ruby/3.2.2/include/ruby-3.2.0/ruby/internal/attr/maybe_unused.h:31:37: error: ISO C does not support ‘[[]]’ attributes before C23 [-Werror=pedantic]
   31 | # define RBIMPL_ATTR_MAYBE_UNUSED() [[maybe_unused]]
      |                                     ^
/home/lacum/.asdf/installs/ruby/3.2.2/include/ruby-3.2.0/ruby/internal/anyargs.h:249:38: note: in expansion of macro ‘RBIMPL_ATTR_MAYBE_UNUSED’
  249 | # define RBIMPL_ANYARGS_ATTRSET(sym) RBIMPL_ATTR_MAYBE_UNUSED() RBIMPL_ATTR_NONNULL(()) RBIMPL_ATTR_WEAKREF(sym)
      |                                      ^~~~~~~~~~~~~~~~~~~~~~~~
/home/lacum/.asdf/installs/ruby/3.2.2/include/ruby-3.2.0/ruby/internal/anyargs.h:252:1: note: in expansion of macro ‘RBIMPL_ANYARGS_ATTRSET’
  252 | RBIMPL_ANYARGS_ATTRSET(sym) static void sym ## _m3(__VA_ARGS__, VALUE(*)(ANYARGS), int); \
      | ^~~~~~~~~~~~~~~~~~~~~~
/home/lacum/.asdf/installs/ruby/3.2.2/include/ruby-3.2.0/ruby/internal/anyargs.h:272:1: note: in expansion of macro ‘RBIMPL_ANYARGS_DECL’
  272 | RBIMPL_ANYARGS_DECL(rb_define_protected_method, VALUE, const char *)
      | ^~~~~~~~~~~~~~~~~~~
/home/lacum/.asdf/installs/ruby/3.2.2/include/ruby-3.2.0/ruby/internal/attr/maybe_unused.h:31:37: error: ISO C does not support ‘[[]]’ attributes before C23 [-Werror=pedantic]
   31 | # define RBIMPL_ATTR_MAYBE_UNUSED() [[maybe_unused]]
      |                                     ^
/home/lacum/.asdf/installs/ruby/3.2.2/include/ruby-3.2.0/ruby/internal/anyargs.h:249:38: note: in expansion of macro ‘RBIMPL_ATTR_MAYBE_UNUSED’
  249 | # define RBIMPL_ANYARGS_ATTRSET(sym) RBIMPL_ATTR_MAYBE_UNUSED() RBIMPL_ATTR_NONNULL(()) RBIMPL_ATTR_WEAKREF(sym)
      |                                      ^~~~~~~~~~~~~~~~~~~~~~~~
/home/lacum/.asdf/installs/ruby/3.2.2/include/ruby-3.2.0/ruby/internal/anyargs.h:253:1: note: in expansion of macro ‘RBIMPL_ANYARGS_ATTRSET’
  253 | RBIMPL_ANYARGS_ATTRSET(sym) static void sym ## _m2(__VA_ARGS__, VALUE(*)(VALUE, VALUE), int); \
      | ^~~~~~~~~~~~~~~~~~~~~~
/home/lacum/.asdf/installs/ruby/3.2.2/include/ruby-3.2.0/ruby/internal/anyargs.h:272:1: note: in expansion of macro ‘RBIMPL_ANYARGS_DECL’
  272 | RBIMPL_ANYARGS_DECL(rb_define_protected_method, VALUE, const char *)
      | ^~~~~~~~~~~~~~~~~~~
/home/lacum/.asdf/installs/ruby/3.2.2/include/ruby-3.2.0/ruby/internal/attr/maybe_unused.h:31:37: error: ISO C does not support ‘[[]]’ attributes before C23 [-Werror=pedantic]
   31 | # define RBIMPL_ATTR_MAYBE_UNUSED() [[maybe_unused]]
      |                                     ^
/home/lacum/.asdf/installs/ruby/3.2.2/include/ruby-3.2.0/ruby/internal/anyargs.h:249:38: note: in expansion of macro ‘RBIMPL_ATTR_MAYBE_UNUSED’
  249 | # define RBIMPL_ANYARGS_ATTRSET(sym) RBIMPL_ATTR_MAYBE_UNUSED() RBIMPL_ATTR_NONNULL(()) RBIMPL_ATTR_WEAKREF(sym)
      |                                      ^~~~~~~~~~~~~~~~~~~~~~~~
/home/lacum/.asdf/installs/ruby/3.2.2/include/ruby-3.2.0/ruby/internal/anyargs.h:254:1: note: in expansion of macro ‘RBIMPL_ANYARGS_ATTRSET’
  254 | RBIMPL_ANYARGS_ATTRSET(sym) static void sym ## _m1(__VA_ARGS__, VALUE(*)(int, union { VALUE *x; const VALUE *y; } __attribute__((__transparent_union__)), VALUE), int); \
      | ^~~~~~~~~~~~~~~~~~~~~~
/home/lacum/.asdf/installs/ruby/3.2.2/include/ruby-3.2.0/ruby/internal/anyargs.h:272:1: note: in expansion of macro ‘RBIMPL_ANYARGS_DECL’
  272 | RBIMPL_ANYARGS_DECL(rb_define_protected_method, VALUE, const char *)
      | ^~~~~~~~~~~~~~~~~~~
/home/lacum/.asdf/installs/ruby/3.2.2/include/ruby-3.2.0/ruby/internal/attr/maybe_unused.h:31:37: error: ISO C does not support ‘[[]]’ attributes before C23 [-Werror=pedantic]
   31 | # define RBIMPL_ATTR_MAYBE_UNUSED() [[maybe_unused]]
      |                                     ^
/home/lacum/.asdf/installs/ruby/3.2.2/include/ruby-3.2.0/ruby/internal/anyargs.h:249:38: note: in expansion of macro ‘RBIMPL_ATTR_MAYBE_UNUSED’
  249 | # define RBIMPL_ANYARGS_ATTRSET(sym) RBIMPL_ATTR_MAYBE_UNUSED() RBIMPL_ATTR_NONNULL(()) RBIMPL_ATTR_WEAKREF(sym)
      |                                      ^~~~~~~~~~~~~~~~~~~~~~~~
/home/lacum/.asdf/installs/ruby/3.2.2/include/ruby-3.2.0/ruby/internal/anyargs.h:255:1: note: in expansion of macro ‘RBIMPL_ANYARGS_ATTRSET’
  255 | RBIMPL_ANYARGS_ATTRSET(sym) static void sym ## _00(__VA_ARGS__, VALUE(*)(VALUE), int); \
      | ^~~~~~~~~~~~~~~~~~~~~~
/home/lacum/.asdf/installs/ruby/3.2.2/include/ruby-3.2.0/ruby/internal/anyargs.h:272:1: note: in expansion of macro ‘RBIMPL_ANYARGS_DECL’
  272 | RBIMPL_ANYARGS_DECL(rb_define_protected_method, VALUE, const char *)
      | ^~~~~~~~~~~~~~~~~~~
/home/lacum/.asdf/installs/ruby/3.2.2/include/ruby-3.2.0/ruby/internal/attr/maybe_unused.h:31:37: error: ISO C does not support ‘[[]]’ attributes before C23 [-Werror=pedantic]
   31 | # define RBIMPL_ATTR_MAYBE_UNUSED() [[maybe_unused]]
      |                                     ^
/home/lacum/.asdf/installs/ruby/3.2.2/include/ruby-3.2.0/ruby/internal/anyargs.h:249:38: note: in expansion of macro ‘RBIMPL_ATTR_MAYBE_UNUSED’
  249 | # define RBIMPL_ANYARGS_ATTRSET(sym) RBIMPL_ATTR_MAYBE_UNUSED() RBIMPL_ATTR_NONNULL(()) RBIMPL_ATTR_WEAKREF(sym)
      |                                      ^~~~~~~~~~~~~~~~~~~~~~~~
/home/lacum/.asdf/installs/ruby/3.2.2/include/ruby-3.2.0/ruby/internal/anyargs.h:256:1: note: in expansion of macro ‘RBIMPL_ANYARGS_ATTRSET’
  256 | RBIMPL_ANYARGS_ATTRSET(sym) static void sym ## _01(__VA_ARGS__, VALUE(*)(VALUE, VALUE), int); \
      | ^~~~~~~~~~~~~~~~~~~~~~
/home/lacum/.asdf/installs/ruby/3.2.2/include/ruby-3.2.0/ruby/internal/anyargs.h:272:1: note: in expansion of macro ‘RBIMPL_ANYARGS_DECL’
  272 | RBIMPL_ANYARGS_DECL(rb_define_protected_method, VALUE, const char *)
      | ^~~~~~~~~~~~~~~~~~~
/home/lacum/.asdf/installs/ruby/3.2.2/include/ruby-3.2.0/ruby/internal/attr/maybe_unused.h:31:37: error: ISO C does not support ‘[[]]’ attributes before C23 [-Werror=pedantic]
   31 | # define RBIMPL_ATTR_MAYBE_UNUSED() [[maybe_unused]]
      |                                     ^
/home/lacum/.asdf/installs/ruby/3.2.2/include/ruby-3.2.0/ruby/internal/anyargs.h:249:38: note: in expansion of macro ‘RBIMPL_ATTR_MAYBE_UNUSED’
  249 | # define RBIMPL_ANYARGS_ATTRSET(sym) RBIMPL_ATTR_MAYBE_UNUSED() RBIMPL_ATTR_NONNULL(()) RBIMPL_ATTR_WEAKREF(sym)
      |                                      ^~~~~~~~~~~~~~~~~~~~~~~~
/home/lacum/.asdf/installs/ruby/3.2.2/include/ruby-3.2.0/ruby/internal/anyargs.h:257:1: note: in expansion of macro ‘RBIMPL_ANYARGS_ATTRSET’
  257 | RBIMPL_ANYARGS_ATTRSET(sym) static void sym ## _02(__VA_ARGS__, VALUE(*)(VALUE, VALUE, VALUE), int); \
      | ^~~~~~~~~~~~~~~~~~~~~~
/home/lacum/.asdf/installs/ruby/3.2.2/include/ruby-3.2.0/ruby/internal/anyargs.h:272:1: note: in expansion of macro ‘RBIMPL_ANYARGS_DECL’
  272 | RBIMPL_ANYARGS_DECL(rb_define_protected_method, VALUE, const char *)
      | ^~~~~~~~~~~~~~~~~~~
/home/lacum/.asdf/installs/ruby/3.2.2/include/ruby-3.2.0/ruby/internal/attr/maybe_unused.h:31:37: error: ISO C does not support ‘[[]]’ attributes before C23 [-Werror=pedantic]
   31 | # define RBIMPL_ATTR_MAYBE_UNUSED() [[maybe_unused]]
      |                                     ^
/home/lacum/.asdf/installs/ruby/3.2.2/include/ruby-3.2.0/ruby/internal/anyargs.h:249:38: note: in expansion of macro ‘RBIMPL_ATTR_MAYBE_UNUSED’
  249 | # define RBIMPL_ANYARGS_ATTRSET(sym) RBIMPL_ATTR_MAYBE_UNUSED() RBIMPL_ATTR_NONNULL(()) RBIMPL_ATTR_WEAKREF(sym)
      |                                      ^~~~~~~~~~~~~~~~~~~~~~~~
/home/lacum/.asdf/installs/ruby/3.2.2/include/ruby-3.2.0/ruby/internal/anyargs.h:258:1: note: in expansion of macro ‘RBIMPL_ANYARGS_ATTRSET’
  258 | RBIMPL_ANYARGS_ATTRSET(sym) static void sym ## _03(__VA_ARGS__, VALUE(*)(VALUE, VALUE, VALUE, VALUE), int); \
      | ^~~~~~~~~~~~~~~~~~~~~~
/home/lacum/.asdf/installs/ruby/3.2.2/include/ruby-3.2.0/ruby/internal/anyargs.h:272:1: note: in expansion of macro ‘RBIMPL_ANYARGS_DECL’
  272 | RBIMPL_ANYARGS_DECL(rb_define_protected_method, VALUE, const char *)
      | ^~~~~~~~~~~~~~~~~~~
/home/lacum/.asdf/installs/ruby/3.2.2/include/ruby-3.2.0/ruby/internal/attr/maybe_unused.h:31:37: error: ISO C does not support ‘[[]]’ attributes before C23 [-Werror=pedantic]
   31 | # define RBIMPL_ATTR_MAYBE_UNUSED() [[maybe_unused]]
      |                                     ^
/home/lacum/.asdf/installs/ruby/3.2.2/include/ruby-3.2.0/ruby/internal/anyargs.h:249:38: note: in expansion of macro ‘RBIMPL_ATTR_MAYBE_UNUSED’
  249 | # define RBIMPL_ANYARGS_ATTRSET(sym) RBIMPL_ATTR_MAYBE_UNUSED() RBIMPL_ATTR_NONNULL(()) RBIMPL_ATTR_WEAKREF(sym)
      |                                      ^~~~~~~~~~~~~~~~~~~~~~~~
/home/lacum/.asdf/installs/ruby/3.2.2/include/ruby-3.2.0/ruby/internal/anyargs.h:259:1: note: in expansion of macro ‘RBIMPL_ANYARGS_ATTRSET’
  259 | RBIMPL_ANYARGS_ATTRSET(sym) static void sym ## _04(__VA_ARGS__, VALUE(*)(VALUE, VALUE, VALUE, VALUE, VALUE), int); \
      | ^~~~~~~~~~~~~~~~~~~~~~
/home/lacum/.asdf/installs/ruby/3.2.2/include/ruby-3.2.0/ruby/internal/anyargs.h:272:1: note: in expansion of macro ‘RBIMPL_ANYARGS_DECL’
  272 | RBIMPL_ANYARGS_DECL(rb_define_protected_method, VALUE, const char *)
      | ^~~~~~~~~~~~~~~~~~~
/home/lacum/.asdf/installs/ruby/3.2.2/include/ruby-3.2.0/ruby/internal/attr/maybe_unused.h:31:37: error: ISO C does not support ‘[[]]’ attributes before C23 [-Werror=pedantic]
   31 | # define RBIMPL_ATTR_MAYBE_UNUSED() [[maybe_unused]]
      |                                     ^
/home/lacum/.asdf/installs/ruby/3.2.2/include/ruby-3.2.0/ruby/internal/anyargs.h:249:38: note: in expansion of macro ‘RBIMPL_ATTR_MAYBE_UNUSED’
  249 | # define RBIMPL_ANYARGS_ATTRSET(sym) RBIMPL_ATTR_MAYBE_UNUSED() RBIMPL_ATTR_NONNULL(()) RBIMPL_ATTR_WEAKREF(sym)
      |                                      ^~~~~~~~~~~~~~~~~~~~~~~~
/home/lacum/.asdf/installs/ruby/3.2.2/include/ruby-3.2.0/ruby/internal/anyargs.h:260:1: note: in expansion of macro ‘RBIMPL_ANYARGS_ATTRSET’
  260 | RBIMPL_ANYARGS_ATTRSET(sym) static void sym ## _05(__VA_ARGS__, VALUE(*)(VALUE, VALUE, VALUE, VALUE, VALUE, VALUE), int); \
      | ^~~~~~~~~~~~~~~~~~~~~~
/home/lacum/.asdf/installs/ruby/3.2.2/include/ruby-3.2.0/ruby/internal/anyargs.h:272:1: note: in expansion of macro ‘RBIMPL_ANYARGS_DECL’
  272 | RBIMPL_ANYARGS_DECL(rb_define_protected_method, VALUE, const char *)
      | ^~~~~~~~~~~~~~~~~~~
/home/lacum/.asdf/installs/ruby/3.2.2/include/ruby-3.2.0/ruby/internal/attr/maybe_unused.h:31:37: error: ISO C does not support ‘[[]]’ attributes before C23 [-Werror=pedantic]
   31 | # define RBIMPL_ATTR_MAYBE_UNUSED() [[maybe_unused]]
      |                                     ^
/home/lacum/.asdf/installs/ruby/3.2.2/include/ruby-3.2.0/ruby/internal/anyargs.h:249:38: note: in expansion of macro ‘RBIMPL_ATTR_MAYBE_UNUSED’
  249 | # define RBIMPL_ANYARGS_ATTRSET(sym) RBIMPL_ATTR_MAYBE_UNUSED() RBIMPL_ATTR_NONNULL(()) RBIMPL_ATTR_WEAKREF(sym)
      |                                      ^~~~~~~~~~~~~~~~~~~~~~~~
/home/lacum/.asdf/installs/ruby/3.2.2/include/ruby-3.2.0/ruby/internal/anyargs.h:261:1: note: in expansion of macro ‘RBIMPL_ANYARGS_ATTRSET’
  261 | RBIMPL_ANYARGS_ATTRSET(sym) static void sym ## _06(__VA_ARGS__, VALUE(*)(VALUE, VALUE, VALUE, VALUE, VALUE, VALUE, VALUE), int); \
      | ^~~~~~~~~~~~~~~~~~~~~~
/home/lacum/.asdf/installs/ruby/3.2.2/include/ruby-3.2.0/ruby/internal/anyargs.h:272:1: note: in expansion of macro ‘RBIMPL_ANYARGS_DECL’
  272 | RBIMPL_ANYARGS_DECL(rb_define_protected_method, VALUE, const char *)
      | ^~~~~~~~~~~~~~~~~~~
/home/lacum/.asdf/installs/ruby/3.2.2/include/ruby-3.2.0/ruby/internal/attr/maybe_unused.h:31:37: error: ISO C does not support ‘[[]]’ attributes before C23 [-Werror=pedantic]
   31 | # define RBIMPL_ATTR_MAYBE_UNUSED() [[maybe_unused]]
      |                                     ^
/home/lacum/.asdf/installs/ruby/3.2.2/include/ruby-3.2.0/ruby/internal/anyargs.h:249:38: note: in expansion of macro ‘RBIMPL_ATTR_MAYBE_UNUSED’
  249 | # define RBIMPL_ANYARGS_ATTRSET(sym) RBIMPL_ATTR_MAYBE_UNUSED() RBIMPL_ATTR_NONNULL(()) RBIMPL_ATTR_WEAKREF(sym)
      |                                      ^~~~~~~~~~~~~~~~~~~~~~~~
/home/lacum/.asdf/installs/ruby/3.2.2/include/ruby-3.2.0/ruby/internal/anyargs.h:262:1: note: in expansion of macro ‘RBIMPL_ANYARGS_ATTRSET’
  262 | RBIMPL_ANYARGS_ATTRSET(sym) static void sym ## _07(__VA_ARGS__, VALUE(*)(VALUE, VALUE, VALUE, VALUE, VALUE, VALUE, VALUE, VALUE), int); \
      | ^~~~~~~~~~~~~~~~~~~~~~
/home/lacum/.asdf/installs/ruby/3.2.2/include/ruby-3.2.0/ruby/internal/anyargs.h:272:1: note: in expansion of macro ‘RBIMPL_ANYARGS_DECL’
  272 | RBIMPL_ANYARGS_DECL(rb_define_protected_method, VALUE, const char *)
      | ^~~~~~~~~~~~~~~~~~~
/home/lacum/.asdf/installs/ruby/3.2.2/include/ruby-3.2.0/ruby/internal/attr/maybe_unused.h:31:37: error: ISO C does not support ‘[[]]’ attributes before C23 [-Werror=pedantic]
   31 | # define RBIMPL_ATTR_MAYBE_UNUSED() [[maybe_unused]]
      |                                     ^
/home/lacum/.asdf/installs/ruby/3.2.2/include/ruby-3.2.0/ruby/internal/anyargs.h:249:38: note: in expansion of macro ‘RBIMPL_ATTR_MAYBE_UNUSED’
  249 | # define RBIMPL_ANYARGS_ATTRSET(sym) RBIMPL_ATTR_MAYBE_UNUSED() RBIMPL_ATTR_NONNULL(()) RBIMPL_ATTR_WEAKREF(sym)
      |                                      ^~~~~~~~~~~~~~~~~~~~~~~~
/home/lacum/.asdf/installs/ruby/3.2.2/include/ruby-3.2.0/ruby/internal/anyargs.h:263:1: note: in expansion of macro ‘RBIMPL_ANYARGS_ATTRSET’
  263 | RBIMPL_ANYARGS_ATTRSET(sym) static void sym ## _08(__VA_ARGS__, VALUE(*)(VALUE, VALUE, VALUE, VALUE, VALUE, VALUE, VALUE, VALUE, VALUE), int); \
      | ^~~~~~~~~~~~~~~~~~~~~~
/home/lacum/.asdf/installs/ruby/3.2.2/include/ruby-3.2.0/ruby/internal/anyargs.h:272:1: note: in expansion of macro ‘RBIMPL_ANYARGS_DECL’
  272 | RBIMPL_ANYARGS_DECL(rb_define_protected_method, VALUE, const char *)
      | ^~~~~~~~~~~~~~~~~~~
/home/lacum/.asdf/installs/ruby/3.2.2/include/ruby-3.2.0/ruby/internal/attr/maybe_unused.h:31:37: error: ISO C does not support ‘[[]]’ attributes before C23 [-Werror=pedantic]
   31 | # define RBIMPL_ATTR_MAYBE_UNUSED() [[maybe_unused]]
      |                                     ^
/home/lacum/.asdf/installs/ruby/3.2.2/include/ruby-3.2.0/ruby/internal/anyargs.h:249:38: note: in expansion of macro ‘RBIMPL_ATTR_MAYBE_UNUSED’
  249 | # define RBIMPL_ANYARGS_ATTRSET(sym) RBIMPL_ATTR_MAYBE_UNUSED() RBIMPL_ATTR_NONNULL(()) RBIMPL_ATTR_WEAKREF(sym)
      |                                      ^~~~~~~~~~~~~~~~~~~~~~~~
/home/lacum/.asdf/installs/ruby/3.2.2/include/ruby-3.2.0/ruby/internal/anyargs.h:264:1: note: in expansion of macro ‘RBIMPL_ANYARGS_ATTRSET’
  264 | RBIMPL_ANYARGS_ATTRSET(sym) static void sym ## _09(__VA_ARGS__, VALUE(*)(VALUE, VALUE, VALUE, VALUE, VALUE, VALUE, VALUE, VALUE, VALUE, VALUE), int); \
      | ^~~~~~~~~~~~~~~~~~~~~~
/home/lacum/.asdf/installs/ruby/3.2.2/include/ruby-3.2.0/ruby/internal/anyargs.h:272:1: note: in expansion of macro ‘RBIMPL_ANYARGS_DECL’
  272 | RBIMPL_ANYARGS_DECL(rb_define_protected_method, VALUE, const char *)
      | ^~~~~~~~~~~~~~~~~~~
/home/lacum/.asdf/installs/ruby/3.2.2/include/ruby-3.2.0/ruby/internal/attr/maybe_unused.h:31:37: error: ISO C does not support ‘[[]]’ attributes before C23 [-Werror=pedantic]
   31 | # define RBIMPL_ATTR_MAYBE_UNUSED() [[maybe_unused]]
      |                                     ^
/home/lacum/.asdf/installs/ruby/3.2.2/include/ruby-3.2.0/ruby/internal/anyargs.h:249:38: note: in expansion of macro ‘RBIMPL_ATTR_MAYBE_UNUSED’
  249 | # define RBIMPL_ANYARGS_ATTRSET(sym) RBIMPL_ATTR_MAYBE_UNUSED() RBIMPL_ATTR_NONNULL(()) RBIMPL_ATTR_WEAKREF(sym)
      |                                      ^~~~~~~~~~~~~~~~~~~~~~~~
/home/lacum/.asdf/installs/ruby/3.2.2/include/ruby-3.2.0/ruby/internal/anyargs.h:265:1: note: in expansion of macro ‘RBIMPL_ANYARGS_ATTRSET’
  265 | RBIMPL_ANYARGS_ATTRSET(sym) static void sym ## _10(__VA_ARGS__, VALUE(*)(VALUE, VALUE, VALUE, VALUE, VALUE, VALUE, VALUE, VALUE, VALUE, VALUE, VALUE), int); \
      | ^~~~~~~~~~~~~~~~~~~~~~
/home/lacum/.asdf/installs/ruby/3.2.2/include/ruby-3.2.0/ruby/internal/anyargs.h:272:1: note: in expansion of macro ‘RBIMPL_ANYARGS_DECL’
  272 | RBIMPL_ANYARGS_DECL(rb_define_protected_method, VALUE, const char *)
      | ^~~~~~~~~~~~~~~~~~~
/home/lacum/.asdf/installs/ruby/3.2.2/include/ruby-3.2.0/ruby/internal/attr/maybe_unused.h:31:37: error: ISO C does not support ‘[[]]’ attributes before C23 [-Werror=pedantic]
   31 | # define RBIMPL_ATTR_MAYBE_UNUSED() [[maybe_unused]]
      |                                     ^
/home/lacum/.asdf/installs/ruby/3.2.2/include/ruby-3.2.0/ruby/internal/anyargs.h:249:38: note: in expansion of macro ‘RBIMPL_ATTR_MAYBE_UNUSED’
  249 | # define RBIMPL_ANYARGS_ATTRSET(sym) RBIMPL_ATTR_MAYBE_UNUSED() RBIMPL_ATTR_NONNULL(()) RBIMPL_ATTR_WEAKREF(sym)
      |                                      ^~~~~~~~~~~~~~~~~~~~~~~~
/home/lacum/.asdf/installs/ruby/3.2.2/include/ruby-3.2.0/ruby/internal/anyargs.h:266:1: note: in expansion of macro ‘RBIMPL_ANYARGS_ATTRSET’
  266 | RBIMPL_ANYARGS_ATTRSET(sym) static void sym ## _11(__VA_ARGS__, VALUE(*)(VALUE, VALUE, VALUE, VALUE, VALUE, VALUE, VALUE, VALUE, VALUE, VALUE, VALUE, VALUE), int); \
      | ^~~~~~~~~~~~~~~~~~~~~~
/home/lacum/.asdf/installs/ruby/3.2.2/include/ruby-3.2.0/ruby/internal/anyargs.h:272:1: note: in expansion of macro ‘RBIMPL_ANYARGS_DECL’
  272 | RBIMPL_ANYARGS_DECL(rb_define_protected_method, VALUE, const char *)
      | ^~~~~~~~~~~~~~~~~~~
/home/lacum/.asdf/installs/ruby/3.2.2/include/ruby-3.2.0/ruby/internal/attr/maybe_unused.h:31:37: error: ISO C does not support ‘[[]]’ attributes before C23 [-Werror=pedantic]
   31 | # define RBIMPL_ATTR_MAYBE_UNUSED() [[maybe_unused]]
      |                                     ^
/home/lacum/.asdf/installs/ruby/3.2.2/include/ruby-3.2.0/ruby/internal/anyargs.h:249:38: note: in expansion of macro ‘RBIMPL_ATTR_MAYBE_UNUSED’
  249 | # define RBIMPL_ANYARGS_ATTRSET(sym) RBIMPL_ATTR_MAYBE_UNUSED() RBIMPL_ATTR_NONNULL(()) RBIMPL_ATTR_WEAKREF(sym)
      |                                      ^~~~~~~~~~~~~~~~~~~~~~~~
/home/lacum/.asdf/installs/ruby/3.2.2/include/ruby-3.2.0/ruby/internal/anyargs.h:267:1: note: in expansion of macro ‘RBIMPL_ANYARGS_ATTRSET’
  267 | RBIMPL_ANYARGS_ATTRSET(sym) static void sym ## _12(__VA_ARGS__, VALUE(*)(VALUE, VALUE, VALUE, VALUE, VALUE, VALUE, VALUE, VALUE, VALUE, VALUE, VALUE, VALUE, VALUE), int); \
      | ^~~~~~~~~~~~~~~~~~~~~~
/home/lacum/.asdf/installs/ruby/3.2.2/include/ruby-3.2.0/ruby/internal/anyargs.h:272:1: note: in expansion of macro ‘RBIMPL_ANYARGS_DECL’
  272 | RBIMPL_ANYARGS_DECL(rb_define_protected_method, VALUE, const char *)
      | ^~~~~~~~~~~~~~~~~~~
/home/lacum/.asdf/installs/ruby/3.2.2/include/ruby-3.2.0/ruby/internal/attr/maybe_unused.h:31:37: error: ISO C does not support ‘[[]]’ attributes before C23 [-Werror=pedantic]
   31 | # define RBIMPL_ATTR_MAYBE_UNUSED() [[maybe_unused]]
      |                                     ^
/home/lacum/.asdf/installs/ruby/3.2.2/include/ruby-3.2.0/ruby/internal/anyargs.h:249:38: note: in expansion of macro ‘RBIMPL_ATTR_MAYBE_UNUSED’
  249 | # define RBIMPL_ANYARGS_ATTRSET(sym) RBIMPL_ATTR_MAYBE_UNUSED() RBIMPL_ATTR_NONNULL(()) RBIMPL_ATTR_WEAKREF(sym)
      |                                      ^~~~~~~~~~~~~~~~~~~~~~~~
/home/lacum/.asdf/installs/ruby/3.2.2/include/ruby-3.2.0/ruby/internal/anyargs.h:268:1: note: in expansion of macro ‘RBIMPL_ANYARGS_ATTRSET’
  268 | RBIMPL_ANYARGS_ATTRSET(sym) static void sym ## _13(__VA_ARGS__, VALUE(*)(VALUE, VALUE, VALUE, VALUE, VALUE, VALUE, VALUE, VALUE, VALUE, VALUE, VALUE, VALUE, VALUE, VALUE), int); \
      | ^~~~~~~~~~~~~~~~~~~~~~
/home/lacum/.asdf/installs/ruby/3.2.2/include/ruby-3.2.0/ruby/internal/anyargs.h:272:1: note: in expansion of macro ‘RBIMPL_ANYARGS_DECL’
  272 | RBIMPL_ANYARGS_DECL(rb_define_protected_method, VALUE, const char *)
      | ^~~~~~~~~~~~~~~~~~~
/home/lacum/.asdf/installs/ruby/3.2.2/include/ruby-3.2.0/ruby/internal/attr/maybe_unused.h:31:37: error: ISO C does not support ‘[[]]’ attributes before C23 [-Werror=pedantic]
   31 | # define RBIMPL_ATTR_MAYBE_UNUSED() [[maybe_unused]]
      |                                     ^
/home/lacum/.asdf/installs/ruby/3.2.2/include/ruby-3.2.0/ruby/internal/anyargs.h:249:38: note: in expansion of macro ‘RBIMPL_ATTR_MAYBE_UNUSED’
  249 | # define RBIMPL_ANYARGS_ATTRSET(sym) RBIMPL_ATTR_MAYBE_UNUSED() RBIMPL_ATTR_NONNULL(()) RBIMPL_ATTR_WEAKREF(sym)
      |                                      ^~~~~~~~~~~~~~~~~~~~~~~~
/home/lacum/.asdf/installs/ruby/3.2.2/include/ruby-3.2.0/ruby/internal/anyargs.h:269:1: note: in expansion of macro ‘RBIMPL_ANYARGS_ATTRSET’
  269 | RBIMPL_ANYARGS_ATTRSET(sym) static void sym ## _14(__VA_ARGS__, VALUE(*)(VALUE, VALUE, VALUE, VALUE, VALUE, VALUE, VALUE, VALUE, VALUE, VALUE, VALUE, VALUE, VALUE, VALUE, VALUE), int); \
      | ^~~~~~~~~~~~~~~~~~~~~~
/home/lacum/.asdf/installs/ruby/3.2.2/include/ruby-3.2.0/ruby/internal/anyargs.h:272:1: note: in expansion of macro ‘RBIMPL_ANYARGS_DECL’
  272 | RBIMPL_ANYARGS_DECL(rb_define_protected_method, VALUE, const char *)
      | ^~~~~~~~~~~~~~~~~~~
/home/lacum/.asdf/installs/ruby/3.2.2/include/ruby-3.2.0/ruby/internal/attr/maybe_unused.h:31:37: error: ISO C does not support ‘[[]]’ attributes before C23 [-Werror=pedantic]
   31 | # define RBIMPL_ATTR_MAYBE_UNUSED() [[maybe_unused]]
      |                                     ^
/home/lacum/.asdf/installs/ruby/3.2.2/include/ruby-3.2.0/ruby/internal/anyargs.h:249:38: note: in expansion of macro ‘RBIMPL_ATTR_MAYBE_UNUSED’
  249 | # define RBIMPL_ANYARGS_ATTRSET(sym) RBIMPL_ATTR_MAYBE_UNUSED() RBIMPL_ATTR_NONNULL(()) RBIMPL_ATTR_WEAKREF(sym)
      |                                      ^~~~~~~~~~~~~~~~~~~~~~~~
/home/lacum/.asdf/installs/ruby/3.2.2/include/ruby-3.2.0/ruby/internal/anyargs.h:270:1: note: in expansion of macro ‘RBIMPL_ANYARGS_ATTRSET’
  270 | RBIMPL_ANYARGS_ATTRSET(sym) static void sym ## _15(__VA_ARGS__, VALUE(*)(VALUE, VALUE, VALUE, VALUE, VALUE, VALUE, VALUE, VALUE, VALUE, VALUE, VALUE, VALUE, VALUE, VALUE, VALUE, VALUE), int);
      | ^~~~~~~~~~~~~~~~~~~~~~
/home/lacum/.asdf/installs/ruby/3.2.2/include/ruby-3.2.0/ruby/internal/anyargs.h:272:1: note: in expansion of macro ‘RBIMPL_ANYARGS_DECL’
  272 | RBIMPL_ANYARGS_DECL(rb_define_protected_method, VALUE, const char *)
      | ^~~~~~~~~~~~~~~~~~~
/home/lacum/.asdf/installs/ruby/3.2.2/include/ruby-3.2.0/ruby/internal/attr/maybe_unused.h:31:37: error: ISO C does not support ‘[[]]’ attributes before C23 [-Werror=pedantic]
   31 | # define RBIMPL_ATTR_MAYBE_UNUSED() [[maybe_unused]]
      |                                     ^
/home/lacum/.asdf/installs/ruby/3.2.2/include/ruby-3.2.0/ruby/internal/anyargs.h:249:38: note: in expansion of macro ‘RBIMPL_ATTR_MAYBE_UNUSED’
  249 | # define RBIMPL_ANYARGS_ATTRSET(sym) RBIMPL_ATTR_MAYBE_UNUSED() RBIMPL_ATTR_NONNULL(()) RBIMPL_ATTR_WEAKREF(sym)
      |                                      ^~~~~~~~~~~~~~~~~~~~~~~~
/home/lacum/.asdf/installs/ruby/3.2.2/include/ruby-3.2.0/ruby/internal/anyargs.h:251:1: note: in expansion of macro ‘RBIMPL_ANYARGS_ATTRSET’
  251 | RBIMPL_ANYARGS_ATTRSET(sym) static void sym ## _notimpl(__VA_ARGS__, VALUE(*)(int, const VALUE *, VALUE, VALUE), int); \
      | ^~~~~~~~~~~~~~~~~~~~~~
/home/lacum/.asdf/installs/ruby/3.2.2/include/ruby-3.2.0/ruby/internal/anyargs.h:273:1: note: in expansion of macro ‘RBIMPL_ANYARGS_DECL’
  273 | RBIMPL_ANYARGS_DECL(rb_define_private_method, VALUE, const char *)
      | ^~~~~~~~~~~~~~~~~~~
/home/lacum/.asdf/installs/ruby/3.2.2/include/ruby-3.2.0/ruby/internal/attr/maybe_unused.h:31:37: error: ISO C does not support ‘[[]]’ attributes before C23 [-Werror=pedantic]
   31 | # define RBIMPL_ATTR_MAYBE_UNUSED() [[maybe_unused]]
      |                                     ^
/home/lacum/.asdf/installs/ruby/3.2.2/include/ruby-3.2.0/ruby/internal/anyargs.h:249:38: note: in expansion of macro ‘RBIMPL_ATTR_MAYBE_UNUSED’
  249 | # define RBIMPL_ANYARGS_ATTRSET(sym) RBIMPL_ATTR_MAYBE_UNUSED() RBIMPL_ATTR_NONNULL(()) RBIMPL_ATTR_WEAKREF(sym)
      |                                      ^~~~~~~~~~~~~~~~~~~~~~~~
/home/lacum/.asdf/installs/ruby/3.2.2/include/ruby-3.2.0/ruby/internal/anyargs.h:252:1: note: in expansion of macro ‘RBIMPL_ANYARGS_ATTRSET’
  252 | RBIMPL_ANYARGS_ATTRSET(sym) static void sym ## _m3(__VA_ARGS__, VALUE(*)(ANYARGS), int); \
      | ^~~~~~~~~~~~~~~~~~~~~~
/home/lacum/.asdf/installs/ruby/3.2.2/include/ruby-3.2.0/ruby/internal/anyargs.h:273:1: note: in expansion of macro ‘RBIMPL_ANYARGS_DECL’
  273 | RBIMPL_ANYARGS_DECL(rb_define_private_method, VALUE, const char *)
      | ^~~~~~~~~~~~~~~~~~~
/home/lacum/.asdf/installs/ruby/3.2.2/include/ruby-3.2.0/ruby/internal/attr/maybe_unused.h:31:37: error: ISO C does not support ‘[[]]’ attributes before C23 [-Werror=pedantic]
   31 | # define RBIMPL_ATTR_MAYBE_UNUSED() [[maybe_unused]]
      |                                     ^
/home/lacum/.asdf/installs/ruby/3.2.2/include/ruby-3.2.0/ruby/internal/anyargs.h:249:38: note: in expansion of macro ‘RBIMPL_ATTR_MAYBE_UNUSED’
  249 | # define RBIMPL_ANYARGS_ATTRSET(sym) RBIMPL_ATTR_MAYBE_UNUSED() RBIMPL_ATTR_NONNULL(()) RBIMPL_ATTR_WEAKREF(sym)
      |                                      ^~~~~~~~~~~~~~~~~~~~~~~~
/home/lacum/.asdf/installs/ruby/3.2.2/include/ruby-3.2.0/ruby/internal/anyargs.h:253:1: note: in expansion of macro ‘RBIMPL_ANYARGS_ATTRSET’
  253 | RBIMPL_ANYARGS_ATTRSET(sym) static void sym ## _m2(__VA_ARGS__, VALUE(*)(VALUE, VALUE), int); \
      | ^~~~~~~~~~~~~~~~~~~~~~
/home/lacum/.asdf/installs/ruby/3.2.2/include/ruby-3.2.0/ruby/internal/anyargs.h:273:1: note: in expansion of macro ‘RBIMPL_ANYARGS_DECL’
  273 | RBIMPL_ANYARGS_DECL(rb_define_private_method, VALUE, const char *)
      | ^~~~~~~~~~~~~~~~~~~
/home/lacum/.asdf/installs/ruby/3.2.2/include/ruby-3.2.0/ruby/internal/attr/maybe_unused.h:31:37: error: ISO C does not support ‘[[]]’ attributes before C23 [-Werror=pedantic]
   31 | # define RBIMPL_ATTR_MAYBE_UNUSED() [[maybe_unused]]
      |                                     ^
/home/lacum/.asdf/installs/ruby/3.2.2/include/ruby-3.2.0/ruby/internal/anyargs.h:249:38: note: in expansion of macro ‘RBIMPL_ATTR_MAYBE_UNUSED’
  249 | # define RBIMPL_ANYARGS_ATTRSET(sym) RBIMPL_ATTR_MAYBE_UNUSED() RBIMPL_ATTR_NONNULL(()) RBIMPL_ATTR_WEAKREF(sym)
      |                                      ^~~~~~~~~~~~~~~~~~~~~~~~
/home/lacum/.asdf/installs/ruby/3.2.2/include/ruby-3.2.0/ruby/internal/anyargs.h:254:1: note: in expansion of macro ‘RBIMPL_ANYARGS_ATTRSET’
  254 | RBIMPL_ANYARGS_ATTRSET(sym) static void sym ## _m1(__VA_ARGS__, VALUE(*)(int, union { VALUE *x; const VALUE *y; } __attribute__((__transparent_union__)), VALUE), int); \
      | ^~~~~~~~~~~~~~~~~~~~~~
/home/lacum/.asdf/installs/ruby/3.2.2/include/ruby-3.2.0/ruby/internal/anyargs.h:273:1: note: in expansion of macro ‘RBIMPL_ANYARGS_DECL’
  273 | RBIMPL_ANYARGS_DECL(rb_define_private_method, VALUE, const char *)
      | ^~~~~~~~~~~~~~~~~~~
/home/lacum/.asdf/installs/ruby/3.2.2/include/ruby-3.2.0/ruby/internal/attr/maybe_unused.h:31:37: error: ISO C does not support ‘[[]]’ attributes before C23 [-Werror=pedantic]
   31 | # define RBIMPL_ATTR_MAYBE_UNUSED() [[maybe_unused]]
      |                                     ^
/home/lacum/.asdf/installs/ruby/3.2.2/include/ruby-3.2.0/ruby/internal/anyargs.h:249:38: note: in expansion of macro ‘RBIMPL_ATTR_MAYBE_UNUSED’
  249 | # define RBIMPL_ANYARGS_ATTRSET(sym) RBIMPL_ATTR_MAYBE_UNUSED() RBIMPL_ATTR_NONNULL(()) RBIMPL_ATTR_WEAKREF(sym)
      |                                      ^~~~~~~~~~~~~~~~~~~~~~~~
/home/lacum/.asdf/installs/ruby/3.2.2/include/ruby-3.2.0/ruby/internal/anyargs.h:255:1: note: in expansion of macro ‘RBIMPL_ANYARGS_ATTRSET’
  255 | RBIMPL_ANYARGS_ATTRSET(sym) static void sym ## _00(__VA_ARGS__, VALUE(*)(VALUE), int); \
      | ^~~~~~~~~~~~~~~~~~~~~~
/home/lacum/.asdf/installs/ruby/3.2.2/include/ruby-3.2.0/ruby/internal/anyargs.h:273:1: note: in expansion of macro ‘RBIMPL_ANYARGS_DECL’
  273 | RBIMPL_ANYARGS_DECL(rb_define_private_method, VALUE, const char *)
      | ^~~~~~~~~~~~~~~~~~~
/home/lacum/.asdf/installs/ruby/3.2.2/include/ruby-3.2.0/ruby/internal/attr/maybe_unused.h:31:37: error: ISO C does not support ‘[[]]’ attributes before C23 [-Werror=pedantic]
   31 | # define RBIMPL_ATTR_MAYBE_UNUSED() [[maybe_unused]]
      |                                     ^
/home/lacum/.asdf/installs/ruby/3.2.2/include/ruby-3.2.0/ruby/internal/anyargs.h:249:38: note: in expansion of macro ‘RBIMPL_ATTR_MAYBE_UNUSED’
  249 | # define RBIMPL_ANYARGS_ATTRSET(sym) RBIMPL_ATTR_MAYBE_UNUSED() RBIMPL_ATTR_NONNULL(()) RBIMPL_ATTR_WEAKREF(sym)
      |                                      ^~~~~~~~~~~~~~~~~~~~~~~~
/home/lacum/.asdf/installs/ruby/3.2.2/include/ruby-3.2.0/ruby/internal/anyargs.h:256:1: note: in expansion of macro ‘RBIMPL_ANYARGS_ATTRSET’
  256 | RBIMPL_ANYARGS_ATTRSET(sym) static void sym ## _01(__VA_ARGS__, VALUE(*)(VALUE, VALUE), int); \
      | ^~~~~~~~~~~~~~~~~~~~~~
/home/lacum/.asdf/installs/ruby/3.2.2/include/ruby-3.2.0/ruby/internal/anyargs.h:273:1: note: in expansion of macro ‘RBIMPL_ANYARGS_DECL’
  273 | RBIMPL_ANYARGS_DECL(rb_define_private_method, VALUE, const char *)
      | ^~~~~~~~~~~~~~~~~~~
/home/lacum/.asdf/installs/ruby/3.2.2/include/ruby-3.2.0/ruby/internal/attr/maybe_unused.h:31:37: error: ISO C does not support ‘[[]]’ attributes before C23 [-Werror=pedantic]
   31 | # define RBIMPL_ATTR_MAYBE_UNUSED() [[maybe_unused]]
      |                                     ^
/home/lacum/.asdf/installs/ruby/3.2.2/include/ruby-3.2.0/ruby/internal/anyargs.h:249:38: note: in expansion of macro ‘RBIMPL_ATTR_MAYBE_UNUSED’
  249 | # define RBIMPL_ANYARGS_ATTRSET(sym) RBIMPL_ATTR_MAYBE_UNUSED() RBIMPL_ATTR_NONNULL(()) RBIMPL_ATTR_WEAKREF(sym)
      |                                      ^~~~~~~~~~~~~~~~~~~~~~~~
/home/lacum/.asdf/installs/ruby/3.2.2/include/ruby-3.2.0/ruby/internal/anyargs.h:257:1: note: in expansion of macro ‘RBIMPL_ANYARGS_ATTRSET’
  257 | RBIMPL_ANYARGS_ATTRSET(sym) static void sym ## _02(__VA_ARGS__, VALUE(*)(VALUE, VALUE, VALUE), int); \
      | ^~~~~~~~~~~~~~~~~~~~~~
/home/lacum/.asdf/installs/ruby/3.2.2/include/ruby-3.2.0/ruby/internal/anyargs.h:273:1: note: in expansion of macro ‘RBIMPL_ANYARGS_DECL’
  273 | RBIMPL_ANYARGS_DECL(rb_define_private_method, VALUE, const char *)
      | ^~~~~~~~~~~~~~~~~~~
/home/lacum/.asdf/installs/ruby/3.2.2/include/ruby-3.2.0/ruby/internal/attr/maybe_unused.h:31:37: error: ISO C does not support ‘[[]]’ attributes before C23 [-Werror=pedantic]
   31 | # define RBIMPL_ATTR_MAYBE_UNUSED() [[maybe_unused]]
      |                                     ^
/home/lacum/.asdf/installs/ruby/3.2.2/include/ruby-3.2.0/ruby/internal/anyargs.h:249:38: note: in expansion of macro ‘RBIMPL_ATTR_MAYBE_UNUSED’
  249 | # define RBIMPL_ANYARGS_ATTRSET(sym) RBIMPL_ATTR_MAYBE_UNUSED() RBIMPL_ATTR_NONNULL(()) RBIMPL_ATTR_WEAKREF(sym)
      |                                      ^~~~~~~~~~~~~~~~~~~~~~~~
/home/lacum/.asdf/installs/ruby/3.2.2/include/ruby-3.2.0/ruby/internal/anyargs.h:258:1: note: in expansion of macro ‘RBIMPL_ANYARGS_ATTRSET’
  258 | RBIMPL_ANYARGS_ATTRSET(sym) static void sym ## _03(__VA_ARGS__, VALUE(*)(VALUE, VALUE, VALUE, VALUE), int); \
      | ^~~~~~~~~~~~~~~~~~~~~~
/home/lacum/.asdf/installs/ruby/3.2.2/include/ruby-3.2.0/ruby/internal/anyargs.h:273:1: note: in expansion of macro ‘RBIMPL_ANYARGS_DECL’
  273 | RBIMPL_ANYARGS_DECL(rb_define_private_method, VALUE, const char *)
      | ^~~~~~~~~~~~~~~~~~~
/home/lacum/.asdf/installs/ruby/3.2.2/include/ruby-3.2.0/ruby/internal/attr/maybe_unused.h:31:37: error: ISO C does not support ‘[[]]’ attributes before C23 [-Werror=pedantic]
   31 | # define RBIMPL_ATTR_MAYBE_UNUSED() [[maybe_unused]]
      |                                     ^
/home/lacum/.asdf/installs/ruby/3.2.2/include/ruby-3.2.0/ruby/internal/anyargs.h:249:38: note: in expansion of macro ‘RBIMPL_ATTR_MAYBE_UNUSED’
  249 | # define RBIMPL_ANYARGS_ATTRSET(sym) RBIMPL_ATTR_MAYBE_UNUSED() RBIMPL_ATTR_NONNULL(()) RBIMPL_ATTR_WEAKREF(sym)
      |                                      ^~~~~~~~~~~~~~~~~~~~~~~~
/home/lacum/.asdf/installs/ruby/3.2.2/include/ruby-3.2.0/ruby/internal/anyargs.h:259:1: note: in expansion of macro ‘RBIMPL_ANYARGS_ATTRSET’
  259 | RBIMPL_ANYARGS_ATTRSET(sym) static void sym ## _04(__VA_ARGS__, VALUE(*)(VALUE, VALUE, VALUE, VALUE, VALUE), int); \
      | ^~~~~~~~~~~~~~~~~~~~~~
/home/lacum/.asdf/installs/ruby/3.2.2/include/ruby-3.2.0/ruby/internal/anyargs.h:273:1: note: in expansion of macro ‘RBIMPL_ANYARGS_DECL’
  273 | RBIMPL_ANYARGS_DECL(rb_define_private_method, VALUE, const char *)
      | ^~~~~~~~~~~~~~~~~~~
/home/lacum/.asdf/installs/ruby/3.2.2/include/ruby-3.2.0/ruby/internal/attr/maybe_unused.h:31:37: error: ISO C does not support ‘[[]]’ attributes before C23 [-Werror=pedantic]
   31 | # define RBIMPL_ATTR_MAYBE_UNUSED() [[maybe_unused]]
      |                                     ^
/home/lacum/.asdf/installs/ruby/3.2.2/include/ruby-3.2.0/ruby/internal/anyargs.h:249:38: note: in expansion of macro ‘RBIMPL_ATTR_MAYBE_UNUSED’
  249 | # define RBIMPL_ANYARGS_ATTRSET(sym) RBIMPL_ATTR_MAYBE_UNUSED() RBIMPL_ATTR_NONNULL(()) RBIMPL_ATTR_WEAKREF(sym)
      |                                      ^~~~~~~~~~~~~~~~~~~~~~~~
/home/lacum/.asdf/installs/ruby/3.2.2/include/ruby-3.2.0/ruby/internal/anyargs.h:260:1: note: in expansion of macro ‘RBIMPL_ANYARGS_ATTRSET’
  260 | RBIMPL_ANYARGS_ATTRSET(sym) static void sym ## _05(__VA_ARGS__, VALUE(*)(VALUE, VALUE, VALUE, VALUE, VALUE, VALUE), int); \
      | ^~~~~~~~~~~~~~~~~~~~~~
/home/lacum/.asdf/installs/ruby/3.2.2/include/ruby-3.2.0/ruby/internal/anyargs.h:273:1: note: in expansion of macro ‘RBIMPL_ANYARGS_DECL’
  273 | RBIMPL_ANYARGS_DECL(rb_define_private_method, VALUE, const char *)
      | ^~~~~~~~~~~~~~~~~~~
/home/lacum/.asdf/installs/ruby/3.2.2/include/ruby-3.2.0/ruby/internal/attr/maybe_unused.h:31:37: error: ISO C does not support ‘[[]]’ attributes before C23 [-Werror=pedantic]
   31 | # define RBIMPL_ATTR_MAYBE_UNUSED() [[maybe_unused]]
      |                                     ^
/home/lacum/.asdf/installs/ruby/3.2.2/include/ruby-3.2.0/ruby/internal/anyargs.h:249:38: note: in expansion of macro ‘RBIMPL_ATTR_MAYBE_UNUSED’
  249 | # define RBIMPL_ANYARGS_ATTRSET(sym) RBIMPL_ATTR_MAYBE_UNUSED() RBIMPL_ATTR_NONNULL(()) RBIMPL_ATTR_WEAKREF(sym)
      |                                      ^~~~~~~~~~~~~~~~~~~~~~~~
/home/lacum/.asdf/installs/ruby/3.2.2/include/ruby-3.2.0/ruby/internal/anyargs.h:261:1: note: in expansion of macro ‘RBIMPL_ANYARGS_ATTRSET’
  261 | RBIMPL_ANYARGS_ATTRSET(sym) static void sym ## _06(__VA_ARGS__, VALUE(*)(VALUE, VALUE, VALUE, VALUE, VALUE, VALUE, VALUE), int); \
      | ^~~~~~~~~~~~~~~~~~~~~~
/home/lacum/.asdf/installs/ruby/3.2.2/include/ruby-3.2.0/ruby/internal/anyargs.h:273:1: note: in expansion of macro ‘RBIMPL_ANYARGS_DECL’
  273 | RBIMPL_ANYARGS_DECL(rb_define_private_method, VALUE, const char *)
      | ^~~~~~~~~~~~~~~~~~~
/home/lacum/.asdf/installs/ruby/3.2.2/include/ruby-3.2.0/ruby/internal/attr/maybe_unused.h:31:37: error: ISO C does not support ‘[[]]’ attributes before C23 [-Werror=pedantic]
   31 | # define RBIMPL_ATTR_MAYBE_UNUSED() [[maybe_unused]]
      |                                     ^
/home/lacum/.asdf/installs/ruby/3.2.2/include/ruby-3.2.0/ruby/internal/anyargs.h:249:38: note: in expansion of macro ‘RBIMPL_ATTR_MAYBE_UNUSED’
  249 | # define RBIMPL_ANYARGS_ATTRSET(sym) RBIMPL_ATTR_MAYBE_UNUSED() RBIMPL_ATTR_NONNULL(()) RBIMPL_ATTR_WEAKREF(sym)
      |                                      ^~~~~~~~~~~~~~~~~~~~~~~~
/home/lacum/.asdf/installs/ruby/3.2.2/include/ruby-3.2.0/ruby/internal/anyargs.h:262:1: note: in expansion of macro ‘RBIMPL_ANYARGS_ATTRSET’
  262 | RBIMPL_ANYARGS_ATTRSET(sym) static void sym ## _07(__VA_ARGS__, VALUE(*)(VALUE, VALUE, VALUE, VALUE, VALUE, VALUE, VALUE, VALUE), int); \
      | ^~~~~~~~~~~~~~~~~~~~~~
/home/lacum/.asdf/installs/ruby/3.2.2/include/ruby-3.2.0/ruby/internal/anyargs.h:273:1: note: in expansion of macro ‘RBIMPL_ANYARGS_DECL’
  273 | RBIMPL_ANYARGS_DECL(rb_define_private_method, VALUE, const char *)
      | ^~~~~~~~~~~~~~~~~~~
/home/lacum/.asdf/installs/ruby/3.2.2/include/ruby-3.2.0/ruby/internal/attr/maybe_unused.h:31:37: error: ISO C does not support ‘[[]]’ attributes before C23 [-Werror=pedantic]
   31 | # define RBIMPL_ATTR_MAYBE_UNUSED() [[maybe_unused]]
      |                                     ^
/home/lacum/.asdf/installs/ruby/3.2.2/include/ruby-3.2.0/ruby/internal/anyargs.h:249:38: note: in expansion of macro ‘RBIMPL_ATTR_MAYBE_UNUSED’
  249 | # define RBIMPL_ANYARGS_ATTRSET(sym) RBIMPL_ATTR_MAYBE_UNUSED() RBIMPL_ATTR_NONNULL(()) RBIMPL_ATTR_WEAKREF(sym)
      |                                      ^~~~~~~~~~~~~~~~~~~~~~~~
/home/lacum/.asdf/installs/ruby/3.2.2/include/ruby-3.2.0/ruby/internal/anyargs.h:263:1: note: in expansion of macro ‘RBIMPL_ANYARGS_ATTRSET’
  263 | RBIMPL_ANYARGS_ATTRSET(sym) static void sym ## _08(__VA_ARGS__, VALUE(*)(VALUE, VALUE, VALUE, VALUE, VALUE, VALUE, VALUE, VALUE, VALUE), int); \
      | ^~~~~~~~~~~~~~~~~~~~~~
/home/lacum/.asdf/installs/ruby/3.2.2/include/ruby-3.2.0/ruby/internal/anyargs.h:273:1: note: in expansion of macro ‘RBIMPL_ANYARGS_DECL’
  273 | RBIMPL_ANYARGS_DECL(rb_define_private_method, VALUE, const char *)
      | ^~~~~~~~~~~~~~~~~~~
/home/lacum/.asdf/installs/ruby/3.2.2/include/ruby-3.2.0/ruby/internal/attr/maybe_unused.h:31:37: error: ISO C does not support ‘[[]]’ attributes before C23 [-Werror=pedantic]
   31 | # define RBIMPL_ATTR_MAYBE_UNUSED() [[maybe_unused]]
      |                                     ^
/home/lacum/.asdf/installs/ruby/3.2.2/include/ruby-3.2.0/ruby/internal/anyargs.h:249:38: note: in expansion of macro ‘RBIMPL_ATTR_MAYBE_UNUSED’
  249 | # define RBIMPL_ANYARGS_ATTRSET(sym) RBIMPL_ATTR_MAYBE_UNUSED() RBIMPL_ATTR_NONNULL(()) RBIMPL_ATTR_WEAKREF(sym)
      |                                      ^~~~~~~~~~~~~~~~~~~~~~~~
/home/lacum/.asdf/installs/ruby/3.2.2/include/ruby-3.2.0/ruby/internal/anyargs.h:264:1: note: in expansion of macro ‘RBIMPL_ANYARGS_ATTRSET’
  264 | RBIMPL_ANYARGS_ATTRSET(sym) static void sym ## _09(__VA_ARGS__, VALUE(*)(VALUE, VALUE, VALUE, VALUE, VALUE, VALUE, VALUE, VALUE, VALUE, VALUE), int); \
      | ^~~~~~~~~~~~~~~~~~~~~~
/home/lacum/.asdf/installs/ruby/3.2.2/include/ruby-3.2.0/ruby/internal/anyargs.h:273:1: note: in expansion of macro ‘RBIMPL_ANYARGS_DECL’
  273 | RBIMPL_ANYARGS_DECL(rb_define_private_method, VALUE, const char *)
      | ^~~~~~~~~~~~~~~~~~~
/home/lacum/.asdf/installs/ruby/3.2.2/include/ruby-3.2.0/ruby/internal/attr/maybe_unused.h:31:37: error: ISO C does not support ‘[[]]’ attributes before C23 [-Werror=pedantic]
   31 | # define RBIMPL_ATTR_MAYBE_UNUSED() [[maybe_unused]]
      |                                     ^
/home/lacum/.asdf/installs/ruby/3.2.2/include/ruby-3.2.0/ruby/internal/anyargs.h:249:38: note: in expansion of macro ‘RBIMPL_ATTR_MAYBE_UNUSED’
  249 | # define RBIMPL_ANYARGS_ATTRSET(sym) RBIMPL_ATTR_MAYBE_UNUSED() RBIMPL_ATTR_NONNULL(()) RBIMPL_ATTR_WEAKREF(sym)
      |                                      ^~~~~~~~~~~~~~~~~~~~~~~~
/home/lacum/.asdf/installs/ruby/3.2.2/include/ruby-3.2.0/ruby/internal/anyargs.h:265:1: note: in expansion of macro ‘RBIMPL_ANYARGS_ATTRSET’
  265 | RBIMPL_ANYARGS_ATTRSET(sym) static void sym ## _10(__VA_ARGS__, VALUE(*)(VALUE, VALUE, VALUE, VALUE, VALUE, VALUE, VALUE, VALUE, VALUE, VALUE, VALUE), int); \
      | ^~~~~~~~~~~~~~~~~~~~~~
/home/lacum/.asdf/installs/ruby/3.2.2/include/ruby-3.2.0/ruby/internal/anyargs.h:273:1: note: in expansion of macro ‘RBIMPL_ANYARGS_DECL’
  273 | RBIMPL_ANYARGS_DECL(rb_define_private_method, VALUE, const char *)
      | ^~~~~~~~~~~~~~~~~~~
/home/lacum/.asdf/installs/ruby/3.2.2/include/ruby-3.2.0/ruby/internal/attr/maybe_unused.h:31:37: error: ISO C does not support ‘[[]]’ attributes before C23 [-Werror=pedantic]
   31 | # define RBIMPL_ATTR_MAYBE_UNUSED() [[maybe_unused]]
      |                                     ^
/home/lacum/.asdf/installs/ruby/3.2.2/include/ruby-3.2.0/ruby/internal/anyargs.h:249:38: note: in expansion of macro ‘RBIMPL_ATTR_MAYBE_UNUSED’
  249 | # define RBIMPL_ANYARGS_ATTRSET(sym) RBIMPL_ATTR_MAYBE_UNUSED() RBIMPL_ATTR_NONNULL(()) RBIMPL_ATTR_WEAKREF(sym)
      |                                      ^~~~~~~~~~~~~~~~~~~~~~~~
/home/lacum/.asdf/installs/ruby/3.2.2/include/ruby-3.2.0/ruby/internal/anyargs.h:266:1: note: in expansion of macro ‘RBIMPL_ANYARGS_ATTRSET’
  266 | RBIMPL_ANYARGS_ATTRSET(sym) static void sym ## _11(__VA_ARGS__, VALUE(*)(VALUE, VALUE, VALUE, VALUE, VALUE, VALUE, VALUE, VALUE, VALUE, VALUE, VALUE, VALUE), int); \
      | ^~~~~~~~~~~~~~~~~~~~~~
/home/lacum/.asdf/installs/ruby/3.2.2/include/ruby-3.2.0/ruby/internal/anyargs.h:273:1: note: in expansion of macro ‘RBIMPL_ANYARGS_DECL’
  273 | RBIMPL_ANYARGS_DECL(rb_define_private_method, VALUE, const char *)
      | ^~~~~~~~~~~~~~~~~~~
/home/lacum/.asdf/installs/ruby/3.2.2/include/ruby-3.2.0/ruby/internal/attr/maybe_unused.h:31:37: error: ISO C does not support ‘[[]]’ attributes before C23 [-Werror=pedantic]
   31 | # define RBIMPL_ATTR_MAYBE_UNUSED() [[maybe_unused]]
      |                                     ^
/home/lacum/.asdf/installs/ruby/3.2.2/include/ruby-3.2.0/ruby/internal/anyargs.h:249:38: note: in expansion of macro ‘RBIMPL_ATTR_MAYBE_UNUSED’
  249 | # define RBIMPL_ANYARGS_ATTRSET(sym) RBIMPL_ATTR_MAYBE_UNUSED() RBIMPL_ATTR_NONNULL(()) RBIMPL_ATTR_WEAKREF(sym)
      |                                      ^~~~~~~~~~~~~~~~~~~~~~~~
/home/lacum/.asdf/installs/ruby/3.2.2/include/ruby-3.2.0/ruby/internal/anyargs.h:267:1: note: in expansion of macro ‘RBIMPL_ANYARGS_ATTRSET’
  267 | RBIMPL_ANYARGS_ATTRSET(sym) static void sym ## _12(__VA_ARGS__, VALUE(*)(VALUE, VALUE, VALUE, VALUE, VALUE, VALUE, VALUE, VALUE, VALUE, VALUE, VALUE, VALUE, VALUE), int); \
      | ^~~~~~~~~~~~~~~~~~~~~~
/home/lacum/.asdf/installs/ruby/3.2.2/include/ruby-3.2.0/ruby/internal/anyargs.h:273:1: note: in expansion of macro ‘RBIMPL_ANYARGS_DECL’
  273 | RBIMPL_ANYARGS_DECL(rb_define_private_method, VALUE, const char *)
      | ^~~~~~~~~~~~~~~~~~~
/home/lacum/.asdf/installs/ruby/3.2.2/include/ruby-3.2.0/ruby/internal/attr/maybe_unused.h:31:37: error: ISO C does not support ‘[[]]’ attributes before C23 [-Werror=pedantic]
   31 | # define RBIMPL_ATTR_MAYBE_UNUSED() [[maybe_unused]]
      |                                     ^
/home/lacum/.asdf/installs/ruby/3.2.2/include/ruby-3.2.0/ruby/internal/anyargs.h:249:38: note: in expansion of macro ‘RBIMPL_ATTR_MAYBE_UNUSED’
  249 | # define RBIMPL_ANYARGS_ATTRSET(sym) RBIMPL_ATTR_MAYBE_UNUSED() RBIMPL_ATTR_NONNULL(()) RBIMPL_ATTR_WEAKREF(sym)
      |                                      ^~~~~~~~~~~~~~~~~~~~~~~~
/home/lacum/.asdf/installs/ruby/3.2.2/include/ruby-3.2.0/ruby/internal/anyargs.h:268:1: note: in expansion of macro ‘RBIMPL_ANYARGS_ATTRSET’
  268 | RBIMPL_ANYARGS_ATTRSET(sym) static void sym ## _13(__VA_ARGS__, VALUE(*)(VALUE, VALUE, VALUE, VALUE, VALUE, VALUE, VALUE, VALUE, VALUE, VALUE, VALUE, VALUE, VALUE, VALUE), int); \
      | ^~~~~~~~~~~~~~~~~~~~~~
/home/lacum/.asdf/installs/ruby/3.2.2/include/ruby-3.2.0/ruby/internal/anyargs.h:273:1: note: in expansion of macro ‘RBIMPL_ANYARGS_DECL’
  273 | RBIMPL_ANYARGS_DECL(rb_define_private_method, VALUE, const char *)
      | ^~~~~~~~~~~~~~~~~~~
/home/lacum/.asdf/installs/ruby/3.2.2/include/ruby-3.2.0/ruby/internal/attr/maybe_unused.h:31:37: error: ISO C does not support ‘[[]]’ attributes before C23 [-Werror=pedantic]
   31 | # define RBIMPL_ATTR_MAYBE_UNUSED() [[maybe_unused]]
      |                                     ^
/home/lacum/.asdf/installs/ruby/3.2.2/include/ruby-3.2.0/ruby/internal/anyargs.h:249:38: note: in expansion of macro ‘RBIMPL_ATTR_MAYBE_UNUSED’
  249 | # define RBIMPL_ANYARGS_ATTRSET(sym) RBIMPL_ATTR_MAYBE_UNUSED() RBIMPL_ATTR_NONNULL(()) RBIMPL_ATTR_WEAKREF(sym)
      |                                      ^~~~~~~~~~~~~~~~~~~~~~~~
/home/lacum/.asdf/installs/ruby/3.2.2/include/ruby-3.2.0/ruby/internal/anyargs.h:269:1: note: in expansion of macro ‘RBIMPL_ANYARGS_ATTRSET’
  269 | RBIMPL_ANYARGS_ATTRSET(sym) static void sym ## _14(__VA_ARGS__, VALUE(*)(VALUE, VALUE, VALUE, VALUE, VALUE, VALUE, VALUE, VALUE, VALUE, VALUE, VALUE, VALUE, VALUE, VALUE, VALUE), int); \
      | ^~~~~~~~~~~~~~~~~~~~~~
/home/lacum/.asdf/installs/ruby/3.2.2/include/ruby-3.2.0/ruby/internal/anyargs.h:273:1: note: in expansion of macro ‘RBIMPL_ANYARGS_DECL’
  273 | RBIMPL_ANYARGS_DECL(rb_define_private_method, VALUE, const char *)
      | ^~~~~~~~~~~~~~~~~~~
/home/lacum/.asdf/installs/ruby/3.2.2/include/ruby-3.2.0/ruby/internal/attr/maybe_unused.h:31:37: error: ISO C does not support ‘[[]]’ attributes before C23 [-Werror=pedantic]
   31 | # define RBIMPL_ATTR_MAYBE_UNUSED() [[maybe_unused]]
      |                                     ^
/home/lacum/.asdf/installs/ruby/3.2.2/include/ruby-3.2.0/ruby/internal/anyargs.h:249:38: note: in expansion of macro ‘RBIMPL_ATTR_MAYBE_UNUSED’
  249 | # define RBIMPL_ANYARGS_ATTRSET(sym) RBIMPL_ATTR_MAYBE_UNUSED() RBIMPL_ATTR_NONNULL(()) RBIMPL_ATTR_WEAKREF(sym)
      |                                      ^~~~~~~~~~~~~~~~~~~~~~~~
/home/lacum/.asdf/installs/ruby/3.2.2/include/ruby-3.2.0/ruby/internal/anyargs.h:270:1: note: in expansion of macro ‘RBIMPL_ANYARGS_ATTRSET’
  270 | RBIMPL_ANYARGS_ATTRSET(sym) static void sym ## _15(__VA_ARGS__, VALUE(*)(VALUE, VALUE, VALUE, VALUE, VALUE, VALUE, VALUE, VALUE, VALUE, VALUE, VALUE, VALUE, VALUE, VALUE, VALUE, VALUE), int);
      | ^~~~~~~~~~~~~~~~~~~~~~
/home/lacum/.asdf/installs/ruby/3.2.2/include/ruby-3.2.0/ruby/internal/anyargs.h:273:1: note: in expansion of macro ‘RBIMPL_ANYARGS_DECL’
  273 | RBIMPL_ANYARGS_DECL(rb_define_private_method, VALUE, const char *)
      | ^~~~~~~~~~~~~~~~~~~
/home/lacum/.asdf/installs/ruby/3.2.2/include/ruby-3.2.0/ruby/internal/attr/maybe_unused.h:31:37: error: ISO C does not support ‘[[]]’ attributes before C23 [-Werror=pedantic]
   31 | # define RBIMPL_ATTR_MAYBE_UNUSED() [[maybe_unused]]
      |                                     ^
/home/lacum/.asdf/installs/ruby/3.2.2/include/ruby-3.2.0/ruby/internal/anyargs.h:249:38: note: in expansion of macro ‘RBIMPL_ATTR_MAYBE_UNUSED’
  249 | # define RBIMPL_ANYARGS_ATTRSET(sym) RBIMPL_ATTR_MAYBE_UNUSED() RBIMPL_ATTR_NONNULL(()) RBIMPL_ATTR_WEAKREF(sym)
      |                                      ^~~~~~~~~~~~~~~~~~~~~~~~
/home/lacum/.asdf/installs/ruby/3.2.2/include/ruby-3.2.0/ruby/internal/anyargs.h:251:1: note: in expansion of macro ‘RBIMPL_ANYARGS_ATTRSET’
  251 | RBIMPL_ANYARGS_ATTRSET(sym) static void sym ## _notimpl(__VA_ARGS__, VALUE(*)(int, const VALUE *, VALUE, VALUE), int); \
      | ^~~~~~~~~~~~~~~~~~~~~~
/home/lacum/.asdf/installs/ruby/3.2.2/include/ruby-3.2.0/ruby/internal/anyargs.h:274:1: note: in expansion of macro ‘RBIMPL_ANYARGS_DECL’
  274 | RBIMPL_ANYARGS_DECL(rb_define_module_function, VALUE, const char *)
      | ^~~~~~~~~~~~~~~~~~~
/home/lacum/.asdf/installs/ruby/3.2.2/include/ruby-3.2.0/ruby/internal/attr/maybe_unused.h:31:37: error: ISO C does not support ‘[[]]’ attributes before C23 [-Werror=pedantic]
   31 | # define RBIMPL_ATTR_MAYBE_UNUSED() [[maybe_unused]]
      |                                     ^
/home/lacum/.asdf/installs/ruby/3.2.2/include/ruby-3.2.0/ruby/internal/anyargs.h:249:38: note: in expansion of macro ‘RBIMPL_ATTR_MAYBE_UNUSED’
  249 | # define RBIMPL_ANYARGS_ATTRSET(sym) RBIMPL_ATTR_MAYBE_UNUSED() RBIMPL_ATTR_NONNULL(()) RBIMPL_ATTR_WEAKREF(sym)
      |                                      ^~~~~~~~~~~~~~~~~~~~~~~~
/home/lacum/.asdf/installs/ruby/3.2.2/include/ruby-3.2.0/ruby/internal/anyargs.h:252:1: note: in expansion of macro ‘RBIMPL_ANYARGS_ATTRSET’
  252 | RBIMPL_ANYARGS_ATTRSET(sym) static void sym ## _m3(__VA_ARGS__, VALUE(*)(ANYARGS), int); \
      | ^~~~~~~~~~~~~~~~~~~~~~
/home/lacum/.asdf/installs/ruby/3.2.2/include/ruby-3.2.0/ruby/internal/anyargs.h:274:1: note: in expansion of macro ‘RBIMPL_ANYARGS_DECL’
  274 | RBIMPL_ANYARGS_DECL(rb_define_module_function, VALUE, const char *)
      | ^~~~~~~~~~~~~~~~~~~
/home/lacum/.asdf/installs/ruby/3.2.2/include/ruby-3.2.0/ruby/internal/attr/maybe_unused.h:31:37: error: ISO C does not support ‘[[]]’ attributes before C23 [-Werror=pedantic]
   31 | # define RBIMPL_ATTR_MAYBE_UNUSED() [[maybe_unused]]
      |                                     ^
/home/lacum/.asdf/installs/ruby/3.2.2/include/ruby-3.2.0/ruby/internal/anyargs.h:249:38: note: in expansion of macro ‘RBIMPL_ATTR_MAYBE_UNUSED’
  249 | # define RBIMPL_ANYARGS_ATTRSET(sym) RBIMPL_ATTR_MAYBE_UNUSED() RBIMPL_ATTR_NONNULL(()) RBIMPL_ATTR_WEAKREF(sym)
      |                                      ^~~~~~~~~~~~~~~~~~~~~~~~
/home/lacum/.asdf/installs/ruby/3.2.2/include/ruby-3.2.0/ruby/internal/anyargs.h:253:1: note: in expansion of macro ‘RBIMPL_ANYARGS_ATTRSET’
  253 | RBIMPL_ANYARGS_ATTRSET(sym) static void sym ## _m2(__VA_ARGS__, VALUE(*)(VALUE, VALUE), int); \
      | ^~~~~~~~~~~~~~~~~~~~~~
/home/lacum/.asdf/installs/ruby/3.2.2/include/ruby-3.2.0/ruby/internal/anyargs.h:274:1: note: in expansion of macro ‘RBIMPL_ANYARGS_DECL’
  274 | RBIMPL_ANYARGS_DECL(rb_define_module_function, VALUE, const char *)
      | ^~~~~~~~~~~~~~~~~~~
/home/lacum/.asdf/installs/ruby/3.2.2/include/ruby-3.2.0/ruby/internal/attr/maybe_unused.h:31:37: error: ISO C does not support ‘[[]]’ attributes before C23 [-Werror=pedantic]
   31 | # define RBIMPL_ATTR_MAYBE_UNUSED() [[maybe_unused]]
      |                                     ^
/home/lacum/.asdf/installs/ruby/3.2.2/include/ruby-3.2.0/ruby/internal/anyargs.h:249:38: note: in expansion of macro ‘RBIMPL_ATTR_MAYBE_UNUSED’
  249 | # define RBIMPL_ANYARGS_ATTRSET(sym) RBIMPL_ATTR_MAYBE_UNUSED() RBIMPL_ATTR_NONNULL(()) RBIMPL_ATTR_WEAKREF(sym)
      |                                      ^~~~~~~~~~~~~~~~~~~~~~~~
/home/lacum/.asdf/installs/ruby/3.2.2/include/ruby-3.2.0/ruby/internal/anyargs.h:254:1: note: in expansion of macro ‘RBIMPL_ANYARGS_ATTRSET’
  254 | RBIMPL_ANYARGS_ATTRSET(sym) static void sym ## _m1(__VA_ARGS__, VALUE(*)(int, union { VALUE *x; const VALUE *y; } __attribute__((__transparent_union__)), VALUE), int); \
      | ^~~~~~~~~~~~~~~~~~~~~~
/home/lacum/.asdf/installs/ruby/3.2.2/include/ruby-3.2.0/ruby/internal/anyargs.h:274:1: note: in expansion of macro ‘RBIMPL_ANYARGS_DECL’
  274 | RBIMPL_ANYARGS_DECL(rb_define_module_function, VALUE, const char *)
      | ^~~~~~~~~~~~~~~~~~~
/home/lacum/.asdf/installs/ruby/3.2.2/include/ruby-3.2.0/ruby/internal/attr/maybe_unused.h:31:37: error: ISO C does not support ‘[[]]’ attributes before C23 [-Werror=pedantic]
   31 | # define RBIMPL_ATTR_MAYBE_UNUSED() [[maybe_unused]]
      |                                     ^
/home/lacum/.asdf/installs/ruby/3.2.2/include/ruby-3.2.0/ruby/internal/anyargs.h:249:38: note: in expansion of macro ‘RBIMPL_ATTR_MAYBE_UNUSED’
  249 | # define RBIMPL_ANYARGS_ATTRSET(sym) RBIMPL_ATTR_MAYBE_UNUSED() RBIMPL_ATTR_NONNULL(()) RBIMPL_ATTR_WEAKREF(sym)
      |                                      ^~~~~~~~~~~~~~~~~~~~~~~~
/home/lacum/.asdf/installs/ruby/3.2.2/include/ruby-3.2.0/ruby/internal/anyargs.h:255:1: note: in expansion of macro ‘RBIMPL_ANYARGS_ATTRSET’
  255 | RBIMPL_ANYARGS_ATTRSET(sym) static void sym ## _00(__VA_ARGS__, VALUE(*)(VALUE), int); \
      | ^~~~~~~~~~~~~~~~~~~~~~
/home/lacum/.asdf/installs/ruby/3.2.2/include/ruby-3.2.0/ruby/internal/anyargs.h:274:1: note: in expansion of macro ‘RBIMPL_ANYARGS_DECL’
  274 | RBIMPL_ANYARGS_DECL(rb_define_module_function, VALUE, const char *)
      | ^~~~~~~~~~~~~~~~~~~
/home/lacum/.asdf/installs/ruby/3.2.2/include/ruby-3.2.0/ruby/internal/attr/maybe_unused.h:31:37: error: ISO C does not support ‘[[]]’ attributes before C23 [-Werror=pedantic]
   31 | # define RBIMPL_ATTR_MAYBE_UNUSED() [[maybe_unused]]
      |                                     ^
/home/lacum/.asdf/installs/ruby/3.2.2/include/ruby-3.2.0/ruby/internal/anyargs.h:249:38: note: in expansion of macro ‘RBIMPL_ATTR_MAYBE_UNUSED’
  249 | # define RBIMPL_ANYARGS_ATTRSET(sym) RBIMPL_ATTR_MAYBE_UNUSED() RBIMPL_ATTR_NONNULL(()) RBIMPL_ATTR_WEAKREF(sym)
      |                                      ^~~~~~~~~~~~~~~~~~~~~~~~
/home/lacum/.asdf/installs/ruby/3.2.2/include/ruby-3.2.0/ruby/internal/anyargs.h:256:1: note: in expansion of macro ‘RBIMPL_ANYARGS_ATTRSET’
  256 | RBIMPL_ANYARGS_ATTRSET(sym) static void sym ## _01(__VA_ARGS__, VALUE(*)(VALUE, VALUE), int); \
      | ^~~~~~~~~~~~~~~~~~~~~~
/home/lacum/.asdf/installs/ruby/3.2.2/include/ruby-3.2.0/ruby/internal/anyargs.h:274:1: note: in expansion of macro ‘RBIMPL_ANYARGS_DECL’
  274 | RBIMPL_ANYARGS_DECL(rb_define_module_function, VALUE, const char *)
      | ^~~~~~~~~~~~~~~~~~~
/home/lacum/.asdf/installs/ruby/3.2.2/include/ruby-3.2.0/ruby/internal/attr/maybe_unused.h:31:37: error: ISO C does not support ‘[[]]’ attributes before C23 [-Werror=pedantic]
   31 | # define RBIMPL_ATTR_MAYBE_UNUSED() [[maybe_unused]]
      |                                     ^
/home/lacum/.asdf/installs/ruby/3.2.2/include/ruby-3.2.0/ruby/internal/anyargs.h:249:38: note: in expansion of macro ‘RBIMPL_ATTR_MAYBE_UNUSED’
  249 | # define RBIMPL_ANYARGS_ATTRSET(sym) RBIMPL_ATTR_MAYBE_UNUSED() RBIMPL_ATTR_NONNULL(()) RBIMPL_ATTR_WEAKREF(sym)
      |                                      ^~~~~~~~~~~~~~~~~~~~~~~~
/home/lacum/.asdf/installs/ruby/3.2.2/include/ruby-3.2.0/ruby/internal/anyargs.h:257:1: note: in expansion of macro ‘RBIMPL_ANYARGS_ATTRSET’
  257 | RBIMPL_ANYARGS_ATTRSET(sym) static void sym ## _02(__VA_ARGS__, VALUE(*)(VALUE, VALUE, VALUE), int); \
      | ^~~~~~~~~~~~~~~~~~~~~~
/home/lacum/.asdf/installs/ruby/3.2.2/include/ruby-3.2.0/ruby/internal/anyargs.h:274:1: note: in expansion of macro ‘RBIMPL_ANYARGS_DECL’
  274 | RBIMPL_ANYARGS_DECL(rb_define_module_function, VALUE, const char *)
      | ^~~~~~~~~~~~~~~~~~~
/home/lacum/.asdf/installs/ruby/3.2.2/include/ruby-3.2.0/ruby/internal/attr/maybe_unused.h:31:37: error: ISO C does not support ‘[[]]’ attributes before C23 [-Werror=pedantic]
   31 | # define RBIMPL_ATTR_MAYBE_UNUSED() [[maybe_unused]]
      |                                     ^
/home/lacum/.asdf/installs/ruby/3.2.2/include/ruby-3.2.0/ruby/internal/anyargs.h:249:38: note: in expansion of macro ‘RBIMPL_ATTR_MAYBE_UNUSED’
  249 | # define RBIMPL_ANYARGS_ATTRSET(sym) RBIMPL_ATTR_MAYBE_UNUSED() RBIMPL_ATTR_NONNULL(()) RBIMPL_ATTR_WEAKREF(sym)
      |                                      ^~~~~~~~~~~~~~~~~~~~~~~~
/home/lacum/.asdf/installs/ruby/3.2.2/include/ruby-3.2.0/ruby/internal/anyargs.h:258:1: note: in expansion of macro ‘RBIMPL_ANYARGS_ATTRSET’
  258 | RBIMPL_ANYARGS_ATTRSET(sym) static void sym ## _03(__VA_ARGS__, VALUE(*)(VALUE, VALUE, VALUE, VALUE), int); \
      | ^~~~~~~~~~~~~~~~~~~~~~
/home/lacum/.asdf/installs/ruby/3.2.2/include/ruby-3.2.0/ruby/internal/anyargs.h:274:1: note: in expansion of macro ‘RBIMPL_ANYARGS_DECL’
  274 | RBIMPL_ANYARGS_DECL(rb_define_module_function, VALUE, const char *)
      | ^~~~~~~~~~~~~~~~~~~
/home/lacum/.asdf/installs/ruby/3.2.2/include/ruby-3.2.0/ruby/internal/attr/maybe_unused.h:31:37: error: ISO C does not support ‘[[]]’ attributes before C23 [-Werror=pedantic]
   31 | # define RBIMPL_ATTR_MAYBE_UNUSED() [[maybe_unused]]
      |                                     ^
/home/lacum/.asdf/installs/ruby/3.2.2/include/ruby-3.2.0/ruby/internal/anyargs.h:249:38: note: in expansion of macro ‘RBIMPL_ATTR_MAYBE_UNUSED’
  249 | # define RBIMPL_ANYARGS_ATTRSET(sym) RBIMPL_ATTR_MAYBE_UNUSED() RBIMPL_ATTR_NONNULL(()) RBIMPL_ATTR_WEAKREF(sym)
      |                                      ^~~~~~~~~~~~~~~~~~~~~~~~
/home/lacum/.asdf/installs/ruby/3.2.2/include/ruby-3.2.0/ruby/internal/anyargs.h:259:1: note: in expansion of macro ‘RBIMPL_ANYARGS_ATTRSET’
  259 | RBIMPL_ANYARGS_ATTRSET(sym) static void sym ## _04(__VA_ARGS__, VALUE(*)(VALUE, VALUE, VALUE, VALUE, VALUE), int); \
      | ^~~~~~~~~~~~~~~~~~~~~~
/home/lacum/.asdf/installs/ruby/3.2.2/include/ruby-3.2.0/ruby/internal/anyargs.h:274:1: note: in expansion of macro ‘RBIMPL_ANYARGS_DECL’
  274 | RBIMPL_ANYARGS_DECL(rb_define_module_function, VALUE, const char *)
      | ^~~~~~~~~~~~~~~~~~~
/home/lacum/.asdf/installs/ruby/3.2.2/include/ruby-3.2.0/ruby/internal/attr/maybe_unused.h:31:37: error: ISO C does not support ‘[[]]’ attributes before C23 [-Werror=pedantic]
   31 | # define RBIMPL_ATTR_MAYBE_UNUSED() [[maybe_unused]]
      |                                     ^
/home/lacum/.asdf/installs/ruby/3.2.2/include/ruby-3.2.0/ruby/internal/anyargs.h:249:38: note: in expansion of macro ‘RBIMPL_ATTR_MAYBE_UNUSED’
  249 | # define RBIMPL_ANYARGS_ATTRSET(sym) RBIMPL_ATTR_MAYBE_UNUSED() RBIMPL_ATTR_NONNULL(()) RBIMPL_ATTR_WEAKREF(sym)
      |                                      ^~~~~~~~~~~~~~~~~~~~~~~~
/home/lacum/.asdf/installs/ruby/3.2.2/include/ruby-3.2.0/ruby/internal/anyargs.h:260:1: note: in expansion of macro ‘RBIMPL_ANYARGS_ATTRSET’
  260 | RBIMPL_ANYARGS_ATTRSET(sym) static void sym ## _05(__VA_ARGS__, VALUE(*)(VALUE, VALUE, VALUE, VALUE, VALUE, VALUE), int); \
      | ^~~~~~~~~~~~~~~~~~~~~~
/home/lacum/.asdf/installs/ruby/3.2.2/include/ruby-3.2.0/ruby/internal/anyargs.h:274:1: note: in expansion of macro ‘RBIMPL_ANYARGS_DECL’
  274 | RBIMPL_ANYARGS_DECL(rb_define_module_function, VALUE, const char *)
      | ^~~~~~~~~~~~~~~~~~~
/home/lacum/.asdf/installs/ruby/3.2.2/include/ruby-3.2.0/ruby/internal/attr/maybe_unused.h:31:37: error: ISO C does not support ‘[[]]’ attributes before C23 [-Werror=pedantic]
   31 | # define RBIMPL_ATTR_MAYBE_UNUSED() [[maybe_unused]]
      |                                     ^
/home/lacum/.asdf/installs/ruby/3.2.2/include/ruby-3.2.0/ruby/internal/anyargs.h:249:38: note: in expansion of macro ‘RBIMPL_ATTR_MAYBE_UNUSED’
  249 | # define RBIMPL_ANYARGS_ATTRSET(sym) RBIMPL_ATTR_MAYBE_UNUSED() RBIMPL_ATTR_NONNULL(()) RBIMPL_ATTR_WEAKREF(sym)
      |                                      ^~~~~~~~~~~~~~~~~~~~~~~~
/home/lacum/.asdf/installs/ruby/3.2.2/include/ruby-3.2.0/ruby/internal/anyargs.h:261:1: note: in expansion of macro ‘RBIMPL_ANYARGS_ATTRSET’
  261 | RBIMPL_ANYARGS_ATTRSET(sym) static void sym ## _06(__VA_ARGS__, VALUE(*)(VALUE, VALUE, VALUE, VALUE, VALUE, VALUE, VALUE), int); \
      | ^~~~~~~~~~~~~~~~~~~~~~
/home/lacum/.asdf/installs/ruby/3.2.2/include/ruby-3.2.0/ruby/internal/anyargs.h:274:1: note: in expansion of macro ‘RBIMPL_ANYARGS_DECL’
  274 | RBIMPL_ANYARGS_DECL(rb_define_module_function, VALUE, const char *)
      | ^~~~~~~~~~~~~~~~~~~
/home/lacum/.asdf/installs/ruby/3.2.2/include/ruby-3.2.0/ruby/internal/attr/maybe_unused.h:31:37: error: ISO C does not support ‘[[]]’ attributes before C23 [-Werror=pedantic]
   31 | # define RBIMPL_ATTR_MAYBE_UNUSED() [[maybe_unused]]
      |                                     ^
/home/lacum/.asdf/installs/ruby/3.2.2/include/ruby-3.2.0/ruby/internal/anyargs.h:249:38: note: in expansion of macro ‘RBIMPL_ATTR_MAYBE_UNUSED’
  249 | # define RBIMPL_ANYARGS_ATTRSET(sym) RBIMPL_ATTR_MAYBE_UNUSED() RBIMPL_ATTR_NONNULL(()) RBIMPL_ATTR_WEAKREF(sym)
      |                                      ^~~~~~~~~~~~~~~~~~~~~~~~
/home/lacum/.asdf/installs/ruby/3.2.2/include/ruby-3.2.0/ruby/internal/anyargs.h:262:1: note: in expansion of macro ‘RBIMPL_ANYARGS_ATTRSET’
  262 | RBIMPL_ANYARGS_ATTRSET(sym) static void sym ## _07(__VA_ARGS__, VALUE(*)(VALUE, VALUE, VALUE, VALUE, VALUE, VALUE, VALUE, VALUE), int); \
      | ^~~~~~~~~~~~~~~~~~~~~~
/home/lacum/.asdf/installs/ruby/3.2.2/include/ruby-3.2.0/ruby/internal/anyargs.h:274:1: note: in expansion of macro ‘RBIMPL_ANYARGS_DECL’
  274 | RBIMPL_ANYARGS_DECL(rb_define_module_function, VALUE, const char *)
      | ^~~~~~~~~~~~~~~~~~~
/home/lacum/.asdf/installs/ruby/3.2.2/include/ruby-3.2.0/ruby/internal/attr/maybe_unused.h:31:37: error: ISO C does not support ‘[[]]’ attributes before C23 [-Werror=pedantic]
   31 | # define RBIMPL_ATTR_MAYBE_UNUSED() [[maybe_unused]]
      |                                     ^
/home/lacum/.asdf/installs/ruby/3.2.2/include/ruby-3.2.0/ruby/internal/anyargs.h:249:38: note: in expansion of macro ‘RBIMPL_ATTR_MAYBE_UNUSED’
  249 | # define RBIMPL_ANYARGS_ATTRSET(sym) RBIMPL_ATTR_MAYBE_UNUSED() RBIMPL_ATTR_NONNULL(()) RBIMPL_ATTR_WEAKREF(sym)
      |                                      ^~~~~~~~~~~~~~~~~~~~~~~~
/home/lacum/.asdf/installs/ruby/3.2.2/include/ruby-3.2.0/ruby/internal/anyargs.h:263:1: note: in expansion of macro ‘RBIMPL_ANYARGS_ATTRSET’
  263 | RBIMPL_ANYARGS_ATTRSET(sym) static void sym ## _08(__VA_ARGS__, VALUE(*)(VALUE, VALUE, VALUE, VALUE, VALUE, VALUE, VALUE, VALUE, VALUE), int); \
      | ^~~~~~~~~~~~~~~~~~~~~~
/home/lacum/.asdf/installs/ruby/3.2.2/include/ruby-3.2.0/ruby/internal/anyargs.h:274:1: note: in expansion of macro ‘RBIMPL_ANYARGS_DECL’
  274 | RBIMPL_ANYARGS_DECL(rb_define_module_function, VALUE, const char *)
      | ^~~~~~~~~~~~~~~~~~~
/home/lacum/.asdf/installs/ruby/3.2.2/include/ruby-3.2.0/ruby/internal/attr/maybe_unused.h:31:37: error: ISO C does not support ‘[[]]’ attributes before C23 [-Werror=pedantic]
   31 | # define RBIMPL_ATTR_MAYBE_UNUSED() [[maybe_unused]]
      |                                     ^
/home/lacum/.asdf/installs/ruby/3.2.2/include/ruby-3.2.0/ruby/internal/anyargs.h:249:38: note: in expansion of macro ‘RBIMPL_ATTR_MAYBE_UNUSED’
  249 | # define RBIMPL_ANYARGS_ATTRSET(sym) RBIMPL_ATTR_MAYBE_UNUSED() RBIMPL_ATTR_NONNULL(()) RBIMPL_ATTR_WEAKREF(sym)
      |                                      ^~~~~~~~~~~~~~~~~~~~~~~~
/home/lacum/.asdf/installs/ruby/3.2.2/include/ruby-3.2.0/ruby/internal/anyargs.h:264:1: note: in expansion of macro ‘RBIMPL_ANYARGS_ATTRSET’
  264 | RBIMPL_ANYARGS_ATTRSET(sym) static void sym ## _09(__VA_ARGS__, VALUE(*)(VALUE, VALUE, VALUE, VALUE, VALUE, VALUE, VALUE, VALUE, VALUE, VALUE), int); \
      | ^~~~~~~~~~~~~~~~~~~~~~
/home/lacum/.asdf/installs/ruby/3.2.2/include/ruby-3.2.0/ruby/internal/anyargs.h:274:1: note: in expansion of macro ‘RBIMPL_ANYARGS_DECL’
  274 | RBIMPL_ANYARGS_DECL(rb_define_module_function, VALUE, const char *)
      | ^~~~~~~~~~~~~~~~~~~
/home/lacum/.asdf/installs/ruby/3.2.2/include/ruby-3.2.0/ruby/internal/attr/maybe_unused.h:31:37: error: ISO C does not support ‘[[]]’ attributes before C23 [-Werror=pedantic]
   31 | # define RBIMPL_ATTR_MAYBE_UNUSED() [[maybe_unused]]
      |                                     ^
/home/lacum/.asdf/installs/ruby/3.2.2/include/ruby-3.2.0/ruby/internal/anyargs.h:249:38: note: in expansion of macro ‘RBIMPL_ATTR_MAYBE_UNUSED’
  249 | # define RBIMPL_ANYARGS_ATTRSET(sym) RBIMPL_ATTR_MAYBE_UNUSED() RBIMPL_ATTR_NONNULL(()) RBIMPL_ATTR_WEAKREF(sym)
      |                                      ^~~~~~~~~~~~~~~~~~~~~~~~
/home/lacum/.asdf/installs/ruby/3.2.2/include/ruby-3.2.0/ruby/internal/anyargs.h:265:1: note: in expansion of macro ‘RBIMPL_ANYARGS_ATTRSET’
  265 | RBIMPL_ANYARGS_ATTRSET(sym) static void sym ## _10(__VA_ARGS__, VALUE(*)(VALUE, VALUE, VALUE, VALUE, VALUE, VALUE, VALUE, VALUE, VALUE, VALUE, VALUE), int); \
      | ^~~~~~~~~~~~~~~~~~~~~~
/home/lacum/.asdf/installs/ruby/3.2.2/include/ruby-3.2.0/ruby/internal/anyargs.h:274:1: note: in expansion of macro ‘RBIMPL_ANYARGS_DECL’
  274 | RBIMPL_ANYARGS_DECL(rb_define_module_function, VALUE, const char *)
      | ^~~~~~~~~~~~~~~~~~~
/home/lacum/.asdf/installs/ruby/3.2.2/include/ruby-3.2.0/ruby/internal/attr/maybe_unused.h:31:37: error: ISO C does not support ‘[[]]’ attributes before C23 [-Werror=pedantic]
   31 | # define RBIMPL_ATTR_MAYBE_UNUSED() [[maybe_unused]]
      |                                     ^
/home/lacum/.asdf/installs/ruby/3.2.2/include/ruby-3.2.0/ruby/internal/anyargs.h:249:38: note: in expansion of macro ‘RBIMPL_ATTR_MAYBE_UNUSED’
  249 | # define RBIMPL_ANYARGS_ATTRSET(sym) RBIMPL_ATTR_MAYBE_UNUSED() RBIMPL_ATTR_NONNULL(()) RBIMPL_ATTR_WEAKREF(sym)
      |                                      ^~~~~~~~~~~~~~~~~~~~~~~~
/home/lacum/.asdf/installs/ruby/3.2.2/include/ruby-3.2.0/ruby/internal/anyargs.h:266:1: note: in expansion of macro ‘RBIMPL_ANYARGS_ATTRSET’
  266 | RBIMPL_ANYARGS_ATTRSET(sym) static void sym ## _11(__VA_ARGS__, VALUE(*)(VALUE, VALUE, VALUE, VALUE, VALUE, VALUE, VALUE, VALUE, VALUE, VALUE, VALUE, VALUE), int); \
      | ^~~~~~~~~~~~~~~~~~~~~~
/home/lacum/.asdf/installs/ruby/3.2.2/include/ruby-3.2.0/ruby/internal/anyargs.h:274:1: note: in expansion of macro ‘RBIMPL_ANYARGS_DECL’
  274 | RBIMPL_ANYARGS_DECL(rb_define_module_function, VALUE, const char *)
      | ^~~~~~~~~~~~~~~~~~~
/home/lacum/.asdf/installs/ruby/3.2.2/include/ruby-3.2.0/ruby/internal/attr/maybe_unused.h:31:37: error: ISO C does not support ‘[[]]’ attributes before C23 [-Werror=pedantic]
   31 | # define RBIMPL_ATTR_MAYBE_UNUSED() [[maybe_unused]]
      |                                     ^
/home/lacum/.asdf/installs/ruby/3.2.2/include/ruby-3.2.0/ruby/internal/anyargs.h:249:38: note: in expansion of macro ‘RBIMPL_ATTR_MAYBE_UNUSED’
  249 | # define RBIMPL_ANYARGS_ATTRSET(sym) RBIMPL_ATTR_MAYBE_UNUSED() RBIMPL_ATTR_NONNULL(()) RBIMPL_ATTR_WEAKREF(sym)
      |                                      ^~~~~~~~~~~~~~~~~~~~~~~~
/home/lacum/.asdf/installs/ruby/3.2.2/include/ruby-3.2.0/ruby/internal/anyargs.h:267:1: note: in expansion of macro ‘RBIMPL_ANYARGS_ATTRSET’
  267 | RBIMPL_ANYARGS_ATTRSET(sym) static void sym ## _12(__VA_ARGS__, VALUE(*)(VALUE, VALUE, VALUE, VALUE, VALUE, VALUE, VALUE, VALUE, VALUE, VALUE, VALUE, VALUE, VALUE), int); \
      | ^~~~~~~~~~~~~~~~~~~~~~
/home/lacum/.asdf/installs/ruby/3.2.2/include/ruby-3.2.0/ruby/internal/anyargs.h:274:1: note: in expansion of macro ‘RBIMPL_ANYARGS_DECL’
  274 | RBIMPL_ANYARGS_DECL(rb_define_module_function, VALUE, const char *)
      | ^~~~~~~~~~~~~~~~~~~
/home/lacum/.asdf/installs/ruby/3.2.2/include/ruby-3.2.0/ruby/internal/attr/maybe_unused.h:31:37: error: ISO C does not support ‘[[]]’ attributes before C23 [-Werror=pedantic]
   31 | # define RBIMPL_ATTR_MAYBE_UNUSED() [[maybe_unused]]
      |                                     ^
/home/lacum/.asdf/installs/ruby/3.2.2/include/ruby-3.2.0/ruby/internal/anyargs.h:249:38: note: in expansion of macro ‘RBIMPL_ATTR_MAYBE_UNUSED’
  249 | # define RBIMPL_ANYARGS_ATTRSET(sym) RBIMPL_ATTR_MAYBE_UNUSED() RBIMPL_ATTR_NONNULL(()) RBIMPL_ATTR_WEAKREF(sym)
      |                                      ^~~~~~~~~~~~~~~~~~~~~~~~
/home/lacum/.asdf/installs/ruby/3.2.2/include/ruby-3.2.0/ruby/internal/anyargs.h:268:1: note: in expansion of macro ‘RBIMPL_ANYARGS_ATTRSET’
  268 | RBIMPL_ANYARGS_ATTRSET(sym) static void sym ## _13(__VA_ARGS__, VALUE(*)(VALUE, VALUE, VALUE, VALUE, VALUE, VALUE, VALUE, VALUE, VALUE, VALUE, VALUE, VALUE, VALUE, VALUE), int); \
      | ^~~~~~~~~~~~~~~~~~~~~~
/home/lacum/.asdf/installs/ruby/3.2.2/include/ruby-3.2.0/ruby/internal/anyargs.h:274:1: note: in expansion of macro ‘RBIMPL_ANYARGS_DECL’
  274 | RBIMPL_ANYARGS_DECL(rb_define_module_function, VALUE, const char *)
      | ^~~~~~~~~~~~~~~~~~~
/home/lacum/.asdf/installs/ruby/3.2.2/include/ruby-3.2.0/ruby/internal/attr/maybe_unused.h:31:37: error: ISO C does not support ‘[[]]’ attributes before C23 [-Werror=pedantic]
   31 | # define RBIMPL_ATTR_MAYBE_UNUSED() [[maybe_unused]]
      |                                     ^
/home/lacum/.asdf/installs/ruby/3.2.2/include/ruby-3.2.0/ruby/internal/anyargs.h:249:38: note: in expansion of macro ‘RBIMPL_ATTR_MAYBE_UNUSED’
  249 | # define RBIMPL_ANYARGS_ATTRSET(sym) RBIMPL_ATTR_MAYBE_UNUSED() RBIMPL_ATTR_NONNULL(()) RBIMPL_ATTR_WEAKREF(sym)
      |                                      ^~~~~~~~~~~~~~~~~~~~~~~~
/home/lacum/.asdf/installs/ruby/3.2.2/include/ruby-3.2.0/ruby/internal/anyargs.h:269:1: note: in expansion of macro ‘RBIMPL_ANYARGS_ATTRSET’
  269 | RBIMPL_ANYARGS_ATTRSET(sym) static void sym ## _14(__VA_ARGS__, VALUE(*)(VALUE, VALUE, VALUE, VALUE, VALUE, VALUE, VALUE, VALUE, VALUE, VALUE, VALUE, VALUE, VALUE, VALUE, VALUE), int); \
      | ^~~~~~~~~~~~~~~~~~~~~~
/home/lacum/.asdf/installs/ruby/3.2.2/include/ruby-3.2.0/ruby/internal/anyargs.h:274:1: note: in expansion of macro ‘RBIMPL_ANYARGS_DECL’
  274 | RBIMPL_ANYARGS_DECL(rb_define_module_function, VALUE, const char *)
      | ^~~~~~~~~~~~~~~~~~~
/home/lacum/.asdf/installs/ruby/3.2.2/include/ruby-3.2.0/ruby/internal/attr/maybe_unused.h:31:37: error: ISO C does not support ‘[[]]’ attributes before C23 [-Werror=pedantic]
   31 | # define RBIMPL_ATTR_MAYBE_UNUSED() [[maybe_unused]]
      |                                     ^
/home/lacum/.asdf/installs/ruby/3.2.2/include/ruby-3.2.0/ruby/internal/anyargs.h:249:38: note: in expansion of macro ‘RBIMPL_ATTR_MAYBE_UNUSED’
  249 | # define RBIMPL_ANYARGS_ATTRSET(sym) RBIMPL_ATTR_MAYBE_UNUSED() RBIMPL_ATTR_NONNULL(()) RBIMPL_ATTR_WEAKREF(sym)
      |                                      ^~~~~~~~~~~~~~~~~~~~~~~~
/home/lacum/.asdf/installs/ruby/3.2.2/include/ruby-3.2.0/ruby/internal/anyargs.h:270:1: note: in expansion of macro ‘RBIMPL_ANYARGS_ATTRSET’
  270 | RBIMPL_ANYARGS_ATTRSET(sym) static void sym ## _15(__VA_ARGS__, VALUE(*)(VALUE, VALUE, VALUE, VALUE, VALUE, VALUE, VALUE, VALUE, VALUE, VALUE, VALUE, VALUE, VALUE, VALUE, VALUE, VALUE), int);
      | ^~~~~~~~~~~~~~~~~~~~~~
/home/lacum/.asdf/installs/ruby/3.2.2/include/ruby-3.2.0/ruby/internal/anyargs.h:274:1: note: in expansion of macro ‘RBIMPL_ANYARGS_DECL’
  274 | RBIMPL_ANYARGS_DECL(rb_define_module_function, VALUE, const char *)
      | ^~~~~~~~~~~~~~~~~~~
/home/lacum/.asdf/installs/ruby/3.2.2/include/ruby-3.2.0/ruby/internal/attr/maybe_unused.h:31:37: error: ISO C does not support ‘[[]]’ attributes before C23 [-Werror=pedantic]
   31 | # define RBIMPL_ATTR_MAYBE_UNUSED() [[maybe_unused]]
      |                                     ^
/home/lacum/.asdf/installs/ruby/3.2.2/include/ruby-3.2.0/ruby/internal/anyargs.h:249:38: note: in expansion of macro ‘RBIMPL_ATTR_MAYBE_UNUSED’
  249 | # define RBIMPL_ANYARGS_ATTRSET(sym) RBIMPL_ATTR_MAYBE_UNUSED() RBIMPL_ATTR_NONNULL(()) RBIMPL_ATTR_WEAKREF(sym)
      |                                      ^~~~~~~~~~~~~~~~~~~~~~~~
/home/lacum/.asdf/installs/ruby/3.2.2/include/ruby-3.2.0/ruby/internal/anyargs.h:251:1: note: in expansion of macro ‘RBIMPL_ANYARGS_ATTRSET’
  251 | RBIMPL_ANYARGS_ATTRSET(sym) static void sym ## _notimpl(__VA_ARGS__, VALUE(*)(int, const VALUE *, VALUE, VALUE), int); \
      | ^~~~~~~~~~~~~~~~~~~~~~
/home/lacum/.asdf/installs/ruby/3.2.2/include/ruby-3.2.0/ruby/internal/anyargs.h:275:1: note: in expansion of macro ‘RBIMPL_ANYARGS_DECL’
  275 | RBIMPL_ANYARGS_DECL(rb_define_global_function, const char *)
      | ^~~~~~~~~~~~~~~~~~~
/home/lacum/.asdf/installs/ruby/3.2.2/include/ruby-3.2.0/ruby/internal/attr/maybe_unused.h:31:37: error: ISO C does not support ‘[[]]’ attributes before C23 [-Werror=pedantic]
   31 | # define RBIMPL_ATTR_MAYBE_UNUSED() [[maybe_unused]]
      |                                     ^
/home/lacum/.asdf/installs/ruby/3.2.2/include/ruby-3.2.0/ruby/internal/anyargs.h:249:38: note: in expansion of macro ‘RBIMPL_ATTR_MAYBE_UNUSED’
  249 | # define RBIMPL_ANYARGS_ATTRSET(sym) RBIMPL_ATTR_MAYBE_UNUSED() RBIMPL_ATTR_NONNULL(()) RBIMPL_ATTR_WEAKREF(sym)
      |                                      ^~~~~~~~~~~~~~~~~~~~~~~~
/home/lacum/.asdf/installs/ruby/3.2.2/include/ruby-3.2.0/ruby/internal/anyargs.h:252:1: note: in expansion of macro ‘RBIMPL_ANYARGS_ATTRSET’
  252 | RBIMPL_ANYARGS_ATTRSET(sym) static void sym ## _m3(__VA_ARGS__, VALUE(*)(ANYARGS), int); \
      | ^~~~~~~~~~~~~~~~~~~~~~
/home/lacum/.asdf/installs/ruby/3.2.2/include/ruby-3.2.0/ruby/internal/anyargs.h:275:1: note: in expansion of macro ‘RBIMPL_ANYARGS_DECL’
  275 | RBIMPL_ANYARGS_DECL(rb_define_global_function, const char *)
      | ^~~~~~~~~~~~~~~~~~~
/home/lacum/.asdf/installs/ruby/3.2.2/include/ruby-3.2.0/ruby/internal/attr/maybe_unused.h:31:37: error: ISO C does not support ‘[[]]’ attributes before C23 [-Werror=pedantic]
   31 | # define RBIMPL_ATTR_MAYBE_UNUSED() [[maybe_unused]]
      |                                     ^
/home/lacum/.asdf/installs/ruby/3.2.2/include/ruby-3.2.0/ruby/internal/anyargs.h:249:38: note: in expansion of macro ‘RBIMPL_ATTR_MAYBE_UNUSED’
  249 | # define RBIMPL_ANYARGS_ATTRSET(sym) RBIMPL_ATTR_MAYBE_UNUSED() RBIMPL_ATTR_NONNULL(()) RBIMPL_ATTR_WEAKREF(sym)
      |                                      ^~~~~~~~~~~~~~~~~~~~~~~~
/home/lacum/.asdf/installs/ruby/3.2.2/include/ruby-3.2.0/ruby/internal/anyargs.h:253:1: note: in expansion of macro ‘RBIMPL_ANYARGS_ATTRSET’
  253 | RBIMPL_ANYARGS_ATTRSET(sym) static void sym ## _m2(__VA_ARGS__, VALUE(*)(VALUE, VALUE), int); \
      | ^~~~~~~~~~~~~~~~~~~~~~
/home/lacum/.asdf/installs/ruby/3.2.2/include/ruby-3.2.0/ruby/internal/anyargs.h:275:1: note: in expansion of macro ‘RBIMPL_ANYARGS_DECL’
  275 | RBIMPL_ANYARGS_DECL(rb_define_global_function, const char *)
      | ^~~~~~~~~~~~~~~~~~~
/home/lacum/.asdf/installs/ruby/3.2.2/include/ruby-3.2.0/ruby/internal/attr/maybe_unused.h:31:37: error: ISO C does not support ‘[[]]’ attributes before C23 [-Werror=pedantic]
   31 | # define RBIMPL_ATTR_MAYBE_UNUSED() [[maybe_unused]]
      |                                     ^
/home/lacum/.asdf/installs/ruby/3.2.2/include/ruby-3.2.0/ruby/internal/anyargs.h:249:38: note: in expansion of macro ‘RBIMPL_ATTR_MAYBE_UNUSED’
  249 | # define RBIMPL_ANYARGS_ATTRSET(sym) RBIMPL_ATTR_MAYBE_UNUSED() RBIMPL_ATTR_NONNULL(()) RBIMPL_ATTR_WEAKREF(sym)
      |                                      ^~~~~~~~~~~~~~~~~~~~~~~~
/home/lacum/.asdf/installs/ruby/3.2.2/include/ruby-3.2.0/ruby/internal/anyargs.h:254:1: note: in expansion of macro ‘RBIMPL_ANYARGS_ATTRSET’
  254 | RBIMPL_ANYARGS_ATTRSET(sym) static void sym ## _m1(__VA_ARGS__, VALUE(*)(int, union { VALUE *x; const VALUE *y; } __attribute__((__transparent_union__)), VALUE), int); \
      | ^~~~~~~~~~~~~~~~~~~~~~
/home/lacum/.asdf/installs/ruby/3.2.2/include/ruby-3.2.0/ruby/internal/anyargs.h:275:1: note: in expansion of macro ‘RBIMPL_ANYARGS_DECL’
  275 | RBIMPL_ANYARGS_DECL(rb_define_global_function, const char *)
      | ^~~~~~~~~~~~~~~~~~~
/home/lacum/.asdf/installs/ruby/3.2.2/include/ruby-3.2.0/ruby/internal/attr/maybe_unused.h:31:37: error: ISO C does not support ‘[[]]’ attributes before C23 [-Werror=pedantic]
   31 | # define RBIMPL_ATTR_MAYBE_UNUSED() [[maybe_unused]]
      |                                     ^
/home/lacum/.asdf/installs/ruby/3.2.2/include/ruby-3.2.0/ruby/internal/anyargs.h:249:38: note: in expansion of macro ‘RBIMPL_ATTR_MAYBE_UNUSED’
  249 | # define RBIMPL_ANYARGS_ATTRSET(sym) RBIMPL_ATTR_MAYBE_UNUSED() RBIMPL_ATTR_NONNULL(()) RBIMPL_ATTR_WEAKREF(sym)
      |                                      ^~~~~~~~~~~~~~~~~~~~~~~~
/home/lacum/.asdf/installs/ruby/3.2.2/include/ruby-3.2.0/ruby/internal/anyargs.h:255:1: note: in expansion of macro ‘RBIMPL_ANYARGS_ATTRSET’
  255 | RBIMPL_ANYARGS_ATTRSET(sym) static void sym ## _00(__VA_ARGS__, VALUE(*)(VALUE), int); \
      | ^~~~~~~~~~~~~~~~~~~~~~
/home/lacum/.asdf/installs/ruby/3.2.2/include/ruby-3.2.0/ruby/internal/anyargs.h:275:1: note: in expansion of macro ‘RBIMPL_ANYARGS_DECL’
  275 | RBIMPL_ANYARGS_DECL(rb_define_global_function, const char *)
      | ^~~~~~~~~~~~~~~~~~~
/home/lacum/.asdf/installs/ruby/3.2.2/include/ruby-3.2.0/ruby/internal/attr/maybe_unused.h:31:37: error: ISO C does not support ‘[[]]’ attributes before C23 [-Werror=pedantic]
   31 | # define RBIMPL_ATTR_MAYBE_UNUSED() [[maybe_unused]]
      |                                     ^
/home/lacum/.asdf/installs/ruby/3.2.2/include/ruby-3.2.0/ruby/internal/anyargs.h:249:38: note: in expansion of macro ‘RBIMPL_ATTR_MAYBE_UNUSED’
  249 | # define RBIMPL_ANYARGS_ATTRSET(sym) RBIMPL_ATTR_MAYBE_UNUSED() RBIMPL_ATTR_NONNULL(()) RBIMPL_ATTR_WEAKREF(sym)
      |                                      ^~~~~~~~~~~~~~~~~~~~~~~~
/home/lacum/.asdf/installs/ruby/3.2.2/include/ruby-3.2.0/ruby/internal/anyargs.h:256:1: note: in expansion of macro ‘RBIMPL_ANYARGS_ATTRSET’
  256 | RBIMPL_ANYARGS_ATTRSET(sym) static void sym ## _01(__VA_ARGS__, VALUE(*)(VALUE, VALUE), int); \
      | ^~~~~~~~~~~~~~~~~~~~~~
/home/lacum/.asdf/installs/ruby/3.2.2/include/ruby-3.2.0/ruby/internal/anyargs.h:275:1: note: in expansion of macro ‘RBIMPL_ANYARGS_DECL’
  275 | RBIMPL_ANYARGS_DECL(rb_define_global_function, const char *)
      | ^~~~~~~~~~~~~~~~~~~
/home/lacum/.asdf/installs/ruby/3.2.2/include/ruby-3.2.0/ruby/internal/attr/maybe_unused.h:31:37: error: ISO C does not support ‘[[]]’ attributes before C23 [-Werror=pedantic]
   31 | # define RBIMPL_ATTR_MAYBE_UNUSED() [[maybe_unused]]
      |                                     ^
/home/lacum/.asdf/installs/ruby/3.2.2/include/ruby-3.2.0/ruby/internal/anyargs.h:249:38: note: in expansion of macro ‘RBIMPL_ATTR_MAYBE_UNUSED’
  249 | # define RBIMPL_ANYARGS_ATTRSET(sym) RBIMPL_ATTR_MAYBE_UNUSED() RBIMPL_ATTR_NONNULL(()) RBIMPL_ATTR_WEAKREF(sym)
      |                                      ^~~~~~~~~~~~~~~~~~~~~~~~
/home/lacum/.asdf/installs/ruby/3.2.2/include/ruby-3.2.0/ruby/internal/anyargs.h:257:1: note: in expansion of macro ‘RBIMPL_ANYARGS_ATTRSET’
  257 | RBIMPL_ANYARGS_ATTRSET(sym) static void sym ## _02(__VA_ARGS__, VALUE(*)(VALUE, VALUE, VALUE), int); \
      | ^~~~~~~~~~~~~~~~~~~~~~
/home/lacum/.asdf/installs/ruby/3.2.2/include/ruby-3.2.0/ruby/internal/anyargs.h:275:1: note: in expansion of macro ‘RBIMPL_ANYARGS_DECL’
  275 | RBIMPL_ANYARGS_DECL(rb_define_global_function, const char *)
      | ^~~~~~~~~~~~~~~~~~~
/home/lacum/.asdf/installs/ruby/3.2.2/include/ruby-3.2.0/ruby/internal/attr/maybe_unused.h:31:37: error: ISO C does not support ‘[[]]’ attributes before C23 [-Werror=pedantic]
   31 | # define RBIMPL_ATTR_MAYBE_UNUSED() [[maybe_unused]]
      |                                     ^
/home/lacum/.asdf/installs/ruby/3.2.2/include/ruby-3.2.0/ruby/internal/anyargs.h:249:38: note: in expansion of macro ‘RBIMPL_ATTR_MAYBE_UNUSED’
  249 | # define RBIMPL_ANYARGS_ATTRSET(sym) RBIMPL_ATTR_MAYBE_UNUSED() RBIMPL_ATTR_NONNULL(()) RBIMPL_ATTR_WEAKREF(sym)
      |                                      ^~~~~~~~~~~~~~~~~~~~~~~~
/home/lacum/.asdf/installs/ruby/3.2.2/include/ruby-3.2.0/ruby/internal/anyargs.h:258:1: note: in expansion of macro ‘RBIMPL_ANYARGS_ATTRSET’
  258 | RBIMPL_ANYARGS_ATTRSET(sym) static void sym ## _03(__VA_ARGS__, VALUE(*)(VALUE, VALUE, VALUE, VALUE), int); \
      | ^~~~~~~~~~~~~~~~~~~~~~
/home/lacum/.asdf/installs/ruby/3.2.2/include/ruby-3.2.0/ruby/internal/anyargs.h:275:1: note: in expansion of macro ‘RBIMPL_ANYARGS_DECL’
  275 | RBIMPL_ANYARGS_DECL(rb_define_global_function, const char *)
      | ^~~~~~~~~~~~~~~~~~~
/home/lacum/.asdf/installs/ruby/3.2.2/include/ruby-3.2.0/ruby/internal/attr/maybe_unused.h:31:37: error: ISO C does not support ‘[[]]’ attributes before C23 [-Werror=pedantic]
   31 | # define RBIMPL_ATTR_MAYBE_UNUSED() [[maybe_unused]]
      |                                     ^
/home/lacum/.asdf/installs/ruby/3.2.2/include/ruby-3.2.0/ruby/internal/anyargs.h:249:38: note: in expansion of macro ‘RBIMPL_ATTR_MAYBE_UNUSED’
  249 | # define RBIMPL_ANYARGS_ATTRSET(sym) RBIMPL_ATTR_MAYBE_UNUSED() RBIMPL_ATTR_NONNULL(()) RBIMPL_ATTR_WEAKREF(sym)
      |                                      ^~~~~~~~~~~~~~~~~~~~~~~~
/home/lacum/.asdf/installs/ruby/3.2.2/include/ruby-3.2.0/ruby/internal/anyargs.h:259:1: note: in expansion of macro ‘RBIMPL_ANYARGS_ATTRSET’
  259 | RBIMPL_ANYARGS_ATTRSET(sym) static void sym ## _04(__VA_ARGS__, VALUE(*)(VALUE, VALUE, VALUE, VALUE, VALUE), int); \
      | ^~~~~~~~~~~~~~~~~~~~~~
/home/lacum/.asdf/installs/ruby/3.2.2/include/ruby-3.2.0/ruby/internal/anyargs.h:275:1: note: in expansion of macro ‘RBIMPL_ANYARGS_DECL’
  275 | RBIMPL_ANYARGS_DECL(rb_define_global_function, const char *)
      | ^~~~~~~~~~~~~~~~~~~
/home/lacum/.asdf/installs/ruby/3.2.2/include/ruby-3.2.0/ruby/internal/attr/maybe_unused.h:31:37: error: ISO C does not support ‘[[]]’ attributes before C23 [-Werror=pedantic]
   31 | # define RBIMPL_ATTR_MAYBE_UNUSED() [[maybe_unused]]
      |                                     ^
/home/lacum/.asdf/installs/ruby/3.2.2/include/ruby-3.2.0/ruby/internal/anyargs.h:249:38: note: in expansion of macro ‘RBIMPL_ATTR_MAYBE_UNUSED’
  249 | # define RBIMPL_ANYARGS_ATTRSET(sym) RBIMPL_ATTR_MAYBE_UNUSED() RBIMPL_ATTR_NONNULL(()) RBIMPL_ATTR_WEAKREF(sym)
      |                                      ^~~~~~~~~~~~~~~~~~~~~~~~
/home/lacum/.asdf/installs/ruby/3.2.2/include/ruby-3.2.0/ruby/internal/anyargs.h:260:1: note: in expansion of macro ‘RBIMPL_ANYARGS_ATTRSET’
  260 | RBIMPL_ANYARGS_ATTRSET(sym) static void sym ## _05(__VA_ARGS__, VALUE(*)(VALUE, VALUE, VALUE, VALUE, VALUE, VALUE), int); \
      | ^~~~~~~~~~~~~~~~~~~~~~
/home/lacum/.asdf/installs/ruby/3.2.2/include/ruby-3.2.0/ruby/internal/anyargs.h:275:1: note: in expansion of macro ‘RBIMPL_ANYARGS_DECL’
  275 | RBIMPL_ANYARGS_DECL(rb_define_global_function, const char *)
      | ^~~~~~~~~~~~~~~~~~~
/home/lacum/.asdf/installs/ruby/3.2.2/include/ruby-3.2.0/ruby/internal/attr/maybe_unused.h:31:37: error: ISO C does not support ‘[[]]’ attributes before C23 [-Werror=pedantic]
   31 | # define RBIMPL_ATTR_MAYBE_UNUSED() [[maybe_unused]]
      |                                     ^
/home/lacum/.asdf/installs/ruby/3.2.2/include/ruby-3.2.0/ruby/internal/anyargs.h:249:38: note: in expansion of macro ‘RBIMPL_ATTR_MAYBE_UNUSED’
  249 | # define RBIMPL_ANYARGS_ATTRSET(sym) RBIMPL_ATTR_MAYBE_UNUSED() RBIMPL_ATTR_NONNULL(()) RBIMPL_ATTR_WEAKREF(sym)
      |                                      ^~~~~~~~~~~~~~~~~~~~~~~~
/home/lacum/.asdf/installs/ruby/3.2.2/include/ruby-3.2.0/ruby/internal/anyargs.h:261:1: note: in expansion of macro ‘RBIMPL_ANYARGS_ATTRSET’
  261 | RBIMPL_ANYARGS_ATTRSET(sym) static void sym ## _06(__VA_ARGS__, VALUE(*)(VALUE, VALUE, VALUE, VALUE, VALUE, VALUE, VALUE), int); \
      | ^~~~~~~~~~~~~~~~~~~~~~
/home/lacum/.asdf/installs/ruby/3.2.2/include/ruby-3.2.0/ruby/internal/anyargs.h:275:1: note: in expansion of macro ‘RBIMPL_ANYARGS_DECL’
  275 | RBIMPL_ANYARGS_DECL(rb_define_global_function, const char *)
      | ^~~~~~~~~~~~~~~~~~~
/home/lacum/.asdf/installs/ruby/3.2.2/include/ruby-3.2.0/ruby/internal/attr/maybe_unused.h:31:37: error: ISO C does not support ‘[[]]’ attributes before C23 [-Werror=pedantic]
   31 | # define RBIMPL_ATTR_MAYBE_UNUSED() [[maybe_unused]]
      |                                     ^
/home/lacum/.asdf/installs/ruby/3.2.2/include/ruby-3.2.0/ruby/internal/anyargs.h:249:38: note: in expansion of macro ‘RBIMPL_ATTR_MAYBE_UNUSED’
  249 | # define RBIMPL_ANYARGS_ATTRSET(sym) RBIMPL_ATTR_MAYBE_UNUSED() RBIMPL_ATTR_NONNULL(()) RBIMPL_ATTR_WEAKREF(sym)
      |                                      ^~~~~~~~~~~~~~~~~~~~~~~~
/home/lacum/.asdf/installs/ruby/3.2.2/include/ruby-3.2.0/ruby/internal/anyargs.h:262:1: note: in expansion of macro ‘RBIMPL_ANYARGS_ATTRSET’
  262 | RBIMPL_ANYARGS_ATTRSET(sym) static void sym ## _07(__VA_ARGS__, VALUE(*)(VALUE, VALUE, VALUE, VALUE, VALUE, VALUE, VALUE, VALUE), int); \
      | ^~~~~~~~~~~~~~~~~~~~~~
/home/lacum/.asdf/installs/ruby/3.2.2/include/ruby-3.2.0/ruby/internal/anyargs.h:275:1: note: in expansion of macro ‘RBIMPL_ANYARGS_DECL’
  275 | RBIMPL_ANYARGS_DECL(rb_define_global_function, const char *)
      | ^~~~~~~~~~~~~~~~~~~
/home/lacum/.asdf/installs/ruby/3.2.2/include/ruby-3.2.0/ruby/internal/attr/maybe_unused.h:31:37: error: ISO C does not support ‘[[]]’ attributes before C23 [-Werror=pedantic]
   31 | # define RBIMPL_ATTR_MAYBE_UNUSED() [[maybe_unused]]
      |                                     ^
/home/lacum/.asdf/installs/ruby/3.2.2/include/ruby-3.2.0/ruby/internal/anyargs.h:249:38: note: in expansion of macro ‘RBIMPL_ATTR_MAYBE_UNUSED’
  249 | # define RBIMPL_ANYARGS_ATTRSET(sym) RBIMPL_ATTR_MAYBE_UNUSED() RBIMPL_ATTR_NONNULL(()) RBIMPL_ATTR_WEAKREF(sym)
      |                                      ^~~~~~~~~~~~~~~~~~~~~~~~
/home/lacum/.asdf/installs/ruby/3.2.2/include/ruby-3.2.0/ruby/internal/anyargs.h:263:1: note: in expansion of macro ‘RBIMPL_ANYARGS_ATTRSET’
  263 | RBIMPL_ANYARGS_ATTRSET(sym) static void sym ## _08(__VA_ARGS__, VALUE(*)(VALUE, VALUE, VALUE, VALUE, VALUE, VALUE, VALUE, VALUE, VALUE), int); \
      | ^~~~~~~~~~~~~~~~~~~~~~
/home/lacum/.asdf/installs/ruby/3.2.2/include/ruby-3.2.0/ruby/internal/anyargs.h:275:1: note: in expansion of macro ‘RBIMPL_ANYARGS_DECL’
  275 | RBIMPL_ANYARGS_DECL(rb_define_global_function, const char *)
      | ^~~~~~~~~~~~~~~~~~~
/home/lacum/.asdf/installs/ruby/3.2.2/include/ruby-3.2.0/ruby/internal/attr/maybe_unused.h:31:37: error: ISO C does not support ‘[[]]’ attributes before C23 [-Werror=pedantic]
   31 | # define RBIMPL_ATTR_MAYBE_UNUSED() [[maybe_unused]]
      |                                     ^
/home/lacum/.asdf/installs/ruby/3.2.2/include/ruby-3.2.0/ruby/internal/anyargs.h:249:38: note: in expansion of macro ‘RBIMPL_ATTR_MAYBE_UNUSED’
  249 | # define RBIMPL_ANYARGS_ATTRSET(sym) RBIMPL_ATTR_MAYBE_UNUSED() RBIMPL_ATTR_NONNULL(()) RBIMPL_ATTR_WEAKREF(sym)
      |                                      ^~~~~~~~~~~~~~~~~~~~~~~~
/home/lacum/.asdf/installs/ruby/3.2.2/include/ruby-3.2.0/ruby/internal/anyargs.h:264:1: note: in expansion of macro ‘RBIMPL_ANYARGS_ATTRSET’
  264 | RBIMPL_ANYARGS_ATTRSET(sym) static void sym ## _09(__VA_ARGS__, VALUE(*)(VALUE, VALUE, VALUE, VALUE, VALUE, VALUE, VALUE, VALUE, VALUE, VALUE), int); \
      | ^~~~~~~~~~~~~~~~~~~~~~
/home/lacum/.asdf/installs/ruby/3.2.2/include/ruby-3.2.0/ruby/internal/anyargs.h:275:1: note: in expansion of macro ‘RBIMPL_ANYARGS_DECL’
  275 | RBIMPL_ANYARGS_DECL(rb_define_global_function, const char *)
      | ^~~~~~~~~~~~~~~~~~~
/home/lacum/.asdf/installs/ruby/3.2.2/include/ruby-3.2.0/ruby/internal/attr/maybe_unused.h:31:37: error: ISO C does not support ‘[[]]’ attributes before C23 [-Werror=pedantic]
   31 | # define RBIMPL_ATTR_MAYBE_UNUSED() [[maybe_unused]]
      |                                     ^
/home/lacum/.asdf/installs/ruby/3.2.2/include/ruby-3.2.0/ruby/internal/anyargs.h:249:38: note: in expansion of macro ‘RBIMPL_ATTR_MAYBE_UNUSED’
  249 | # define RBIMPL_ANYARGS_ATTRSET(sym) RBIMPL_ATTR_MAYBE_UNUSED() RBIMPL_ATTR_NONNULL(()) RBIMPL_ATTR_WEAKREF(sym)
      |                                      ^~~~~~~~~~~~~~~~~~~~~~~~
/home/lacum/.asdf/installs/ruby/3.2.2/include/ruby-3.2.0/ruby/internal/anyargs.h:265:1: note: in expansion of macro ‘RBIMPL_ANYARGS_ATTRSET’
  265 | RBIMPL_ANYARGS_ATTRSET(sym) static void sym ## _10(__VA_ARGS__, VALUE(*)(VALUE, VALUE, VALUE, VALUE, VALUE, VALUE, VALUE, VALUE, VALUE, VALUE, VALUE), int); \
      | ^~~~~~~~~~~~~~~~~~~~~~
/home/lacum/.asdf/installs/ruby/3.2.2/include/ruby-3.2.0/ruby/internal/anyargs.h:275:1: note: in expansion of macro ‘RBIMPL_ANYARGS_DECL’
  275 | RBIMPL_ANYARGS_DECL(rb_define_global_function, const char *)
      | ^~~~~~~~~~~~~~~~~~~
/home/lacum/.asdf/installs/ruby/3.2.2/include/ruby-3.2.0/ruby/internal/attr/maybe_unused.h:31:37: error: ISO C does not support ‘[[]]’ attributes before C23 [-Werror=pedantic]
   31 | # define RBIMPL_ATTR_MAYBE_UNUSED() [[maybe_unused]]
      |                                     ^
/home/lacum/.asdf/installs/ruby/3.2.2/include/ruby-3.2.0/ruby/internal/anyargs.h:249:38: note: in expansion of macro ‘RBIMPL_ATTR_MAYBE_UNUSED’
  249 | # define RBIMPL_ANYARGS_ATTRSET(sym) RBIMPL_ATTR_MAYBE_UNUSED() RBIMPL_ATTR_NONNULL(()) RBIMPL_ATTR_WEAKREF(sym)
      |                                      ^~~~~~~~~~~~~~~~~~~~~~~~
/home/lacum/.asdf/installs/ruby/3.2.2/include/ruby-3.2.0/ruby/internal/anyargs.h:266:1: note: in expansion of macro ‘RBIMPL_ANYARGS_ATTRSET’
  266 | RBIMPL_ANYARGS_ATTRSET(sym) static void sym ## _11(__VA_ARGS__, VALUE(*)(VALUE, VALUE, VALUE, VALUE, VALUE, VALUE, VALUE, VALUE, VALUE, VALUE, VALUE, VALUE), int); \
      | ^~~~~~~~~~~~~~~~~~~~~~
/home/lacum/.asdf/installs/ruby/3.2.2/include/ruby-3.2.0/ruby/internal/anyargs.h:275:1: note: in expansion of macro ‘RBIMPL_ANYARGS_DECL’
  275 | RBIMPL_ANYARGS_DECL(rb_define_global_function, const char *)
      | ^~~~~~~~~~~~~~~~~~~
/home/lacum/.asdf/installs/ruby/3.2.2/include/ruby-3.2.0/ruby/internal/attr/maybe_unused.h:31:37: error: ISO C does not support ‘[[]]’ attributes before C23 [-Werror=pedantic]
   31 | # define RBIMPL_ATTR_MAYBE_UNUSED() [[maybe_unused]]
      |                                     ^
/home/lacum/.asdf/installs/ruby/3.2.2/include/ruby-3.2.0/ruby/internal/anyargs.h:249:38: note: in expansion of macro ‘RBIMPL_ATTR_MAYBE_UNUSED’
  249 | # define RBIMPL_ANYARGS_ATTRSET(sym) RBIMPL_ATTR_MAYBE_UNUSED() RBIMPL_ATTR_NONNULL(()) RBIMPL_ATTR_WEAKREF(sym)
      |                                      ^~~~~~~~~~~~~~~~~~~~~~~~
/home/lacum/.asdf/installs/ruby/3.2.2/include/ruby-3.2.0/ruby/internal/anyargs.h:267:1: note: in expansion of macro ‘RBIMPL_ANYARGS_ATTRSET’
  267 | RBIMPL_ANYARGS_ATTRSET(sym) static void sym ## _12(__VA_ARGS__, VALUE(*)(VALUE, VALUE, VALUE, VALUE, VALUE, VALUE, VALUE, VALUE, VALUE, VALUE, VALUE, VALUE, VALUE), int); \
      | ^~~~~~~~~~~~~~~~~~~~~~
/home/lacum/.asdf/installs/ruby/3.2.2/include/ruby-3.2.0/ruby/internal/anyargs.h:275:1: note: in expansion of macro ‘RBIMPL_ANYARGS_DECL’
  275 | RBIMPL_ANYARGS_DECL(rb_define_global_function, const char *)
      | ^~~~~~~~~~~~~~~~~~~
/home/lacum/.asdf/installs/ruby/3.2.2/include/ruby-3.2.0/ruby/internal/attr/maybe_unused.h:31:37: error: ISO C does not support ‘[[]]’ attributes before C23 [-Werror=pedantic]
   31 | # define RBIMPL_ATTR_MAYBE_UNUSED() [[maybe_unused]]
      |                                     ^
/home/lacum/.asdf/installs/ruby/3.2.2/include/ruby-3.2.0/ruby/internal/anyargs.h:249:38: note: in expansion of macro ‘RBIMPL_ATTR_MAYBE_UNUSED’
  249 | # define RBIMPL_ANYARGS_ATTRSET(sym) RBIMPL_ATTR_MAYBE_UNUSED() RBIMPL_ATTR_NONNULL(()) RBIMPL_ATTR_WEAKREF(sym)
      |                                      ^~~~~~~~~~~~~~~~~~~~~~~~
/home/lacum/.asdf/installs/ruby/3.2.2/include/ruby-3.2.0/ruby/internal/anyargs.h:268:1: note: in expansion of macro ‘RBIMPL_ANYARGS_ATTRSET’
  268 | RBIMPL_ANYARGS_ATTRSET(sym) static void sym ## _13(__VA_ARGS__, VALUE(*)(VALUE, VALUE, VALUE, VALUE, VALUE, VALUE, VALUE, VALUE, VALUE, VALUE, VALUE, VALUE, VALUE, VALUE), int); \
      | ^~~~~~~~~~~~~~~~~~~~~~
/home/lacum/.asdf/installs/ruby/3.2.2/include/ruby-3.2.0/ruby/internal/anyargs.h:275:1: note: in expansion of macro ‘RBIMPL_ANYARGS_DECL’
  275 | RBIMPL_ANYARGS_DECL(rb_define_global_function, const char *)
      | ^~~~~~~~~~~~~~~~~~~
/home/lacum/.asdf/installs/ruby/3.2.2/include/ruby-3.2.0/ruby/internal/attr/maybe_unused.h:31:37: error: ISO C does not support ‘[[]]’ attributes before C23 [-Werror=pedantic]
   31 | # define RBIMPL_ATTR_MAYBE_UNUSED() [[maybe_unused]]
      |                                     ^
/home/lacum/.asdf/installs/ruby/3.2.2/include/ruby-3.2.0/ruby/internal/anyargs.h:249:38: note: in expansion of macro ‘RBIMPL_ATTR_MAYBE_UNUSED’
  249 | # define RBIMPL_ANYARGS_ATTRSET(sym) RBIMPL_ATTR_MAYBE_UNUSED() RBIMPL_ATTR_NONNULL(()) RBIMPL_ATTR_WEAKREF(sym)
      |                                      ^~~~~~~~~~~~~~~~~~~~~~~~
/home/lacum/.asdf/installs/ruby/3.2.2/include/ruby-3.2.0/ruby/internal/anyargs.h:269:1: note: in expansion of macro ‘RBIMPL_ANYARGS_ATTRSET’
  269 | RBIMPL_ANYARGS_ATTRSET(sym) static void sym ## _14(__VA_ARGS__, VALUE(*)(VALUE, VALUE, VALUE, VALUE, VALUE, VALUE, VALUE, VALUE, VALUE, VALUE, VALUE, VALUE, VALUE, VALUE, VALUE), int); \
      | ^~~~~~~~~~~~~~~~~~~~~~
/home/lacum/.asdf/installs/ruby/3.2.2/include/ruby-3.2.0/ruby/internal/anyargs.h:275:1: note: in expansion of macro ‘RBIMPL_ANYARGS_DECL’
  275 | RBIMPL_ANYARGS_DECL(rb_define_global_function, const char *)
      | ^~~~~~~~~~~~~~~~~~~
/home/lacum/.asdf/installs/ruby/3.2.2/include/ruby-3.2.0/ruby/internal/attr/maybe_unused.h:31:37: error: ISO C does not support ‘[[]]’ attributes before C23 [-Werror=pedantic]
   31 | # define RBIMPL_ATTR_MAYBE_UNUSED() [[maybe_unused]]
      |                                     ^
/home/lacum/.asdf/installs/ruby/3.2.2/include/ruby-3.2.0/ruby/internal/anyargs.h:249:38: note: in expansion of macro ‘RBIMPL_ATTR_MAYBE_UNUSED’
  249 | # define RBIMPL_ANYARGS_ATTRSET(sym) RBIMPL_ATTR_MAYBE_UNUSED() RBIMPL_ATTR_NONNULL(()) RBIMPL_ATTR_WEAKREF(sym)
      |                                      ^~~~~~~~~~~~~~~~~~~~~~~~
/home/lacum/.asdf/installs/ruby/3.2.2/include/ruby-3.2.0/ruby/internal/anyargs.h:270:1: note: in expansion of macro ‘RBIMPL_ANYARGS_ATTRSET’
  270 | RBIMPL_ANYARGS_ATTRSET(sym) static void sym ## _15(__VA_ARGS__, VALUE(*)(VALUE, VALUE, VALUE, VALUE, VALUE, VALUE, VALUE, VALUE, VALUE, VALUE, VALUE, VALUE, VALUE, VALUE, VALUE, VALUE), int);
      | ^~~~~~~~~~~~~~~~~~~~~~
/home/lacum/.asdf/installs/ruby/3.2.2/include/ruby-3.2.0/ruby/internal/anyargs.h:275:1: note: in expansion of macro ‘RBIMPL_ANYARGS_DECL’
  275 | RBIMPL_ANYARGS_DECL(rb_define_global_function, const char *)
      | ^~~~~~~~~~~~~~~~~~~
/home/lacum/.asdf/installs/ruby/3.2.2/include/ruby-3.2.0/ruby/internal/attr/maybe_unused.h:31:37: error: ISO C does not support ‘[[]]’ attributes before C23 [-Werror=pedantic]
   31 | # define RBIMPL_ATTR_MAYBE_UNUSED() [[maybe_unused]]
      |                                     ^
/home/lacum/.asdf/installs/ruby/3.2.2/include/ruby-3.2.0/ruby/internal/anyargs.h:249:38: note: in expansion of macro ‘RBIMPL_ATTR_MAYBE_UNUSED’
  249 | # define RBIMPL_ANYARGS_ATTRSET(sym) RBIMPL_ATTR_MAYBE_UNUSED() RBIMPL_ATTR_NONNULL(()) RBIMPL_ATTR_WEAKREF(sym)
      |                                      ^~~~~~~~~~~~~~~~~~~~~~~~
/home/lacum/.asdf/installs/ruby/3.2.2/include/ruby-3.2.0/ruby/internal/anyargs.h:251:1: note: in expansion of macro ‘RBIMPL_ANYARGS_ATTRSET’
  251 | RBIMPL_ANYARGS_ATTRSET(sym) static void sym ## _notimpl(__VA_ARGS__, VALUE(*)(int, const VALUE *, VALUE, VALUE), int); \
      | ^~~~~~~~~~~~~~~~~~~~~~
/home/lacum/.asdf/installs/ruby/3.2.2/include/ruby-3.2.0/ruby/internal/anyargs.h:276:1: note: in expansion of macro ‘RBIMPL_ANYARGS_DECL’
  276 | RBIMPL_ANYARGS_DECL(rb_define_method_id, VALUE, ID)
      | ^~~~~~~~~~~~~~~~~~~
/home/lacum/.asdf/installs/ruby/3.2.2/include/ruby-3.2.0/ruby/internal/attr/maybe_unused.h:31:37: error: ISO C does not support ‘[[]]’ attributes before C23 [-Werror=pedantic]
   31 | # define RBIMPL_ATTR_MAYBE_UNUSED() [[maybe_unused]]
      |                                     ^
/home/lacum/.asdf/installs/ruby/3.2.2/include/ruby-3.2.0/ruby/internal/anyargs.h:249:38: note: in expansion of macro ‘RBIMPL_ATTR_MAYBE_UNUSED’
  249 | # define RBIMPL_ANYARGS_ATTRSET(sym) RBIMPL_ATTR_MAYBE_UNUSED() RBIMPL_ATTR_NONNULL(()) RBIMPL_ATTR_WEAKREF(sym)
      |                                      ^~~~~~~~~~~~~~~~~~~~~~~~
/home/lacum/.asdf/installs/ruby/3.2.2/include/ruby-3.2.0/ruby/internal/anyargs.h:252:1: note: in expansion of macro ‘RBIMPL_ANYARGS_ATTRSET’
  252 | RBIMPL_ANYARGS_ATTRSET(sym) static void sym ## _m3(__VA_ARGS__, VALUE(*)(ANYARGS), int); \
      | ^~~~~~~~~~~~~~~~~~~~~~
/home/lacum/.asdf/installs/ruby/3.2.2/include/ruby-3.2.0/ruby/internal/anyargs.h:276:1: note: in expansion of macro ‘RBIMPL_ANYARGS_DECL’
  276 | RBIMPL_ANYARGS_DECL(rb_define_method_id, VALUE, ID)
      | ^~~~~~~~~~~~~~~~~~~
/home/lacum/.asdf/installs/ruby/3.2.2/include/ruby-3.2.0/ruby/internal/attr/maybe_unused.h:31:37: error: ISO C does not support ‘[[]]’ attributes before C23 [-Werror=pedantic]
   31 | # define RBIMPL_ATTR_MAYBE_UNUSED() [[maybe_unused]]
      |                                     ^
/home/lacum/.asdf/installs/ruby/3.2.2/include/ruby-3.2.0/ruby/internal/anyargs.h:249:38: note: in expansion of macro ‘RBIMPL_ATTR_MAYBE_UNUSED’
  249 | # define RBIMPL_ANYARGS_ATTRSET(sym) RBIMPL_ATTR_MAYBE_UNUSED() RBIMPL_ATTR_NONNULL(()) RBIMPL_ATTR_WEAKREF(sym)
      |                                      ^~~~~~~~~~~~~~~~~~~~~~~~
/home/lacum/.asdf/installs/ruby/3.2.2/include/ruby-3.2.0/ruby/internal/anyargs.h:253:1: note: in expansion of macro ‘RBIMPL_ANYARGS_ATTRSET’
  253 | RBIMPL_ANYARGS_ATTRSET(sym) static void sym ## _m2(__VA_ARGS__, VALUE(*)(VALUE, VALUE), int); \
      | ^~~~~~~~~~~~~~~~~~~~~~
/home/lacum/.asdf/installs/ruby/3.2.2/include/ruby-3.2.0/ruby/internal/anyargs.h:276:1: note: in expansion of macro ‘RBIMPL_ANYARGS_DECL’
  276 | RBIMPL_ANYARGS_DECL(rb_define_method_id, VALUE, ID)
      | ^~~~~~~~~~~~~~~~~~~
/home/lacum/.asdf/installs/ruby/3.2.2/include/ruby-3.2.0/ruby/internal/attr/maybe_unused.h:31:37: error: ISO C does not support ‘[[]]’ attributes before C23 [-Werror=pedantic]
   31 | # define RBIMPL_ATTR_MAYBE_UNUSED() [[maybe_unused]]
      |                                     ^
/home/lacum/.asdf/installs/ruby/3.2.2/include/ruby-3.2.0/ruby/internal/anyargs.h:249:38: note: in expansion of macro ‘RBIMPL_ATTR_MAYBE_UNUSED’
  249 | # define RBIMPL_ANYARGS_ATTRSET(sym) RBIMPL_ATTR_MAYBE_UNUSED() RBIMPL_ATTR_NONNULL(()) RBIMPL_ATTR_WEAKREF(sym)
      |                                      ^~~~~~~~~~~~~~~~~~~~~~~~
/home/lacum/.asdf/installs/ruby/3.2.2/include/ruby-3.2.0/ruby/internal/anyargs.h:254:1: note: in expansion of macro ‘RBIMPL_ANYARGS_ATTRSET’
  254 | RBIMPL_ANYARGS_ATTRSET(sym) static void sym ## _m1(__VA_ARGS__, VALUE(*)(int, union { VALUE *x; const VALUE *y; } __attribute__((__transparent_union__)), VALUE), int); \
      | ^~~~~~~~~~~~~~~~~~~~~~
/home/lacum/.asdf/installs/ruby/3.2.2/include/ruby-3.2.0/ruby/internal/anyargs.h:276:1: note: in expansion of macro ‘RBIMPL_ANYARGS_DECL’
  276 | RBIMPL_ANYARGS_DECL(rb_define_method_id, VALUE, ID)
      | ^~~~~~~~~~~~~~~~~~~
/home/lacum/.asdf/installs/ruby/3.2.2/include/ruby-3.2.0/ruby/internal/attr/maybe_unused.h:31:37: error: ISO C does not support ‘[[]]’ attributes before C23 [-Werror=pedantic]
   31 | # define RBIMPL_ATTR_MAYBE_UNUSED() [[maybe_unused]]
      |                                     ^
/home/lacum/.asdf/installs/ruby/3.2.2/include/ruby-3.2.0/ruby/internal/anyargs.h:249:38: note: in expansion of macro ‘RBIMPL_ATTR_MAYBE_UNUSED’
  249 | # define RBIMPL_ANYARGS_ATTRSET(sym) RBIMPL_ATTR_MAYBE_UNUSED() RBIMPL_ATTR_NONNULL(()) RBIMPL_ATTR_WEAKREF(sym)
      |                                      ^~~~~~~~~~~~~~~~~~~~~~~~
/home/lacum/.asdf/installs/ruby/3.2.2/include/ruby-3.2.0/ruby/internal/anyargs.h:255:1: note: in expansion of macro ‘RBIMPL_ANYARGS_ATTRSET’
  255 | RBIMPL_ANYARGS_ATTRSET(sym) static void sym ## _00(__VA_ARGS__, VALUE(*)(VALUE), int); \
      | ^~~~~~~~~~~~~~~~~~~~~~
/home/lacum/.asdf/installs/ruby/3.2.2/include/ruby-3.2.0/ruby/internal/anyargs.h:276:1: note: in expansion of macro ‘RBIMPL_ANYARGS_DECL’
  276 | RBIMPL_ANYARGS_DECL(rb_define_method_id, VALUE, ID)
      | ^~~~~~~~~~~~~~~~~~~
/home/lacum/.asdf/installs/ruby/3.2.2/include/ruby-3.2.0/ruby/internal/attr/maybe_unused.h:31:37: error: ISO C does not support ‘[[]]’ attributes before C23 [-Werror=pedantic]
   31 | # define RBIMPL_ATTR_MAYBE_UNUSED() [[maybe_unused]]
      |                                     ^
/home/lacum/.asdf/installs/ruby/3.2.2/include/ruby-3.2.0/ruby/internal/anyargs.h:249:38: note: in expansion of macro ‘RBIMPL_ATTR_MAYBE_UNUSED’
  249 | # define RBIMPL_ANYARGS_ATTRSET(sym) RBIMPL_ATTR_MAYBE_UNUSED() RBIMPL_ATTR_NONNULL(()) RBIMPL_ATTR_WEAKREF(sym)
      |                                      ^~~~~~~~~~~~~~~~~~~~~~~~
/home/lacum/.asdf/installs/ruby/3.2.2/include/ruby-3.2.0/ruby/internal/anyargs.h:256:1: note: in expansion of macro ‘RBIMPL_ANYARGS_ATTRSET’
  256 | RBIMPL_ANYARGS_ATTRSET(sym) static void sym ## _01(__VA_ARGS__, VALUE(*)(VALUE, VALUE), int); \
      | ^~~~~~~~~~~~~~~~~~~~~~
/home/lacum/.asdf/installs/ruby/3.2.2/include/ruby-3.2.0/ruby/internal/anyargs.h:276:1: note: in expansion of macro ‘RBIMPL_ANYARGS_DECL’
  276 | RBIMPL_ANYARGS_DECL(rb_define_method_id, VALUE, ID)
      | ^~~~~~~~~~~~~~~~~~~
/home/lacum/.asdf/installs/ruby/3.2.2/include/ruby-3.2.0/ruby/internal/attr/maybe_unused.h:31:37: error: ISO C does not support ‘[[]]’ attributes before C23 [-Werror=pedantic]
   31 | # define RBIMPL_ATTR_MAYBE_UNUSED() [[maybe_unused]]
      |                                     ^
/home/lacum/.asdf/installs/ruby/3.2.2/include/ruby-3.2.0/ruby/internal/anyargs.h:249:38: note: in expansion of macro ‘RBIMPL_ATTR_MAYBE_UNUSED’
  249 | # define RBIMPL_ANYARGS_ATTRSET(sym) RBIMPL_ATTR_MAYBE_UNUSED() RBIMPL_ATTR_NONNULL(()) RBIMPL_ATTR_WEAKREF(sym)
      |                                      ^~~~~~~~~~~~~~~~~~~~~~~~
/home/lacum/.asdf/installs/ruby/3.2.2/include/ruby-3.2.0/ruby/internal/anyargs.h:257:1: note: in expansion of macro ‘RBIMPL_ANYARGS_ATTRSET’
  257 | RBIMPL_ANYARGS_ATTRSET(sym) static void sym ## _02(__VA_ARGS__, VALUE(*)(VALUE, VALUE, VALUE), int); \
      | ^~~~~~~~~~~~~~~~~~~~~~
/home/lacum/.asdf/installs/ruby/3.2.2/include/ruby-3.2.0/ruby/internal/anyargs.h:276:1: note: in expansion of macro ‘RBIMPL_ANYARGS_DECL’
  276 | RBIMPL_ANYARGS_DECL(rb_define_method_id, VALUE, ID)
      | ^~~~~~~~~~~~~~~~~~~
/home/lacum/.asdf/installs/ruby/3.2.2/include/ruby-3.2.0/ruby/internal/attr/maybe_unused.h:31:37: error: ISO C does not support ‘[[]]’ attributes before C23 [-Werror=pedantic]
   31 | # define RBIMPL_ATTR_MAYBE_UNUSED() [[maybe_unused]]
      |                                     ^
/home/lacum/.asdf/installs/ruby/3.2.2/include/ruby-3.2.0/ruby/internal/anyargs.h:249:38: note: in expansion of macro ‘RBIMPL_ATTR_MAYBE_UNUSED’
  249 | # define RBIMPL_ANYARGS_ATTRSET(sym) RBIMPL_ATTR_MAYBE_UNUSED() RBIMPL_ATTR_NONNULL(()) RBIMPL_ATTR_WEAKREF(sym)
      |                                      ^~~~~~~~~~~~~~~~~~~~~~~~
/home/lacum/.asdf/installs/ruby/3.2.2/include/ruby-3.2.0/ruby/internal/anyargs.h:258:1: note: in expansion of macro ‘RBIMPL_ANYARGS_ATTRSET’
  258 | RBIMPL_ANYARGS_ATTRSET(sym) static void sym ## _03(__VA_ARGS__, VALUE(*)(VALUE, VALUE, VALUE, VALUE), int); \
      | ^~~~~~~~~~~~~~~~~~~~~~
/home/lacum/.asdf/installs/ruby/3.2.2/include/ruby-3.2.0/ruby/internal/anyargs.h:276:1: note: in expansion of macro ‘RBIMPL_ANYARGS_DECL’
  276 | RBIMPL_ANYARGS_DECL(rb_define_method_id, VALUE, ID)
      | ^~~~~~~~~~~~~~~~~~~
/home/lacum/.asdf/installs/ruby/3.2.2/include/ruby-3.2.0/ruby/internal/attr/maybe_unused.h:31:37: error: ISO C does not support ‘[[]]’ attributes before C23 [-Werror=pedantic]
   31 | # define RBIMPL_ATTR_MAYBE_UNUSED() [[maybe_unused]]
      |                                     ^
/home/lacum/.asdf/installs/ruby/3.2.2/include/ruby-3.2.0/ruby/internal/anyargs.h:249:38: note: in expansion of macro ‘RBIMPL_ATTR_MAYBE_UNUSED’
  249 | # define RBIMPL_ANYARGS_ATTRSET(sym) RBIMPL_ATTR_MAYBE_UNUSED() RBIMPL_ATTR_NONNULL(()) RBIMPL_ATTR_WEAKREF(sym)
      |                                      ^~~~~~~~~~~~~~~~~~~~~~~~
/home/lacum/.asdf/installs/ruby/3.2.2/include/ruby-3.2.0/ruby/internal/anyargs.h:259:1: note: in expansion of macro ‘RBIMPL_ANYARGS_ATTRSET’
  259 | RBIMPL_ANYARGS_ATTRSET(sym) static void sym ## _04(__VA_ARGS__, VALUE(*)(VALUE, VALUE, VALUE, VALUE, VALUE), int); \
      | ^~~~~~~~~~~~~~~~~~~~~~
/home/lacum/.asdf/installs/ruby/3.2.2/include/ruby-3.2.0/ruby/internal/anyargs.h:276:1: note: in expansion of macro ‘RBIMPL_ANYARGS_DECL’
  276 | RBIMPL_ANYARGS_DECL(rb_define_method_id, VALUE, ID)
      | ^~~~~~~~~~~~~~~~~~~
/home/lacum/.asdf/installs/ruby/3.2.2/include/ruby-3.2.0/ruby/internal/attr/maybe_unused.h:31:37: error: ISO C does not support ‘[[]]’ attributes before C23 [-Werror=pedantic]
   31 | # define RBIMPL_ATTR_MAYBE_UNUSED() [[maybe_unused]]
      |                                     ^
/home/lacum/.asdf/installs/ruby/3.2.2/include/ruby-3.2.0/ruby/internal/anyargs.h:249:38: note: in expansion of macro ‘RBIMPL_ATTR_MAYBE_UNUSED’
  249 | # define RBIMPL_ANYARGS_ATTRSET(sym) RBIMPL_ATTR_MAYBE_UNUSED() RBIMPL_ATTR_NONNULL(()) RBIMPL_ATTR_WEAKREF(sym)
      |                                      ^~~~~~~~~~~~~~~~~~~~~~~~
/home/lacum/.asdf/installs/ruby/3.2.2/include/ruby-3.2.0/ruby/internal/anyargs.h:260:1: note: in expansion of macro ‘RBIMPL_ANYARGS_ATTRSET’
  260 | RBIMPL_ANYARGS_ATTRSET(sym) static void sym ## _05(__VA_ARGS__, VALUE(*)(VALUE, VALUE, VALUE, VALUE, VALUE, VALUE), int); \
      | ^~~~~~~~~~~~~~~~~~~~~~
/home/lacum/.asdf/installs/ruby/3.2.2/include/ruby-3.2.0/ruby/internal/anyargs.h:276:1: note: in expansion of macro ‘RBIMPL_ANYARGS_DECL’
  276 | RBIMPL_ANYARGS_DECL(rb_define_method_id, VALUE, ID)
      | ^~~~~~~~~~~~~~~~~~~
/home/lacum/.asdf/installs/ruby/3.2.2/include/ruby-3.2.0/ruby/internal/attr/maybe_unused.h:31:37: error: ISO C does not support ‘[[]]’ attributes before C23 [-Werror=pedantic]
   31 | # define RBIMPL_ATTR_MAYBE_UNUSED() [[maybe_unused]]
      |                                     ^
/home/lacum/.asdf/installs/ruby/3.2.2/include/ruby-3.2.0/ruby/internal/anyargs.h:249:38: note: in expansion of macro ‘RBIMPL_ATTR_MAYBE_UNUSED’
  249 | # define RBIMPL_ANYARGS_ATTRSET(sym) RBIMPL_ATTR_MAYBE_UNUSED() RBIMPL_ATTR_NONNULL(()) RBIMPL_ATTR_WEAKREF(sym)
      |                                      ^~~~~~~~~~~~~~~~~~~~~~~~
/home/lacum/.asdf/installs/ruby/3.2.2/include/ruby-3.2.0/ruby/internal/anyargs.h:261:1: note: in expansion of macro ‘RBIMPL_ANYARGS_ATTRSET’
  261 | RBIMPL_ANYARGS_ATTRSET(sym) static void sym ## _06(__VA_ARGS__, VALUE(*)(VALUE, VALUE, VALUE, VALUE, VALUE, VALUE, VALUE), int); \
      | ^~~~~~~~~~~~~~~~~~~~~~
/home/lacum/.asdf/installs/ruby/3.2.2/include/ruby-3.2.0/ruby/internal/anyargs.h:276:1: note: in expansion of macro ‘RBIMPL_ANYARGS_DECL’
  276 | RBIMPL_ANYARGS_DECL(rb_define_method_id, VALUE, ID)
      | ^~~~~~~~~~~~~~~~~~~
/home/lacum/.asdf/installs/ruby/3.2.2/include/ruby-3.2.0/ruby/internal/attr/maybe_unused.h:31:37: error: ISO C does not support ‘[[]]’ attributes before C23 [-Werror=pedantic]
   31 | # define RBIMPL_ATTR_MAYBE_UNUSED() [[maybe_unused]]
      |                                     ^
/home/lacum/.asdf/installs/ruby/3.2.2/include/ruby-3.2.0/ruby/internal/anyargs.h:249:38: note: in expansion of macro ‘RBIMPL_ATTR_MAYBE_UNUSED’
  249 | # define RBIMPL_ANYARGS_ATTRSET(sym) RBIMPL_ATTR_MAYBE_UNUSED() RBIMPL_ATTR_NONNULL(()) RBIMPL_ATTR_WEAKREF(sym)
      |                                      ^~~~~~~~~~~~~~~~~~~~~~~~
/home/lacum/.asdf/installs/ruby/3.2.2/include/ruby-3.2.0/ruby/internal/anyargs.h:262:1: note: in expansion of macro ‘RBIMPL_ANYARGS_ATTRSET’
  262 | RBIMPL_ANYARGS_ATTRSET(sym) static void sym ## _07(__VA_ARGS__, VALUE(*)(VALUE, VALUE, VALUE, VALUE, VALUE, VALUE, VALUE, VALUE), int); \
      | ^~~~~~~~~~~~~~~~~~~~~~
/home/lacum/.asdf/installs/ruby/3.2.2/include/ruby-3.2.0/ruby/internal/anyargs.h:276:1: note: in expansion of macro ‘RBIMPL_ANYARGS_DECL’
  276 | RBIMPL_ANYARGS_DECL(rb_define_method_id, VALUE, ID)
      | ^~~~~~~~~~~~~~~~~~~
/home/lacum/.asdf/installs/ruby/3.2.2/include/ruby-3.2.0/ruby/internal/attr/maybe_unused.h:31:37: error: ISO C does not support ‘[[]]’ attributes before C23 [-Werror=pedantic]
   31 | # define RBIMPL_ATTR_MAYBE_UNUSED() [[maybe_unused]]
      |                                     ^
/home/lacum/.asdf/installs/ruby/3.2.2/include/ruby-3.2.0/ruby/internal/anyargs.h:249:38: note: in expansion of macro ‘RBIMPL_ATTR_MAYBE_UNUSED’
  249 | # define RBIMPL_ANYARGS_ATTRSET(sym) RBIMPL_ATTR_MAYBE_UNUSED() RBIMPL_ATTR_NONNULL(()) RBIMPL_ATTR_WEAKREF(sym)
      |                                      ^~~~~~~~~~~~~~~~~~~~~~~~
/home/lacum/.asdf/installs/ruby/3.2.2/include/ruby-3.2.0/ruby/internal/anyargs.h:263:1: note: in expansion of macro ‘RBIMPL_ANYARGS_ATTRSET’
  263 | RBIMPL_ANYARGS_ATTRSET(sym) static void sym ## _08(__VA_ARGS__, VALUE(*)(VALUE, VALUE, VALUE, VALUE, VALUE, VALUE, VALUE, VALUE, VALUE), int); \
      | ^~~~~~~~~~~~~~~~~~~~~~
/home/lacum/.asdf/installs/ruby/3.2.2/include/ruby-3.2.0/ruby/internal/anyargs.h:276:1: note: in expansion of macro ‘RBIMPL_ANYARGS_DECL’
  276 | RBIMPL_ANYARGS_DECL(rb_define_method_id, VALUE, ID)
      | ^~~~~~~~~~~~~~~~~~~
/home/lacum/.asdf/installs/ruby/3.2.2/include/ruby-3.2.0/ruby/internal/attr/maybe_unused.h:31:37: error: ISO C does not support ‘[[]]’ attributes before C23 [-Werror=pedantic]
   31 | # define RBIMPL_ATTR_MAYBE_UNUSED() [[maybe_unused]]
      |                                     ^
/home/lacum/.asdf/installs/ruby/3.2.2/include/ruby-3.2.0/ruby/internal/anyargs.h:249:38: note: in expansion of macro ‘RBIMPL_ATTR_MAYBE_UNUSED’
  249 | # define RBIMPL_ANYARGS_ATTRSET(sym) RBIMPL_ATTR_MAYBE_UNUSED() RBIMPL_ATTR_NONNULL(()) RBIMPL_ATTR_WEAKREF(sym)
      |                                      ^~~~~~~~~~~~~~~~~~~~~~~~
/home/lacum/.asdf/installs/ruby/3.2.2/include/ruby-3.2.0/ruby/internal/anyargs.h:264:1: note: in expansion of macro ‘RBIMPL_ANYARGS_ATTRSET’
  264 | RBIMPL_ANYARGS_ATTRSET(sym) static void sym ## _09(__VA_ARGS__, VALUE(*)(VALUE, VALUE, VALUE, VALUE, VALUE, VALUE, VALUE, VALUE, VALUE, VALUE), int); \
      | ^~~~~~~~~~~~~~~~~~~~~~
/home/lacum/.asdf/installs/ruby/3.2.2/include/ruby-3.2.0/ruby/internal/anyargs.h:276:1: note: in expansion of macro ‘RBIMPL_ANYARGS_DECL’
  276 | RBIMPL_ANYARGS_DECL(rb_define_method_id, VALUE, ID)
      | ^~~~~~~~~~~~~~~~~~~
/home/lacum/.asdf/installs/ruby/3.2.2/include/ruby-3.2.0/ruby/internal/attr/maybe_unused.h:31:37: error: ISO C does not support ‘[[]]’ attributes before C23 [-Werror=pedantic]
   31 | # define RBIMPL_ATTR_MAYBE_UNUSED() [[maybe_unused]]
      |                                     ^
/home/lacum/.asdf/installs/ruby/3.2.2/include/ruby-3.2.0/ruby/internal/anyargs.h:249:38: note: in expansion of macro ‘RBIMPL_ATTR_MAYBE_UNUSED’
  249 | # define RBIMPL_ANYARGS_ATTRSET(sym) RBIMPL_ATTR_MAYBE_UNUSED() RBIMPL_ATTR_NONNULL(()) RBIMPL_ATTR_WEAKREF(sym)
      |                                      ^~~~~~~~~~~~~~~~~~~~~~~~
/home/lacum/.asdf/installs/ruby/3.2.2/include/ruby-3.2.0/ruby/internal/anyargs.h:265:1: note: in expansion of macro ‘RBIMPL_ANYARGS_ATTRSET’
  265 | RBIMPL_ANYARGS_ATTRSET(sym) static void sym ## _10(__VA_ARGS__, VALUE(*)(VALUE, VALUE, VALUE, VALUE, VALUE, VALUE, VALUE, VALUE, VALUE, VALUE, VALUE), int); \
      | ^~~~~~~~~~~~~~~~~~~~~~
/home/lacum/.asdf/installs/ruby/3.2.2/include/ruby-3.2.0/ruby/internal/anyargs.h:276:1: note: in expansion of macro ‘RBIMPL_ANYARGS_DECL’
  276 | RBIMPL_ANYARGS_DECL(rb_define_method_id, VALUE, ID)
      | ^~~~~~~~~~~~~~~~~~~
/home/lacum/.asdf/installs/ruby/3.2.2/include/ruby-3.2.0/ruby/internal/attr/maybe_unused.h:31:37: error: ISO C does not support ‘[[]]’ attributes before C23 [-Werror=pedantic]
   31 | # define RBIMPL_ATTR_MAYBE_UNUSED() [[maybe_unused]]
      |                                     ^
/home/lacum/.asdf/installs/ruby/3.2.2/include/ruby-3.2.0/ruby/internal/anyargs.h:249:38: note: in expansion of macro ‘RBIMPL_ATTR_MAYBE_UNUSED’
  249 | # define RBIMPL_ANYARGS_ATTRSET(sym) RBIMPL_ATTR_MAYBE_UNUSED() RBIMPL_ATTR_NONNULL(()) RBIMPL_ATTR_WEAKREF(sym)
      |                                      ^~~~~~~~~~~~~~~~~~~~~~~~
/home/lacum/.asdf/installs/ruby/3.2.2/include/ruby-3.2.0/ruby/internal/anyargs.h:266:1: note: in expansion of macro ‘RBIMPL_ANYARGS_ATTRSET’
  266 | RBIMPL_ANYARGS_ATTRSET(sym) static void sym ## _11(__VA_ARGS__, VALUE(*)(VALUE, VALUE, VALUE, VALUE, VALUE, VALUE, VALUE, VALUE, VALUE, VALUE, VALUE, VALUE), int); \
      | ^~~~~~~~~~~~~~~~~~~~~~
/home/lacum/.asdf/installs/ruby/3.2.2/include/ruby-3.2.0/ruby/internal/anyargs.h:276:1: note: in expansion of macro ‘RBIMPL_ANYARGS_DECL’
  276 | RBIMPL_ANYARGS_DECL(rb_define_method_id, VALUE, ID)
      | ^~~~~~~~~~~~~~~~~~~
/home/lacum/.asdf/installs/ruby/3.2.2/include/ruby-3.2.0/ruby/internal/attr/maybe_unused.h:31:37: error: ISO C does not support ‘[[]]’ attributes before C23 [-Werror=pedantic]
   31 | # define RBIMPL_ATTR_MAYBE_UNUSED() [[maybe_unused]]
      |                                     ^
/home/lacum/.asdf/installs/ruby/3.2.2/include/ruby-3.2.0/ruby/internal/anyargs.h:249:38: note: in expansion of macro ‘RBIMPL_ATTR_MAYBE_UNUSED’
  249 | # define RBIMPL_ANYARGS_ATTRSET(sym) RBIMPL_ATTR_MAYBE_UNUSED() RBIMPL_ATTR_NONNULL(()) RBIMPL_ATTR_WEAKREF(sym)
      |                                      ^~~~~~~~~~~~~~~~~~~~~~~~
/home/lacum/.asdf/installs/ruby/3.2.2/include/ruby-3.2.0/ruby/internal/anyargs.h:267:1: note: in expansion of macro ‘RBIMPL_ANYARGS_ATTRSET’
  267 | RBIMPL_ANYARGS_ATTRSET(sym) static void sym ## _12(__VA_ARGS__, VALUE(*)(VALUE, VALUE, VALUE, VALUE, VALUE, VALUE, VALUE, VALUE, VALUE, VALUE, VALUE, VALUE, VALUE), int); \
      | ^~~~~~~~~~~~~~~~~~~~~~
/home/lacum/.asdf/installs/ruby/3.2.2/include/ruby-3.2.0/ruby/internal/anyargs.h:276:1: note: in expansion of macro ‘RBIMPL_ANYARGS_DECL’
  276 | RBIMPL_ANYARGS_DECL(rb_define_method_id, VALUE, ID)
      | ^~~~~~~~~~~~~~~~~~~
/home/lacum/.asdf/installs/ruby/3.2.2/include/ruby-3.2.0/ruby/internal/attr/maybe_unused.h:31:37: error: ISO C does not support ‘[[]]’ attributes before C23 [-Werror=pedantic]
   31 | # define RBIMPL_ATTR_MAYBE_UNUSED() [[maybe_unused]]
      |                                     ^
/home/lacum/.asdf/installs/ruby/3.2.2/include/ruby-3.2.0/ruby/internal/anyargs.h:249:38: note: in expansion of macro ‘RBIMPL_ATTR_MAYBE_UNUSED’
  249 | # define RBIMPL_ANYARGS_ATTRSET(sym) RBIMPL_ATTR_MAYBE_UNUSED() RBIMPL_ATTR_NONNULL(()) RBIMPL_ATTR_WEAKREF(sym)
      |                                      ^~~~~~~~~~~~~~~~~~~~~~~~
/home/lacum/.asdf/installs/ruby/3.2.2/include/ruby-3.2.0/ruby/internal/anyargs.h:268:1: note: in expansion of macro ‘RBIMPL_ANYARGS_ATTRSET’
  268 | RBIMPL_ANYARGS_ATTRSET(sym) static void sym ## _13(__VA_ARGS__, VALUE(*)(VALUE, VALUE, VALUE, VALUE, VALUE, VALUE, VALUE, VALUE, VALUE, VALUE, VALUE, VALUE, VALUE, VALUE), int); \
      | ^~~~~~~~~~~~~~~~~~~~~~
/home/lacum/.asdf/installs/ruby/3.2.2/include/ruby-3.2.0/ruby/internal/anyargs.h:276:1: note: in expansion of macro ‘RBIMPL_ANYARGS_DECL’
  276 | RBIMPL_ANYARGS_DECL(rb_define_method_id, VALUE, ID)
      | ^~~~~~~~~~~~~~~~~~~
/home/lacum/.asdf/installs/ruby/3.2.2/include/ruby-3.2.0/ruby/internal/attr/maybe_unused.h:31:37: error: ISO C does not support ‘[[]]’ attributes before C23 [-Werror=pedantic]
   31 | # define RBIMPL_ATTR_MAYBE_UNUSED() [[maybe_unused]]
      |                                     ^
/home/lacum/.asdf/installs/ruby/3.2.2/include/ruby-3.2.0/ruby/internal/anyargs.h:249:38: note: in expansion of macro ‘RBIMPL_ATTR_MAYBE_UNUSED’
  249 | # define RBIMPL_ANYARGS_ATTRSET(sym) RBIMPL_ATTR_MAYBE_UNUSED() RBIMPL_ATTR_NONNULL(()) RBIMPL_ATTR_WEAKREF(sym)
      |                                      ^~~~~~~~~~~~~~~~~~~~~~~~
/home/lacum/.asdf/installs/ruby/3.2.2/include/ruby-3.2.0/ruby/internal/anyargs.h:269:1: note: in expansion of macro ‘RBIMPL_ANYARGS_ATTRSET’
  269 | RBIMPL_ANYARGS_ATTRSET(sym) static void sym ## _14(__VA_ARGS__, VALUE(*)(VALUE, VALUE, VALUE, VALUE, VALUE, VALUE, VALUE, VALUE, VALUE, VALUE, VALUE, VALUE, VALUE, VALUE, VALUE), int); \
      | ^~~~~~~~~~~~~~~~~~~~~~
/home/lacum/.asdf/installs/ruby/3.2.2/include/ruby-3.2.0/ruby/internal/anyargs.h:276:1: note: in expansion of macro ‘RBIMPL_ANYARGS_DECL’
  276 | RBIMPL_ANYARGS_DECL(rb_define_method_id, VALUE, ID)
      | ^~~~~~~~~~~~~~~~~~~
/home/lacum/.asdf/installs/ruby/3.2.2/include/ruby-3.2.0/ruby/internal/attr/maybe_unused.h:31:37: error: ISO C does not support ‘[[]]’ attributes before C23 [-Werror=pedantic]
   31 | # define RBIMPL_ATTR_MAYBE_UNUSED() [[maybe_unused]]
      |                                     ^
/home/lacum/.asdf/installs/ruby/3.2.2/include/ruby-3.2.0/ruby/internal/anyargs.h:249:38: note: in expansion of macro ‘RBIMPL_ATTR_MAYBE_UNUSED’
  249 | # define RBIMPL_ANYARGS_ATTRSET(sym) RBIMPL_ATTR_MAYBE_UNUSED() RBIMPL_ATTR_NONNULL(()) RBIMPL_ATTR_WEAKREF(sym)
      |                                      ^~~~~~~~~~~~~~~~~~~~~~~~
/home/lacum/.asdf/installs/ruby/3.2.2/include/ruby-3.2.0/ruby/internal/anyargs.h:270:1: note: in expansion of macro ‘RBIMPL_ANYARGS_ATTRSET’
  270 | RBIMPL_ANYARGS_ATTRSET(sym) static void sym ## _15(__VA_ARGS__, VALUE(*)(VALUE, VALUE, VALUE, VALUE, VALUE, VALUE, VALUE, VALUE, VALUE, VALUE, VALUE, VALUE, VALUE, VALUE, VALUE, VALUE), int);
      | ^~~~~~~~~~~~~~~~~~~~~~
/home/lacum/.asdf/installs/ruby/3.2.2/include/ruby-3.2.0/ruby/internal/anyargs.h:276:1: note: in expansion of macro ‘RBIMPL_ANYARGS_DECL’
  276 | RBIMPL_ANYARGS_DECL(rb_define_method_id, VALUE, ID)
      | ^~~~~~~~~~~~~~~~~~~
/home/lacum/.asdf/installs/ruby/3.2.2/include/ruby-3.2.0/ruby/internal/attr/maybe_unused.h:31:37: error: ISO C does not support ‘[[]]’ attributes before C23 [-Werror=pedantic]
   31 | # define RBIMPL_ATTR_MAYBE_UNUSED() [[maybe_unused]]
      |                                     ^
/home/lacum/.asdf/installs/ruby/3.2.2/include/ruby-3.2.0/ruby/internal/anyargs.h:249:38: note: in expansion of macro ‘RBIMPL_ATTR_MAYBE_UNUSED’
  249 | # define RBIMPL_ANYARGS_ATTRSET(sym) RBIMPL_ATTR_MAYBE_UNUSED() RBIMPL_ATTR_NONNULL(()) RBIMPL_ATTR_WEAKREF(sym)
      |                                      ^~~~~~~~~~~~~~~~~~~~~~~~
/home/lacum/.asdf/installs/ruby/3.2.2/include/ruby-3.2.0/ruby/internal/anyargs.h:251:1: note: in expansion of macro ‘RBIMPL_ANYARGS_ATTRSET’
  251 | RBIMPL_ANYARGS_ATTRSET(sym) static void sym ## _notimpl(__VA_ARGS__, VALUE(*)(int, const VALUE *, VALUE, VALUE), int); \
      | ^~~~~~~~~~~~~~~~~~~~~~
/home/lacum/.asdf/installs/ruby/3.2.2/include/ruby-3.2.0/ruby/internal/anyargs.h:277:1: note: in expansion of macro ‘RBIMPL_ANYARGS_DECL’
  277 | RBIMPL_ANYARGS_DECL(rb_define_method, VALUE, const char *)
      | ^~~~~~~~~~~~~~~~~~~
/home/lacum/.asdf/installs/ruby/3.2.2/include/ruby-3.2.0/ruby/internal/attr/maybe_unused.h:31:37: error: ISO C does not support ‘[[]]’ attributes before C23 [-Werror=pedantic]
   31 | # define RBIMPL_ATTR_MAYBE_UNUSED() [[maybe_unused]]
      |                                     ^
/home/lacum/.asdf/installs/ruby/3.2.2/include/ruby-3.2.0/ruby/internal/anyargs.h:249:38: note: in expansion of macro ‘RBIMPL_ATTR_MAYBE_UNUSED’
  249 | # define RBIMPL_ANYARGS_ATTRSET(sym) RBIMPL_ATTR_MAYBE_UNUSED() RBIMPL_ATTR_NONNULL(()) RBIMPL_ATTR_WEAKREF(sym)
      |                                      ^~~~~~~~~~~~~~~~~~~~~~~~
/home/lacum/.asdf/installs/ruby/3.2.2/include/ruby-3.2.0/ruby/internal/anyargs.h:252:1: note: in expansion of macro ‘RBIMPL_ANYARGS_ATTRSET’
  252 | RBIMPL_ANYARGS_ATTRSET(sym) static void sym ## _m3(__VA_ARGS__, VALUE(*)(ANYARGS), int); \
      | ^~~~~~~~~~~~~~~~~~~~~~
/home/lacum/.asdf/installs/ruby/3.2.2/include/ruby-3.2.0/ruby/internal/anyargs.h:277:1: note: in expansion of macro ‘RBIMPL_ANYARGS_DECL’
  277 | RBIMPL_ANYARGS_DECL(rb_define_method, VALUE, const char *)
      | ^~~~~~~~~~~~~~~~~~~
/home/lacum/.asdf/installs/ruby/3.2.2/include/ruby-3.2.0/ruby/internal/attr/maybe_unused.h:31:37: error: ISO C does not support ‘[[]]’ attributes before C23 [-Werror=pedantic]
   31 | # define RBIMPL_ATTR_MAYBE_UNUSED() [[maybe_unused]]
      |                                     ^
/home/lacum/.asdf/installs/ruby/3.2.2/include/ruby-3.2.0/ruby/internal/anyargs.h:249:38: note: in expansion of macro ‘RBIMPL_ATTR_MAYBE_UNUSED’
  249 | # define RBIMPL_ANYARGS_ATTRSET(sym) RBIMPL_ATTR_MAYBE_UNUSED() RBIMPL_ATTR_NONNULL(()) RBIMPL_ATTR_WEAKREF(sym)
      |                                      ^~~~~~~~~~~~~~~~~~~~~~~~
/home/lacum/.asdf/installs/ruby/3.2.2/include/ruby-3.2.0/ruby/internal/anyargs.h:253:1: note: in expansion of macro ‘RBIMPL_ANYARGS_ATTRSET’
  253 | RBIMPL_ANYARGS_ATTRSET(sym) static void sym ## _m2(__VA_ARGS__, VALUE(*)(VALUE, VALUE), int); \
      | ^~~~~~~~~~~~~~~~~~~~~~
/home/lacum/.asdf/installs/ruby/3.2.2/include/ruby-3.2.0/ruby/internal/anyargs.h:277:1: note: in expansion of macro ‘RBIMPL_ANYARGS_DECL’
  277 | RBIMPL_ANYARGS_DECL(rb_define_method, VALUE, const char *)
      | ^~~~~~~~~~~~~~~~~~~
/home/lacum/.asdf/installs/ruby/3.2.2/include/ruby-3.2.0/ruby/internal/attr/maybe_unused.h:31:37: error: ISO C does not support ‘[[]]’ attributes before C23 [-Werror=pedantic]
   31 | # define RBIMPL_ATTR_MAYBE_UNUSED() [[maybe_unused]]
      |                                     ^
/home/lacum/.asdf/installs/ruby/3.2.2/include/ruby-3.2.0/ruby/internal/anyargs.h:249:38: note: in expansion of macro ‘RBIMPL_ATTR_MAYBE_UNUSED’
  249 | # define RBIMPL_ANYARGS_ATTRSET(sym) RBIMPL_ATTR_MAYBE_UNUSED() RBIMPL_ATTR_NONNULL(()) RBIMPL_ATTR_WEAKREF(sym)
      |                                      ^~~~~~~~~~~~~~~~~~~~~~~~
/home/lacum/.asdf/installs/ruby/3.2.2/include/ruby-3.2.0/ruby/internal/anyargs.h:254:1: note: in expansion of macro ‘RBIMPL_ANYARGS_ATTRSET’
  254 | RBIMPL_ANYARGS_ATTRSET(sym) static void sym ## _m1(__VA_ARGS__, VALUE(*)(int, union { VALUE *x; const VALUE *y; } __attribute__((__transparent_union__)), VALUE), int); \
      | ^~~~~~~~~~~~~~~~~~~~~~
/home/lacum/.asdf/installs/ruby/3.2.2/include/ruby-3.2.0/ruby/internal/anyargs.h:277:1: note: in expansion of macro ‘RBIMPL_ANYARGS_DECL’
  277 | RBIMPL_ANYARGS_DECL(rb_define_method, VALUE, const char *)
      | ^~~~~~~~~~~~~~~~~~~
/home/lacum/.asdf/installs/ruby/3.2.2/include/ruby-3.2.0/ruby/internal/attr/maybe_unused.h:31:37: error: ISO C does not support ‘[[]]’ attributes before C23 [-Werror=pedantic]
   31 | # define RBIMPL_ATTR_MAYBE_UNUSED() [[maybe_unused]]
      |                                     ^
/home/lacum/.asdf/installs/ruby/3.2.2/include/ruby-3.2.0/ruby/internal/anyargs.h:249:38: note: in expansion of macro ‘RBIMPL_ATTR_MAYBE_UNUSED’
  249 | # define RBIMPL_ANYARGS_ATTRSET(sym) RBIMPL_ATTR_MAYBE_UNUSED() RBIMPL_ATTR_NONNULL(()) RBIMPL_ATTR_WEAKREF(sym)
      |                                      ^~~~~~~~~~~~~~~~~~~~~~~~
/home/lacum/.asdf/installs/ruby/3.2.2/include/ruby-3.2.0/ruby/internal/anyargs.h:255:1: note: in expansion of macro ‘RBIMPL_ANYARGS_ATTRSET’
  255 | RBIMPL_ANYARGS_ATTRSET(sym) static void sym ## _00(__VA_ARGS__, VALUE(*)(VALUE), int); \
      | ^~~~~~~~~~~~~~~~~~~~~~
/home/lacum/.asdf/installs/ruby/3.2.2/include/ruby-3.2.0/ruby/internal/anyargs.h:277:1: note: in expansion of macro ‘RBIMPL_ANYARGS_DECL’
  277 | RBIMPL_ANYARGS_DECL(rb_define_method, VALUE, const char *)
      | ^~~~~~~~~~~~~~~~~~~
/home/lacum/.asdf/installs/ruby/3.2.2/include/ruby-3.2.0/ruby/internal/attr/maybe_unused.h:31:37: error: ISO C does not support ‘[[]]’ attributes before C23 [-Werror=pedantic]
   31 | # define RBIMPL_ATTR_MAYBE_UNUSED() [[maybe_unused]]
      |                                     ^
/home/lacum/.asdf/installs/ruby/3.2.2/include/ruby-3.2.0/ruby/internal/anyargs.h:249:38: note: in expansion of macro ‘RBIMPL_ATTR_MAYBE_UNUSED’
  249 | # define RBIMPL_ANYARGS_ATTRSET(sym) RBIMPL_ATTR_MAYBE_UNUSED() RBIMPL_ATTR_NONNULL(()) RBIMPL_ATTR_WEAKREF(sym)
      |                                      ^~~~~~~~~~~~~~~~~~~~~~~~
/home/lacum/.asdf/installs/ruby/3.2.2/include/ruby-3.2.0/ruby/internal/anyargs.h:256:1: note: in expansion of macro ‘RBIMPL_ANYARGS_ATTRSET’
  256 | RBIMPL_ANYARGS_ATTRSET(sym) static void sym ## _01(__VA_ARGS__, VALUE(*)(VALUE, VALUE), int); \
      | ^~~~~~~~~~~~~~~~~~~~~~
/home/lacum/.asdf/installs/ruby/3.2.2/include/ruby-3.2.0/ruby/internal/anyargs.h:277:1: note: in expansion of macro ‘RBIMPL_ANYARGS_DECL’
  277 | RBIMPL_ANYARGS_DECL(rb_define_method, VALUE, const char *)
      | ^~~~~~~~~~~~~~~~~~~
/home/lacum/.asdf/installs/ruby/3.2.2/include/ruby-3.2.0/ruby/internal/attr/maybe_unused.h:31:37: error: ISO C does not support ‘[[]]’ attributes before C23 [-Werror=pedantic]
   31 | # define RBIMPL_ATTR_MAYBE_UNUSED() [[maybe_unused]]
      |                                     ^
/home/lacum/.asdf/installs/ruby/3.2.2/include/ruby-3.2.0/ruby/internal/anyargs.h:249:38: note: in expansion of macro ‘RBIMPL_ATTR_MAYBE_UNUSED’
  249 | # define RBIMPL_ANYARGS_ATTRSET(sym) RBIMPL_ATTR_MAYBE_UNUSED() RBIMPL_ATTR_NONNULL(()) RBIMPL_ATTR_WEAKREF(sym)
      |                                      ^~~~~~~~~~~~~~~~~~~~~~~~
/home/lacum/.asdf/installs/ruby/3.2.2/include/ruby-3.2.0/ruby/internal/anyargs.h:257:1: note: in expansion of macro ‘RBIMPL_ANYARGS_ATTRSET’
  257 | RBIMPL_ANYARGS_ATTRSET(sym) static void sym ## _02(__VA_ARGS__, VALUE(*)(VALUE, VALUE, VALUE), int); \
      | ^~~~~~~~~~~~~~~~~~~~~~
/home/lacum/.asdf/installs/ruby/3.2.2/include/ruby-3.2.0/ruby/internal/anyargs.h:277:1: note: in expansion of macro ‘RBIMPL_ANYARGS_DECL’
  277 | RBIMPL_ANYARGS_DECL(rb_define_method, VALUE, const char *)
      | ^~~~~~~~~~~~~~~~~~~
/home/lacum/.asdf/installs/ruby/3.2.2/include/ruby-3.2.0/ruby/internal/attr/maybe_unused.h:31:37: error: ISO C does not support ‘[[]]’ attributes before C23 [-Werror=pedantic]
   31 | # define RBIMPL_ATTR_MAYBE_UNUSED() [[maybe_unused]]
      |                                     ^
/home/lacum/.asdf/installs/ruby/3.2.2/include/ruby-3.2.0/ruby/internal/anyargs.h:249:38: note: in expansion of macro ‘RBIMPL_ATTR_MAYBE_UNUSED’
  249 | # define RBIMPL_ANYARGS_ATTRSET(sym) RBIMPL_ATTR_MAYBE_UNUSED() RBIMPL_ATTR_NONNULL(()) RBIMPL_ATTR_WEAKREF(sym)
      |                                      ^~~~~~~~~~~~~~~~~~~~~~~~
/home/lacum/.asdf/installs/ruby/3.2.2/include/ruby-3.2.0/ruby/internal/anyargs.h:258:1: note: in expansion of macro ‘RBIMPL_ANYARGS_ATTRSET’
  258 | RBIMPL_ANYARGS_ATTRSET(sym) static void sym ## _03(__VA_ARGS__, VALUE(*)(VALUE, VALUE, VALUE, VALUE), int); \
      | ^~~~~~~~~~~~~~~~~~~~~~
/home/lacum/.asdf/installs/ruby/3.2.2/include/ruby-3.2.0/ruby/internal/anyargs.h:277:1: note: in expansion of macro ‘RBIMPL_ANYARGS_DECL’
  277 | RBIMPL_ANYARGS_DECL(rb_define_method, VALUE, const char *)
      | ^~~~~~~~~~~~~~~~~~~
/home/lacum/.asdf/installs/ruby/3.2.2/include/ruby-3.2.0/ruby/internal/attr/maybe_unused.h:31:37: error: ISO C does not support ‘[[]]’ attributes before C23 [-Werror=pedantic]
   31 | # define RBIMPL_ATTR_MAYBE_UNUSED() [[maybe_unused]]
      |                                     ^
/home/lacum/.asdf/installs/ruby/3.2.2/include/ruby-3.2.0/ruby/internal/anyargs.h:249:38: note: in expansion of macro ‘RBIMPL_ATTR_MAYBE_UNUSED’
  249 | # define RBIMPL_ANYARGS_ATTRSET(sym) RBIMPL_ATTR_MAYBE_UNUSED() RBIMPL_ATTR_NONNULL(()) RBIMPL_ATTR_WEAKREF(sym)
      |                                      ^~~~~~~~~~~~~~~~~~~~~~~~
/home/lacum/.asdf/installs/ruby/3.2.2/include/ruby-3.2.0/ruby/internal/anyargs.h:259:1: note: in expansion of macro ‘RBIMPL_ANYARGS_ATTRSET’
  259 | RBIMPL_ANYARGS_ATTRSET(sym) static void sym ## _04(__VA_ARGS__, VALUE(*)(VALUE, VALUE, VALUE, VALUE, VALUE), int); \
      | ^~~~~~~~~~~~~~~~~~~~~~
/home/lacum/.asdf/installs/ruby/3.2.2/include/ruby-3.2.0/ruby/internal/anyargs.h:277:1: note: in expansion of macro ‘RBIMPL_ANYARGS_DECL’
  277 | RBIMPL_ANYARGS_DECL(rb_define_method, VALUE, const char *)
      | ^~~~~~~~~~~~~~~~~~~
/home/lacum/.asdf/installs/ruby/3.2.2/include/ruby-3.2.0/ruby/internal/attr/maybe_unused.h:31:37: error: ISO C does not support ‘[[]]’ attributes before C23 [-Werror=pedantic]
   31 | # define RBIMPL_ATTR_MAYBE_UNUSED() [[maybe_unused]]
      |                                     ^
/home/lacum/.asdf/installs/ruby/3.2.2/include/ruby-3.2.0/ruby/internal/anyargs.h:249:38: note: in expansion of macro ‘RBIMPL_ATTR_MAYBE_UNUSED’
  249 | # define RBIMPL_ANYARGS_ATTRSET(sym) RBIMPL_ATTR_MAYBE_UNUSED() RBIMPL_ATTR_NONNULL(()) RBIMPL_ATTR_WEAKREF(sym)
      |                                      ^~~~~~~~~~~~~~~~~~~~~~~~
/home/lacum/.asdf/installs/ruby/3.2.2/include/ruby-3.2.0/ruby/internal/anyargs.h:260:1: note: in expansion of macro ‘RBIMPL_ANYARGS_ATTRSET’
  260 | RBIMPL_ANYARGS_ATTRSET(sym) static void sym ## _05(__VA_ARGS__, VALUE(*)(VALUE, VALUE, VALUE, VALUE, VALUE, VALUE), int); \
      | ^~~~~~~~~~~~~~~~~~~~~~
/home/lacum/.asdf/installs/ruby/3.2.2/include/ruby-3.2.0/ruby/internal/anyargs.h:277:1: note: in expansion of macro ‘RBIMPL_ANYARGS_DECL’
  277 | RBIMPL_ANYARGS_DECL(rb_define_method, VALUE, const char *)
      | ^~~~~~~~~~~~~~~~~~~
/home/lacum/.asdf/installs/ruby/3.2.2/include/ruby-3.2.0/ruby/internal/attr/maybe_unused.h:31:37: error: ISO C does not support ‘[[]]’ attributes before C23 [-Werror=pedantic]
   31 | # define RBIMPL_ATTR_MAYBE_UNUSED() [[maybe_unused]]
      |                                     ^
/home/lacum/.asdf/installs/ruby/3.2.2/include/ruby-3.2.0/ruby/internal/anyargs.h:249:38: note: in expansion of macro ‘RBIMPL_ATTR_MAYBE_UNUSED’
  249 | # define RBIMPL_ANYARGS_ATTRSET(sym) RBIMPL_ATTR_MAYBE_UNUSED() RBIMPL_ATTR_NONNULL(()) RBIMPL_ATTR_WEAKREF(sym)
      |                                      ^~~~~~~~~~~~~~~~~~~~~~~~
/home/lacum/.asdf/installs/ruby/3.2.2/include/ruby-3.2.0/ruby/internal/anyargs.h:261:1: note: in expansion of macro ‘RBIMPL_ANYARGS_ATTRSET’
  261 | RBIMPL_ANYARGS_ATTRSET(sym) static void sym ## _06(__VA_ARGS__, VALUE(*)(VALUE, VALUE, VALUE, VALUE, VALUE, VALUE, VALUE), int); \
      | ^~~~~~~~~~~~~~~~~~~~~~
/home/lacum/.asdf/installs/ruby/3.2.2/include/ruby-3.2.0/ruby/internal/anyargs.h:277:1: note: in expansion of macro ‘RBIMPL_ANYARGS_DECL’
  277 | RBIMPL_ANYARGS_DECL(rb_define_method, VALUE, const char *)
      | ^~~~~~~~~~~~~~~~~~~
/home/lacum/.asdf/installs/ruby/3.2.2/include/ruby-3.2.0/ruby/internal/attr/maybe_unused.h:31:37: error: ISO C does not support ‘[[]]’ attributes before C23 [-Werror=pedantic]
   31 | # define RBIMPL_ATTR_MAYBE_UNUSED() [[maybe_unused]]
      |                                     ^
/home/lacum/.asdf/installs/ruby/3.2.2/include/ruby-3.2.0/ruby/internal/anyargs.h:249:38: note: in expansion of macro ‘RBIMPL_ATTR_MAYBE_UNUSED’
  249 | # define RBIMPL_ANYARGS_ATTRSET(sym) RBIMPL_ATTR_MAYBE_UNUSED() RBIMPL_ATTR_NONNULL(()) RBIMPL_ATTR_WEAKREF(sym)
      |                                      ^~~~~~~~~~~~~~~~~~~~~~~~
/home/lacum/.asdf/installs/ruby/3.2.2/include/ruby-3.2.0/ruby/internal/anyargs.h:262:1: note: in expansion of macro ‘RBIMPL_ANYARGS_ATTRSET’
  262 | RBIMPL_ANYARGS_ATTRSET(sym) static void sym ## _07(__VA_ARGS__, VALUE(*)(VALUE, VALUE, VALUE, VALUE, VALUE, VALUE, VALUE, VALUE), int); \
      | ^~~~~~~~~~~~~~~~~~~~~~
/home/lacum/.asdf/installs/ruby/3.2.2/include/ruby-3.2.0/ruby/internal/anyargs.h:277:1: note: in expansion of macro ‘RBIMPL_ANYARGS_DECL’
  277 | RBIMPL_ANYARGS_DECL(rb_define_method, VALUE, const char *)
      | ^~~~~~~~~~~~~~~~~~~
/home/lacum/.asdf/installs/ruby/3.2.2/include/ruby-3.2.0/ruby/internal/attr/maybe_unused.h:31:37: error: ISO C does not support ‘[[]]’ attributes before C23 [-Werror=pedantic]
   31 | # define RBIMPL_ATTR_MAYBE_UNUSED() [[maybe_unused]]
      |                                     ^
/home/lacum/.asdf/installs/ruby/3.2.2/include/ruby-3.2.0/ruby/internal/anyargs.h:249:38: note: in expansion of macro ‘RBIMPL_ATTR_MAYBE_UNUSED’
  249 | # define RBIMPL_ANYARGS_ATTRSET(sym) RBIMPL_ATTR_MAYBE_UNUSED() RBIMPL_ATTR_NONNULL(()) RBIMPL_ATTR_WEAKREF(sym)
      |                                      ^~~~~~~~~~~~~~~~~~~~~~~~
/home/lacum/.asdf/installs/ruby/3.2.2/include/ruby-3.2.0/ruby/internal/anyargs.h:263:1: note: in expansion of macro ‘RBIMPL_ANYARGS_ATTRSET’
  263 | RBIMPL_ANYARGS_ATTRSET(sym) static void sym ## _08(__VA_ARGS__, VALUE(*)(VALUE, VALUE, VALUE, VALUE, VALUE, VALUE, VALUE, VALUE, VALUE), int); \
      | ^~~~~~~~~~~~~~~~~~~~~~
/home/lacum/.asdf/installs/ruby/3.2.2/include/ruby-3.2.0/ruby/internal/anyargs.h:277:1: note: in expansion of macro ‘RBIMPL_ANYARGS_DECL’
  277 | RBIMPL_ANYARGS_DECL(rb_define_method, VALUE, const char *)
      | ^~~~~~~~~~~~~~~~~~~
/home/lacum/.asdf/installs/ruby/3.2.2/include/ruby-3.2.0/ruby/internal/attr/maybe_unused.h:31:37: error: ISO C does not support ‘[[]]’ attributes before C23 [-Werror=pedantic]
   31 | # define RBIMPL_ATTR_MAYBE_UNUSED() [[maybe_unused]]
      |                                     ^
/home/lacum/.asdf/installs/ruby/3.2.2/include/ruby-3.2.0/ruby/internal/anyargs.h:249:38: note: in expansion of macro ‘RBIMPL_ATTR_MAYBE_UNUSED’
  249 | # define RBIMPL_ANYARGS_ATTRSET(sym) RBIMPL_ATTR_MAYBE_UNUSED() RBIMPL_ATTR_NONNULL(()) RBIMPL_ATTR_WEAKREF(sym)
      |                                      ^~~~~~~~~~~~~~~~~~~~~~~~
/home/lacum/.asdf/installs/ruby/3.2.2/include/ruby-3.2.0/ruby/internal/anyargs.h:264:1: note: in expansion of macro ‘RBIMPL_ANYARGS_ATTRSET’
  264 | RBIMPL_ANYARGS_ATTRSET(sym) static void sym ## _09(__VA_ARGS__, VALUE(*)(VALUE, VALUE, VALUE, VALUE, VALUE, VALUE, VALUE, VALUE, VALUE, VALUE), int); \
      | ^~~~~~~~~~~~~~~~~~~~~~
/home/lacum/.asdf/installs/ruby/3.2.2/include/ruby-3.2.0/ruby/internal/anyargs.h:277:1: note: in expansion of macro ‘RBIMPL_ANYARGS_DECL’
  277 | RBIMPL_ANYARGS_DECL(rb_define_method, VALUE, const char *)
      | ^~~~~~~~~~~~~~~~~~~
/home/lacum/.asdf/installs/ruby/3.2.2/include/ruby-3.2.0/ruby/internal/attr/maybe_unused.h:31:37: error: ISO C does not support ‘[[]]’ attributes before C23 [-Werror=pedantic]
   31 | # define RBIMPL_ATTR_MAYBE_UNUSED() [[maybe_unused]]
      |                                     ^
/home/lacum/.asdf/installs/ruby/3.2.2/include/ruby-3.2.0/ruby/internal/anyargs.h:249:38: note: in expansion of macro ‘RBIMPL_ATTR_MAYBE_UNUSED’
  249 | # define RBIMPL_ANYARGS_ATTRSET(sym) RBIMPL_ATTR_MAYBE_UNUSED() RBIMPL_ATTR_NONNULL(()) RBIMPL_ATTR_WEAKREF(sym)
      |                                      ^~~~~~~~~~~~~~~~~~~~~~~~
/home/lacum/.asdf/installs/ruby/3.2.2/include/ruby-3.2.0/ruby/internal/anyargs.h:265:1: note: in expansion of macro ‘RBIMPL_ANYARGS_ATTRSET’
  265 | RBIMPL_ANYARGS_ATTRSET(sym) static void sym ## _10(__VA_ARGS__, VALUE(*)(VALUE, VALUE, VALUE, VALUE, VALUE, VALUE, VALUE, VALUE, VALUE, VALUE, VALUE), int); \
      | ^~~~~~~~~~~~~~~~~~~~~~
/home/lacum/.asdf/installs/ruby/3.2.2/include/ruby-3.2.0/ruby/internal/anyargs.h:277:1: note: in expansion of macro ‘RBIMPL_ANYARGS_DECL’
  277 | RBIMPL_ANYARGS_DECL(rb_define_method, VALUE, const char *)
      | ^~~~~~~~~~~~~~~~~~~
/home/lacum/.asdf/installs/ruby/3.2.2/include/ruby-3.2.0/ruby/internal/attr/maybe_unused.h:31:37: error: ISO C does not support ‘[[]]’ attributes before C23 [-Werror=pedantic]
   31 | # define RBIMPL_ATTR_MAYBE_UNUSED() [[maybe_unused]]
      |                                     ^
/home/lacum/.asdf/installs/ruby/3.2.2/include/ruby-3.2.0/ruby/internal/anyargs.h:249:38: note: in expansion of macro ‘RBIMPL_ATTR_MAYBE_UNUSED’
  249 | # define RBIMPL_ANYARGS_ATTRSET(sym) RBIMPL_ATTR_MAYBE_UNUSED() RBIMPL_ATTR_NONNULL(()) RBIMPL_ATTR_WEAKREF(sym)
      |                                      ^~~~~~~~~~~~~~~~~~~~~~~~
/home/lacum/.asdf/installs/ruby/3.2.2/include/ruby-3.2.0/ruby/internal/anyargs.h:266:1: note: in expansion of macro ‘RBIMPL_ANYARGS_ATTRSET’
  266 | RBIMPL_ANYARGS_ATTRSET(sym) static void sym ## _11(__VA_ARGS__, VALUE(*)(VALUE, VALUE, VALUE, VALUE, VALUE, VALUE, VALUE, VALUE, VALUE, VALUE, VALUE, VALUE), int); \
      | ^~~~~~~~~~~~~~~~~~~~~~
/home/lacum/.asdf/installs/ruby/3.2.2/include/ruby-3.2.0/ruby/internal/anyargs.h:277:1: note: in expansion of macro ‘RBIMPL_ANYARGS_DECL’
  277 | RBIMPL_ANYARGS_DECL(rb_define_method, VALUE, const char *)
      | ^~~~~~~~~~~~~~~~~~~
/home/lacum/.asdf/installs/ruby/3.2.2/include/ruby-3.2.0/ruby/internal/attr/maybe_unused.h:31:37: error: ISO C does not support ‘[[]]’ attributes before C23 [-Werror=pedantic]
   31 | # define RBIMPL_ATTR_MAYBE_UNUSED() [[maybe_unused]]
      |                                     ^
/home/lacum/.asdf/installs/ruby/3.2.2/include/ruby-3.2.0/ruby/internal/anyargs.h:249:38: note: in expansion of macro ‘RBIMPL_ATTR_MAYBE_UNUSED’
  249 | # define RBIMPL_ANYARGS_ATTRSET(sym) RBIMPL_ATTR_MAYBE_UNUSED() RBIMPL_ATTR_NONNULL(()) RBIMPL_ATTR_WEAKREF(sym)
      |                                      ^~~~~~~~~~~~~~~~~~~~~~~~
/home/lacum/.asdf/installs/ruby/3.2.2/include/ruby-3.2.0/ruby/internal/anyargs.h:267:1: note: in expansion of macro ‘RBIMPL_ANYARGS_ATTRSET’
  267 | RBIMPL_ANYARGS_ATTRSET(sym) static void sym ## _12(__VA_ARGS__, VALUE(*)(VALUE, VALUE, VALUE, VALUE, VALUE, VALUE, VALUE, VALUE, VALUE, VALUE, VALUE, VALUE, VALUE), int); \
      | ^~~~~~~~~~~~~~~~~~~~~~
/home/lacum/.asdf/installs/ruby/3.2.2/include/ruby-3.2.0/ruby/internal/anyargs.h:277:1: note: in expansion of macro ‘RBIMPL_ANYARGS_DECL’
  277 | RBIMPL_ANYARGS_DECL(rb_define_method, VALUE, const char *)
      | ^~~~~~~~~~~~~~~~~~~
/home/lacum/.asdf/installs/ruby/3.2.2/include/ruby-3.2.0/ruby/internal/attr/maybe_unused.h:31:37: error: ISO C does not support ‘[[]]’ attributes before C23 [-Werror=pedantic]
   31 | # define RBIMPL_ATTR_MAYBE_UNUSED() [[maybe_unused]]
      |                                     ^
/home/lacum/.asdf/installs/ruby/3.2.2/include/ruby-3.2.0/ruby/internal/anyargs.h:249:38: note: in expansion of macro ‘RBIMPL_ATTR_MAYBE_UNUSED’
  249 | # define RBIMPL_ANYARGS_ATTRSET(sym) RBIMPL_ATTR_MAYBE_UNUSED() RBIMPL_ATTR_NONNULL(()) RBIMPL_ATTR_WEAKREF(sym)
      |                                      ^~~~~~~~~~~~~~~~~~~~~~~~
/home/lacum/.asdf/installs/ruby/3.2.2/include/ruby-3.2.0/ruby/internal/anyargs.h:268:1: note: in expansion of macro ‘RBIMPL_ANYARGS_ATTRSET’
  268 | RBIMPL_ANYARGS_ATTRSET(sym) static void sym ## _13(__VA_ARGS__, VALUE(*)(VALUE, VALUE, VALUE, VALUE, VALUE, VALUE, VALUE, VALUE, VALUE, VALUE, VALUE, VALUE, VALUE, VALUE), int); \
      | ^~~~~~~~~~~~~~~~~~~~~~
/home/lacum/.asdf/installs/ruby/3.2.2/include/ruby-3.2.0/ruby/internal/anyargs.h:277:1: note: in expansion of macro ‘RBIMPL_ANYARGS_DECL’
  277 | RBIMPL_ANYARGS_DECL(rb_define_method, VALUE, const char *)
      | ^~~~~~~~~~~~~~~~~~~
/home/lacum/.asdf/installs/ruby/3.2.2/include/ruby-3.2.0/ruby/internal/attr/maybe_unused.h:31:37: error: ISO C does not support ‘[[]]’ attributes before C23 [-Werror=pedantic]
   31 | # define RBIMPL_ATTR_MAYBE_UNUSED() [[maybe_unused]]
      |                                     ^
/home/lacum/.asdf/installs/ruby/3.2.2/include/ruby-3.2.0/ruby/internal/anyargs.h:249:38: note: in expansion of macro ‘RBIMPL_ATTR_MAYBE_UNUSED’
  249 | # define RBIMPL_ANYARGS_ATTRSET(sym) RBIMPL_ATTR_MAYBE_UNUSED() RBIMPL_ATTR_NONNULL(()) RBIMPL_ATTR_WEAKREF(sym)
      |                                      ^~~~~~~~~~~~~~~~~~~~~~~~
/home/lacum/.asdf/installs/ruby/3.2.2/include/ruby-3.2.0/ruby/internal/anyargs.h:269:1: note: in expansion of macro ‘RBIMPL_ANYARGS_ATTRSET’
  269 | RBIMPL_ANYARGS_ATTRSET(sym) static void sym ## _14(__VA_ARGS__, VALUE(*)(VALUE, VALUE, VALUE, VALUE, VALUE, VALUE, VALUE, VALUE, VALUE, VALUE, VALUE, VALUE, VALUE, VALUE, VALUE), int); \
      | ^~~~~~~~~~~~~~~~~~~~~~
/home/lacum/.asdf/installs/ruby/3.2.2/include/ruby-3.2.0/ruby/internal/anyargs.h:277:1: note: in expansion of macro ‘RBIMPL_ANYARGS_DECL’
  277 | RBIMPL_ANYARGS_DECL(rb_define_method, VALUE, const char *)
      | ^~~~~~~~~~~~~~~~~~~
/home/lacum/.asdf/installs/ruby/3.2.2/include/ruby-3.2.0/ruby/internal/attr/maybe_unused.h:31:37: error: ISO C does not support ‘[[]]’ attributes before C23 [-Werror=pedantic]
   31 | # define RBIMPL_ATTR_MAYBE_UNUSED() [[maybe_unused]]
      |                                     ^
/home/lacum/.asdf/installs/ruby/3.2.2/include/ruby-3.2.0/ruby/internal/anyargs.h:249:38: note: in expansion of macro ‘RBIMPL_ATTR_MAYBE_UNUSED’
  249 | # define RBIMPL_ANYARGS_ATTRSET(sym) RBIMPL_ATTR_MAYBE_UNUSED() RBIMPL_ATTR_NONNULL(()) RBIMPL_ATTR_WEAKREF(sym)
      |                                      ^~~~~~~~~~~~~~~~~~~~~~~~
/home/lacum/.asdf/installs/ruby/3.2.2/include/ruby-3.2.0/ruby/internal/anyargs.h:270:1: note: in expansion of macro ‘RBIMPL_ANYARGS_ATTRSET’
  270 | RBIMPL_ANYARGS_ATTRSET(sym) static void sym ## _15(__VA_ARGS__, VALUE(*)(VALUE, VALUE, VALUE, VALUE, VALUE, VALUE, VALUE, VALUE, VALUE, VALUE, VALUE, VALUE, VALUE, VALUE, VALUE, VALUE), int);
      | ^~~~~~~~~~~~~~~~~~~~~~
/home/lacum/.asdf/installs/ruby/3.2.2/include/ruby-3.2.0/ruby/internal/anyargs.h:277:1: note: in expansion of macro ‘RBIMPL_ANYARGS_DECL’
  277 | RBIMPL_ANYARGS_DECL(rb_define_method, VALUE, const char *)
      | ^~~~~~~~~~~~~~~~~~~
In file included from /home/lacum/.asdf/installs/ruby/3.2.2/include/ruby-3.2.0/ruby/internal/arithmetic/long.h:42,
                 from /home/lacum/.asdf/installs/ruby/3.2.2/include/ruby-3.2.0/ruby/internal/arithmetic/int.h:26,
                 from /home/lacum/.asdf/installs/ruby/3.2.2/include/ruby-3.2.0/ruby/internal/arithmetic/char.h:23,
                 from /home/lacum/.asdf/installs/ruby/3.2.2/include/ruby-3.2.0/ruby/internal/arithmetic.h:24,
                 from /home/lacum/.asdf/installs/ruby/3.2.2/include/ruby-3.2.0/ruby/ruby.h:28:
/home/lacum/.asdf/installs/ruby/3.2.2/include/ruby-3.2.0/ruby/internal/special_consts.h:137:15: error: unknown type name ‘bool’
  137 | static inline bool
      |               ^~~~
/home/lacum/.asdf/installs/ruby/3.2.2/include/ruby-3.2.0/ruby/internal/special_consts.h:31:1: note: ‘bool’ is defined in header ‘<stdbool.h>’; this is probably fixable by adding ‘#include <stdbool.h>’
   30 | #include "ruby/internal/attr/enum_extensibility.h"
  +++ |+#include <stdbool.h>
   31 | #include "ruby/internal/stdbool.h"
/home/lacum/.asdf/installs/ruby/3.2.2/include/ruby-3.2.0/ruby/internal/special_consts.h:172:15: error: unknown type name ‘bool’
  172 | static inline bool
      |               ^~~~
/home/lacum/.asdf/installs/ruby/3.2.2/include/ruby-3.2.0/ruby/internal/special_consts.h:172:15: note: ‘bool’ is defined in header ‘<stdbool.h>’; this is probably fixable by adding ‘#include <stdbool.h>’
/home/lacum/.asdf/installs/ruby/3.2.2/include/ruby-3.2.0/ruby/internal/special_consts.h:188:15: error: unknown type name ‘bool’
  188 | static inline bool
      |               ^~~~
/home/lacum/.asdf/installs/ruby/3.2.2/include/ruby-3.2.0/ruby/internal/special_consts.h:188:15: note: ‘bool’ is defined in header ‘<stdbool.h>’; this is probably fixable by adding ‘#include <stdbool.h>’
/home/lacum/.asdf/installs/ruby/3.2.2/include/ruby-3.2.0/ruby/internal/special_consts.h:205:15: error: unknown type name ‘bool’
  205 | static inline bool
      |               ^~~~
/home/lacum/.asdf/installs/ruby/3.2.2/include/ruby-3.2.0/ruby/internal/special_consts.h:205:15: note: ‘bool’ is defined in header ‘<stdbool.h>’; this is probably fixable by adding ‘#include <stdbool.h>’
/home/lacum/.asdf/installs/ruby/3.2.2/include/ruby-3.2.0/ruby/internal/special_consts.h:246:15: error: unknown type name ‘bool’
  246 | static inline bool
      |               ^~~~
/home/lacum/.asdf/installs/ruby/3.2.2/include/ruby-3.2.0/ruby/internal/special_consts.h:246:15: note: ‘bool’ is defined in header ‘<stdbool.h>’; this is probably fixable by adding ‘#include <stdbool.h>’
/home/lacum/.asdf/installs/ruby/3.2.2/include/ruby-3.2.0/ruby/internal/special_consts.h:266:15: error: unknown type name ‘bool’
  266 | static inline bool
      |               ^~~~
/home/lacum/.asdf/installs/ruby/3.2.2/include/ruby-3.2.0/ruby/internal/special_consts.h:266:15: note: ‘bool’ is defined in header ‘<stdbool.h>’; this is probably fixable by adding ‘#include <stdbool.h>’
/home/lacum/.asdf/installs/ruby/3.2.2/include/ruby-3.2.0/ruby/internal/special_consts.h:287:15: error: unknown type name ‘bool’
  287 | static inline bool
      |               ^~~~
/home/lacum/.asdf/installs/ruby/3.2.2/include/ruby-3.2.0/ruby/internal/special_consts.h:287:15: note: ‘bool’ is defined in header ‘<stdbool.h>’; this is probably fixable by adding ‘#include <stdbool.h>’
/home/lacum/.asdf/installs/ruby/3.2.2/include/ruby-3.2.0/ruby/internal/special_consts.h:310:15: error: unknown type name ‘bool’
  310 | static inline bool
      |               ^~~~
/home/lacum/.asdf/installs/ruby/3.2.2/include/ruby-3.2.0/ruby/internal/special_consts.h:310:15: note: ‘bool’ is defined in header ‘<stdbool.h>’; this is probably fixable by adding ‘#include <stdbool.h>’
/home/lacum/.asdf/installs/ruby/3.2.2/include/ruby-3.2.0/ruby/internal/special_consts.h:326:15: error: unknown type name ‘bool’
  326 | static inline bool
      |               ^~~~
/home/lacum/.asdf/installs/ruby/3.2.2/include/ruby-3.2.0/ruby/internal/special_consts.h:326:15: note: ‘bool’ is defined in header ‘<stdbool.h>’; this is probably fixable by adding ‘#include <stdbool.h>’
/home/lacum/.asdf/installs/ruby/3.2.2/include/ruby-3.2.0/ruby/internal/arithmetic/long.h:215:15: error: unknown type name ‘bool’
  215 | static inline bool
      |               ^~~~
/home/lacum/.asdf/installs/ruby/3.2.2/include/ruby-3.2.0/ruby/internal/arithmetic/long.h:43:1: note: ‘bool’ is defined in header ‘<stdbool.h>’; this is probably fixable by adding ‘#include <stdbool.h>’
   42 | #include "ruby/internal/special_consts.h"      /* FIXNUM_FLAG */
  +++ |+#include <stdbool.h>
   43 | #include "ruby/internal/value.h"
In file included from /home/lacum/.asdf/installs/ruby/3.2.2/include/ruby-3.2.0/ruby/internal/fl_type.h:38,
                 from /home/lacum/.asdf/installs/ruby/3.2.2/include/ruby-3.2.0/ruby/internal/core/rstring.h:30,
                 from /home/lacum/.asdf/installs/ruby/3.2.2/include/ruby-3.2.0/ruby/internal/arithmetic/char.h:29:
/home/lacum/.asdf/installs/ruby/3.2.2/include/ruby-3.2.0/ruby/internal/value_type.h:202:15: error: unknown type name ‘bool’
  202 | static inline bool
      |               ^~~~
/home/lacum/.asdf/installs/ruby/3.2.2/include/ruby-3.2.0/ruby/internal/value_type.h:34:1: note: ‘bool’ is defined in header ‘<stdbool.h>’; this is probably fixable by adding ‘#include <stdbool.h>’
   33 | #include "ruby/internal/error.h"
  +++ |+#include <stdbool.h>
   34 | #include "ruby/internal/has/builtin.h"
/home/lacum/.asdf/installs/ruby/3.2.2/include/ruby-3.2.0/ruby/internal/value_type.h: In function ‘rb_integer_type_p’:
/home/lacum/.asdf/installs/ruby/3.2.2/include/ruby-3.2.0/ruby/internal/value_type.h:206:16: error: ‘true’ undeclared (first use in this function)
  206 |         return true;
      |                ^~~~
/home/lacum/.asdf/installs/ruby/3.2.2/include/ruby-3.2.0/ruby/internal/value_type.h:206:16: note: ‘true’ is defined in header ‘<stdbool.h>’; this is probably fixable by adding ‘#include <stdbool.h>’
/home/lacum/.asdf/installs/ruby/3.2.2/include/ruby-3.2.0/ruby/internal/value_type.h:206:16: note: each undeclared identifier is reported only once for each function it appears in
/home/lacum/.asdf/installs/ruby/3.2.2/include/ruby-3.2.0/ruby/internal/value_type.h:209:16: error: ‘false’ undeclared (first use in this function)
  209 |         return false;
      |                ^~~~~
/home/lacum/.asdf/installs/ruby/3.2.2/include/ruby-3.2.0/ruby/internal/value_type.h:209:16: note: ‘false’ is defined in header ‘<stdbool.h>’; this is probably fixable by adding ‘#include <stdbool.h>’
/home/lacum/.asdf/installs/ruby/3.2.2/include/ruby-3.2.0/ruby/internal/value_type.h: At top level:
/home/lacum/.asdf/installs/ruby/3.2.2/include/ruby-3.2.0/ruby/internal/value_type.h:262:15: error: unknown type name ‘bool’
  262 | static inline bool
      |               ^~~~
/home/lacum/.asdf/installs/ruby/3.2.2/include/ruby-3.2.0/ruby/internal/value_type.h:262:15: note: ‘bool’ is defined in header ‘<stdbool.h>’; this is probably fixable by adding ‘#include <stdbool.h>’
/home/lacum/.asdf/installs/ruby/3.2.2/include/ruby-3.2.0/ruby/internal/value_type.h: In function ‘RB_FLOAT_TYPE_P’:
/home/lacum/.asdf/installs/ruby/3.2.2/include/ruby-3.2.0/ruby/internal/value_type.h:266:16: error: ‘true’ undeclared (first use in this function)
  266 |         return true;
      |                ^~~~
/home/lacum/.asdf/installs/ruby/3.2.2/include/ruby-3.2.0/ruby/internal/value_type.h:266:16: note: ‘true’ is defined in header ‘<stdbool.h>’; this is probably fixable by adding ‘#include <stdbool.h>’
/home/lacum/.asdf/installs/ruby/3.2.2/include/ruby-3.2.0/ruby/internal/value_type.h:269:16: error: ‘false’ undeclared (first use in this function)
  269 |         return false;
      |                ^~~~~
/home/lacum/.asdf/installs/ruby/3.2.2/include/ruby-3.2.0/ruby/internal/value_type.h:269:16: note: ‘false’ is defined in header ‘<stdbool.h>’; this is probably fixable by adding ‘#include <stdbool.h>’
/home/lacum/.asdf/installs/ruby/3.2.2/include/ruby-3.2.0/ruby/internal/value_type.h: At top level:
/home/lacum/.asdf/installs/ruby/3.2.2/include/ruby-3.2.0/ruby/internal/value_type.h:285:15: error: unknown type name ‘bool’
  285 | static inline bool
      |               ^~~~
/home/lacum/.asdf/installs/ruby/3.2.2/include/ruby-3.2.0/ruby/internal/value_type.h:285:15: note: ‘bool’ is defined in header ‘<stdbool.h>’; this is probably fixable by adding ‘#include <stdbool.h>’
/home/lacum/.asdf/installs/ruby/3.2.2/include/ruby-3.2.0/ruby/internal/value_type.h: In function ‘RB_DYNAMIC_SYM_P’:
/home/lacum/.asdf/installs/ruby/3.2.2/include/ruby-3.2.0/ruby/internal/value_type.h:289:16: error: ‘false’ undeclared (first use in this function)
  289 |         return false;
      |                ^~~~~
/home/lacum/.asdf/installs/ruby/3.2.2/include/ruby-3.2.0/ruby/internal/value_type.h:289:16: note: ‘false’ is defined in header ‘<stdbool.h>’; this is probably fixable by adding ‘#include <stdbool.h>’
/home/lacum/.asdf/installs/ruby/3.2.2/include/ruby-3.2.0/ruby/internal/value_type.h: At top level:
/home/lacum/.asdf/installs/ruby/3.2.2/include/ruby-3.2.0/ruby/internal/value_type.h:305:15: error: unknown type name ‘bool’
  305 | static inline bool
      |               ^~~~
/home/lacum/.asdf/installs/ruby/3.2.2/include/ruby-3.2.0/ruby/internal/value_type.h:305:15: note: ‘bool’ is defined in header ‘<stdbool.h>’; this is probably fixable by adding ‘#include <stdbool.h>’
/home/lacum/.asdf/installs/ruby/3.2.2/include/ruby-3.2.0/ruby/internal/value_type.h:324:8: error: unknown type name ‘bool’
  324 | static bool
      |        ^~~~
/home/lacum/.asdf/installs/ruby/3.2.2/include/ruby-3.2.0/ruby/internal/value_type.h:324:8: note: ‘bool’ is defined in header ‘<stdbool.h>’; this is probably fixable by adding ‘#include <stdbool.h>’
/home/lacum/.asdf/installs/ruby/3.2.2/include/ruby-3.2.0/ruby/internal/value_type.h: In function ‘rbimpl_RB_TYPE_P_fastpath’:
/home/lacum/.asdf/installs/ruby/3.2.2/include/ruby-3.2.0/ruby/internal/value_type.h:349:16: error: ‘false’ undeclared (first use in this function)
  349 |         return false;
      |                ^~~~~
/home/lacum/.asdf/installs/ruby/3.2.2/include/ruby-3.2.0/ruby/internal/value_type.h:349:16: note: ‘false’ is defined in header ‘<stdbool.h>’; this is probably fixable by adding ‘#include <stdbool.h>’
/home/lacum/.asdf/installs/ruby/3.2.2/include/ruby-3.2.0/ruby/internal/value_type.h:352:16: error: ‘true’ undeclared (first use in this function)
  352 |         return true;
      |                ^~~~
/home/lacum/.asdf/installs/ruby/3.2.2/include/ruby-3.2.0/ruby/internal/value_type.h:352:16: note: ‘true’ is defined in header ‘<stdbool.h>’; this is probably fixable by adding ‘#include <stdbool.h>’
/home/lacum/.asdf/installs/ruby/3.2.2/include/ruby-3.2.0/ruby/internal/value_type.h: At top level:
/home/lacum/.asdf/installs/ruby/3.2.2/include/ruby-3.2.0/ruby/internal/value_type.h:374:15: error: unknown type name ‘bool’
  374 | static inline bool
      |               ^~~~
/home/lacum/.asdf/installs/ruby/3.2.2/include/ruby-3.2.0/ruby/internal/value_type.h:374:15: note: ‘bool’ is defined in header ‘<stdbool.h>’; this is probably fixable by adding ‘#include <stdbool.h>’
/home/lacum/.asdf/installs/ruby/3.2.2/include/ruby-3.2.0/ruby/internal/value_type.h:418:15: error: unknown type name ‘bool’
  418 | static inline bool rbimpl_rtypeddata_p(VALUE obj);
      |               ^~~~
/home/lacum/.asdf/installs/ruby/3.2.2/include/ruby-3.2.0/ruby/internal/value_type.h:418:15: note: ‘bool’ is defined in header ‘<stdbool.h>’; this is probably fixable by adding ‘#include <stdbool.h>’
/home/lacum/.asdf/installs/ruby/3.2.2/include/ruby-3.2.0/ruby/internal/fl_type.h:475:8: error: unknown type name ‘bool’
  475 | static bool
      |        ^~~~
/home/lacum/.asdf/installs/ruby/3.2.2/include/ruby-3.2.0/ruby/internal/fl_type.h:41:1: note: ‘bool’ is defined in header ‘<stdbool.h>’; this is probably fixable by adding ‘#include <stdbool.h>’
   40 | #include "ruby/defines.h"
  +++ |+#include <stdbool.h>
   41 | 
/home/lacum/.asdf/installs/ruby/3.2.2/include/ruby-3.2.0/ruby/internal/fl_type.h: In function ‘RB_FL_ABLE’:
/home/lacum/.asdf/installs/ruby/3.2.2/include/ruby-3.2.0/ruby/internal/fl_type.h:479:16: error: ‘false’ undeclared (first use in this function)
  479 |         return false;
      |                ^~~~~
/home/lacum/.asdf/installs/ruby/3.2.2/include/ruby-3.2.0/ruby/internal/fl_type.h:479:16: note: ‘false’ is defined in header ‘<stdbool.h>’; this is probably fixable by adding ‘#include <stdbool.h>’
/home/lacum/.asdf/installs/ruby/3.2.2/include/ruby-3.2.0/ruby/internal/fl_type.h:485:16: error: ‘true’ undeclared (first use in this function)
  485 |         return true;
      |                ^~~~
/home/lacum/.asdf/installs/ruby/3.2.2/include/ruby-3.2.0/ruby/internal/fl_type.h:485:16: note: ‘true’ is defined in header ‘<stdbool.h>’; this is probably fixable by adding ‘#include <stdbool.h>’
/home/lacum/.asdf/installs/ruby/3.2.2/include/ruby-3.2.0/ruby/internal/fl_type.h: At top level:
/home/lacum/.asdf/installs/ruby/3.2.2/include/ruby-3.2.0/ruby/internal/fl_type.h:549:15: error: unknown type name ‘bool’
  549 | static inline bool
      |               ^~~~
/home/lacum/.asdf/installs/ruby/3.2.2/include/ruby-3.2.0/ruby/internal/fl_type.h:549:15: note: ‘bool’ is defined in header ‘<stdbool.h>’; this is probably fixable by adding ‘#include <stdbool.h>’
/home/lacum/.asdf/installs/ruby/3.2.2/include/ruby-3.2.0/ruby/internal/fl_type.h:565:15: error: unknown type name ‘bool’
  565 | static inline bool
      |               ^~~~
/home/lacum/.asdf/installs/ruby/3.2.2/include/ruby-3.2.0/ruby/internal/fl_type.h:565:15: note: ‘bool’ is defined in header ‘<stdbool.h>’; this is probably fixable by adding ‘#include <stdbool.h>’
/home/lacum/.asdf/installs/ruby/3.2.2/include/ruby-3.2.0/ruby/internal/fl_type.h:583:15: error: unknown type name ‘bool’
  583 | static inline bool
      |               ^~~~
/home/lacum/.asdf/installs/ruby/3.2.2/include/ruby-3.2.0/ruby/internal/fl_type.h:583:15: note: ‘bool’ is defined in header ‘<stdbool.h>’; this is probably fixable by adding ‘#include <stdbool.h>’
/home/lacum/.asdf/installs/ruby/3.2.2/include/ruby-3.2.0/ruby/internal/fl_type.h:599:15: error: unknown type name ‘bool’
  599 | static inline bool
      |               ^~~~
/home/lacum/.asdf/installs/ruby/3.2.2/include/ruby-3.2.0/ruby/internal/fl_type.h:599:15: note: ‘bool’ is defined in header ‘<stdbool.h>’; this is probably fixable by adding ‘#include <stdbool.h>’
/home/lacum/.asdf/installs/ruby/3.2.2/include/ruby-3.2.0/ruby/internal/fl_type.h:787:15: error: unknown type name ‘bool’
  787 | static inline bool
      |               ^~~~
/home/lacum/.asdf/installs/ruby/3.2.2/include/ruby-3.2.0/ruby/internal/fl_type.h:787:15: note: ‘bool’ is defined in header ‘<stdbool.h>’; this is probably fixable by adding ‘#include <stdbool.h>’
/home/lacum/.asdf/installs/ruby/3.2.2/include/ruby-3.2.0/ruby/internal/fl_type.h: In function ‘RB_OBJ_TAINTABLE’:
/home/lacum/.asdf/installs/ruby/3.2.2/include/ruby-3.2.0/ruby/internal/fl_type.h:790:12: error: ‘false’ undeclared (first use in this function)
  790 |     return false;
      |            ^~~~~
/home/lacum/.asdf/installs/ruby/3.2.2/include/ruby-3.2.0/ruby/internal/fl_type.h:790:12: note: ‘false’ is defined in header ‘<stdbool.h>’; this is probably fixable by adding ‘#include <stdbool.h>’
/home/lacum/.asdf/installs/ruby/3.2.2/include/ruby-3.2.0/ruby/internal/fl_type.h: In function ‘RB_OBJ_TAINTED_RAW’:
/home/lacum/.asdf/installs/ruby/3.2.2/include/ruby-3.2.0/ruby/internal/fl_type.h:807:12: error: ‘false’ undeclared (first use in this function)
  807 |     return false;
      |            ^~~~~
/home/lacum/.asdf/installs/ruby/3.2.2/include/ruby-3.2.0/ruby/internal/fl_type.h:807:12: note: ‘false’ is defined in header ‘<stdbool.h>’; this is probably fixable by adding ‘#include <stdbool.h>’
/home/lacum/.asdf/installs/ruby/3.2.2/include/ruby-3.2.0/ruby/internal/fl_type.h: At top level:
/home/lacum/.asdf/installs/ruby/3.2.2/include/ruby-3.2.0/ruby/internal/fl_type.h:821:15: error: unknown type name ‘bool’
  821 | static inline bool
      |               ^~~~
/home/lacum/.asdf/installs/ruby/3.2.2/include/ruby-3.2.0/ruby/internal/fl_type.h:821:15: note: ‘bool’ is defined in header ‘<stdbool.h>’; this is probably fixable by adding ‘#include <stdbool.h>’
/home/lacum/.asdf/installs/ruby/3.2.2/include/ruby-3.2.0/ruby/internal/fl_type.h: In function ‘RB_OBJ_TAINTED’:
/home/lacum/.asdf/installs/ruby/3.2.2/include/ruby-3.2.0/ruby/internal/fl_type.h:824:12: error: ‘false’ undeclared (first use in this function)
  824 |     return false;
      |            ^~~~~
/home/lacum/.asdf/installs/ruby/3.2.2/include/ruby-3.2.0/ruby/internal/fl_type.h:824:12: note: ‘false’ is defined in header ‘<stdbool.h>’; this is probably fixable by adding ‘#include <stdbool.h>’
/home/lacum/.asdf/installs/ruby/3.2.2/include/ruby-3.2.0/ruby/internal/fl_type.h: At top level:
/home/lacum/.asdf/installs/ruby/3.2.2/include/ruby-3.2.0/ruby/internal/fl_type.h:920:15: error: unknown type name ‘bool’
  920 | static inline bool
      |               ^~~~
/home/lacum/.asdf/installs/ruby/3.2.2/include/ruby-3.2.0/ruby/internal/fl_type.h:920:15: note: ‘bool’ is defined in header ‘<stdbool.h>’; this is probably fixable by adding ‘#include <stdbool.h>’
/home/lacum/.asdf/installs/ruby/3.2.2/include/ruby-3.2.0/ruby/internal/fl_type.h: In function ‘RB_OBJ_FROZEN’:
/home/lacum/.asdf/installs/ruby/3.2.2/include/ruby-3.2.0/ruby/internal/fl_type.h:924:16: error: ‘true’ undeclared (first use in this function)
  924 |         return true;
      |                ^~~~
/home/lacum/.asdf/installs/ruby/3.2.2/include/ruby-3.2.0/ruby/internal/fl_type.h:924:16: note: ‘true’ is defined in header ‘<stdbool.h>’; this is probably fixable by adding ‘#include <stdbool.h>’
In file included from /home/lacum/.asdf/installs/ruby/3.2.2/include/ruby-3.2.0/ruby/internal/core/rarray.h:32,
                 from /home/lacum/.asdf/installs/ruby/3.2.2/include/ruby-3.2.0/ruby/internal/core.h:23,
                 from /home/lacum/.asdf/installs/ruby/3.2.2/include/ruby-3.2.0/ruby/ruby.h:29:
/home/lacum/.asdf/installs/ruby/3.2.2/include/ruby-3.2.0/ruby/internal/rgengc.h: At top level:
/home/lacum/.asdf/installs/ruby/3.2.2/include/ruby-3.2.0/ruby/internal/rgengc.h:322:15: error: unknown type name ‘bool’
  322 | static inline bool
      |               ^~~~
/home/lacum/.asdf/installs/ruby/3.2.2/include/ruby-3.2.0/ruby/internal/rgengc.h:1:1: note: ‘bool’ is defined in header ‘<stdbool.h>’; this is probably fixable by adding ‘#include <stdbool.h>’
  +++ |+#include <stdbool.h>
    1 | #ifndef RBIMPL_RGENGC_H                              /*-*-C++-*-vi:se ft=cpp:*/
/home/lacum/.asdf/installs/ruby/3.2.2/include/ruby-3.2.0/ruby/internal/rgengc.h:342:15: error: unknown type name ‘bool’
  342 | static inline bool
      |               ^~~~
/home/lacum/.asdf/installs/ruby/3.2.2/include/ruby-3.2.0/ruby/internal/rgengc.h:342:15: note: ‘bool’ is defined in header ‘<stdbool.h>’; this is probably fixable by adding ‘#include <stdbool.h>’
/home/lacum/.asdf/installs/ruby/3.2.2/include/ruby-3.2.0/ruby/internal/rgengc.h: In function ‘RB_OBJ_PROMOTED’:
/home/lacum/.asdf/installs/ruby/3.2.2/include/ruby-3.2.0/ruby/internal/rgengc.h:346:16: error: ‘false’ undeclared (first use in this function)
  346 |         return false;
      |                ^~~~~
/home/lacum/.asdf/installs/ruby/3.2.2/include/ruby-3.2.0/ruby/internal/rgengc.h:346:16: note: ‘false’ is defined in header ‘<stdbool.h>’; this is probably fixable by adding ‘#include <stdbool.h>’
/home/lacum/.asdf/installs/ruby/3.2.2/include/ruby-3.2.0/ruby/internal/rgengc.h: At top level:
/home/lacum/.asdf/installs/ruby/3.2.2/include/ruby-3.2.0/ruby/internal/attr/maybe_unused.h:31:37: error: ISO C does not support ‘[[]]’ attributes before C23 [-Werror=pedantic]
   31 | # define RBIMPL_ATTR_MAYBE_UNUSED() [[maybe_unused]]
      |                                     ^
/home/lacum/.asdf/installs/ruby/3.2.2/include/ruby-3.2.0/ruby/internal/rgengc.h:365:5: note: in expansion of macro ‘RBIMPL_ATTR_MAYBE_UNUSED’
  365 |     RBIMPL_ATTR_MAYBE_UNUSED()
      |     ^~~~~~~~~~~~~~~~~~~~~~~~
/home/lacum/.asdf/installs/ruby/3.2.2/include/ruby-3.2.0/ruby/internal/attr/maybe_unused.h:31:37: error: ISO C does not support ‘[[]]’ attributes before C23 [-Werror=pedantic]
   31 | # define RBIMPL_ATTR_MAYBE_UNUSED() [[maybe_unused]]
      |                                     ^
/home/lacum/.asdf/installs/ruby/3.2.2/include/ruby-3.2.0/ruby/internal/rgengc.h:367:5: note: in expansion of macro ‘RBIMPL_ATTR_MAYBE_UNUSED’
  367 |     RBIMPL_ATTR_MAYBE_UNUSED()
      |     ^~~~~~~~~~~~~~~~~~~~~~~~
/home/lacum/.asdf/installs/ruby/3.2.2/include/ruby-3.2.0/ruby/internal/attr/maybe_unused.h:31:37: error: ISO C does not support ‘[[]]’ attributes before C23 [-Werror=pedantic]
   31 | # define RBIMPL_ATTR_MAYBE_UNUSED() [[maybe_unused]]
      |                                     ^
/home/lacum/.asdf/installs/ruby/3.2.2/include/ruby-3.2.0/ruby/internal/rgengc.h:393:5: note: in expansion of macro ‘RBIMPL_ATTR_MAYBE_UNUSED’
  393 |     RBIMPL_ATTR_MAYBE_UNUSED()
      |     ^~~~~~~~~~~~~~~~~~~~~~~~
/home/lacum/.asdf/installs/ruby/3.2.2/include/ruby-3.2.0/ruby/internal/attr/maybe_unused.h:31:37: error: ISO C does not support ‘[[]]’ attributes before C23 [-Werror=pedantic]
   31 | # define RBIMPL_ATTR_MAYBE_UNUSED() [[maybe_unused]]
      |                                     ^
/home/lacum/.asdf/installs/ruby/3.2.2/include/ruby-3.2.0/ruby/internal/rgengc.h:396:5: note: in expansion of macro ‘RBIMPL_ATTR_MAYBE_UNUSED’
  396 |     RBIMPL_ATTR_MAYBE_UNUSED()
      |     ^~~~~~~~~~~~~~~~~~~~~~~~
/home/lacum/.asdf/installs/ruby/3.2.2/include/ruby-3.2.0/ruby/internal/attr/maybe_unused.h:31:37: error: ISO C does not support ‘[[]]’ attributes before C23 [-Werror=pedantic]
   31 | # define RBIMPL_ATTR_MAYBE_UNUSED() [[maybe_unused]]
      |                                     ^
/home/lacum/.asdf/installs/ruby/3.2.2/include/ruby-3.2.0/ruby/internal/rgengc.h:398:5: note: in expansion of macro ‘RBIMPL_ATTR_MAYBE_UNUSED’
  398 |     RBIMPL_ATTR_MAYBE_UNUSED()
      |     ^~~~~~~~~~~~~~~~~~~~~~~~
/home/lacum/.asdf/installs/ruby/3.2.2/include/ruby-3.2.0/ruby/internal/attr/maybe_unused.h:31:37: error: ISO C does not support ‘[[]]’ attributes before C23 [-Werror=pedantic]
   31 | # define RBIMPL_ATTR_MAYBE_UNUSED() [[maybe_unused]]
      |                                     ^
/home/lacum/.asdf/installs/ruby/3.2.2/include/ruby-3.2.0/ruby/internal/rgengc.h:428:5: note: in expansion of macro ‘RBIMPL_ATTR_MAYBE_UNUSED’
  428 |     RBIMPL_ATTR_MAYBE_UNUSED()
      |     ^~~~~~~~~~~~~~~~~~~~~~~~
/home/lacum/.asdf/installs/ruby/3.2.2/include/ruby-3.2.0/ruby/internal/attr/maybe_unused.h:31:37: error: ISO C does not support ‘[[]]’ attributes before C23 [-Werror=pedantic]
   31 | # define RBIMPL_ATTR_MAYBE_UNUSED() [[maybe_unused]]
      |                                     ^
/home/lacum/.asdf/installs/ruby/3.2.2/include/ruby-3.2.0/ruby/internal/rgengc.h:430:5: note: in expansion of macro ‘RBIMPL_ATTR_MAYBE_UNUSED’
  430 |     RBIMPL_ATTR_MAYBE_UNUSED()
      |     ^~~~~~~~~~~~~~~~~~~~~~~~
/home/lacum/.asdf/installs/ruby/3.2.2/include/ruby-3.2.0/ruby/internal/core/rarray.h:363:15: error: unknown type name ‘bool’
  363 | static inline bool
      |               ^~~~
/home/lacum/.asdf/installs/ruby/3.2.2/include/ruby-3.2.0/ruby/internal/core/rarray.h:33:1: note: ‘bool’ is defined in header ‘<stdbool.h>’; this is probably fixable by adding ‘#include <stdbool.h>’
   32 | #include "ruby/internal/rgengc.h"
  +++ |+#include <stdbool.h>
   33 | #include "ruby/internal/stdbool.h"
/home/lacum/.asdf/installs/ruby/3.2.2/include/ruby-3.2.0/ruby/internal/attr/maybe_unused.h:31:37: error: ISO C does not support ‘[[]]’ attributes before C23 [-Werror=pedantic]
   31 | # define RBIMPL_ATTR_MAYBE_UNUSED() [[maybe_unused]]
      |                                     ^
/home/lacum/.asdf/installs/ruby/3.2.2/include/ruby-3.2.0/ruby/internal/core/rarray.h:437:24: note: in expansion of macro ‘RBIMPL_ATTR_MAYBE_UNUSED’
  437 |                        RBIMPL_ATTR_MAYBE_UNUSED()
      |                        ^~~~~~~~~~~~~~~~~~~~~~~~
/home/lacum/.asdf/installs/ruby/3.2.2/include/ruby-3.2.0/ruby/internal/attr/maybe_unused.h:31:37: error: ISO C does not support ‘[[]]’ attributes before C23 [-Werror=pedantic]
   31 | # define RBIMPL_ATTR_MAYBE_UNUSED() [[maybe_unused]]
      |                                     ^
/home/lacum/.asdf/installs/ruby/3.2.2/include/ruby-3.2.0/ruby/internal/core/rarray.h:464:22: note: in expansion of macro ‘RBIMPL_ATTR_MAYBE_UNUSED’
  464 |                      RBIMPL_ATTR_MAYBE_UNUSED()
      |                      ^~~~~~~~~~~~~~~~~~~~~~~~
In file included from /home/lacum/.asdf/installs/ruby/3.2.2/include/ruby-3.2.0/ruby/internal/core.h:25:
/home/lacum/.asdf/installs/ruby/3.2.2/include/ruby-3.2.0/ruby/internal/core/rbignum.h:60:15: error: unknown type name ‘bool’
   60 | static inline bool
      |               ^~~~
/home/lacum/.asdf/installs/ruby/3.2.2/include/ruby-3.2.0/ruby/internal/core/rbignum.h:1:1: note: ‘bool’ is defined in header ‘<stdbool.h>’; this is probably fixable by adding ‘#include <stdbool.h>’
  +++ |+#include <stdbool.h>
    1 | #ifndef RBIMPL_RBIGNUM_H                             /*-*-C++-*-vi:se ft=cpp:*/
/home/lacum/.asdf/installs/ruby/3.2.2/include/ruby-3.2.0/ruby/internal/core/rbignum.h:73:15: error: unknown type name ‘bool’
   73 | static inline bool
      |               ^~~~
/home/lacum/.asdf/installs/ruby/3.2.2/include/ruby-3.2.0/ruby/internal/core/rbignum.h:73:15: note: ‘bool’ is defined in header ‘<stdbool.h>’; this is probably fixable by adding ‘#include <stdbool.h>’
In file included from /home/lacum/.asdf/installs/ruby/3.2.2/include/ruby-3.2.0/ruby/internal/core.h:34:
/home/lacum/.asdf/installs/ruby/3.2.2/include/ruby-3.2.0/ruby/internal/core/rtypeddata.h:523:15: error: unknown type name ‘bool’
  523 | static inline bool
      |               ^~~~
/home/lacum/.asdf/installs/ruby/3.2.2/include/ruby-3.2.0/ruby/internal/core/rtypeddata.h:27:1: note: ‘bool’ is defined in header ‘<stdbool.h>’; this is probably fixable by adding ‘#include <stdbool.h>’
   26 | # include <stddef.h>
  +++ |+#include <stdbool.h>
   27 | #endif
/home/lacum/.asdf/installs/ruby/3.2.2/include/ruby-3.2.0/ruby/internal/core/rtypeddata.h:539:15: error: unknown type name ‘bool’
  539 | static inline bool
      |               ^~~~
/home/lacum/.asdf/installs/ruby/3.2.2/include/ruby-3.2.0/ruby/internal/core/rtypeddata.h:539:15: note: ‘bool’ is defined in header ‘<stdbool.h>’; this is probably fixable by adding ‘#include <stdbool.h>’
In file included from /home/lacum/.asdf/installs/ruby/3.2.2/include/ruby-3.2.0/ruby/ruby.h:42:
/home/lacum/.asdf/installs/ruby/3.2.2/include/ruby-3.2.0/ruby/internal/memory.h:414:5: error: unknown type name ‘bool’
  414 |     bool left;                  /**< Whether overflow happened or not. */
      |     ^~~~
/home/lacum/.asdf/installs/ruby/3.2.2/include/ruby-3.2.0/ruby/internal/memory.h:27:1: note: ‘bool’ is defined in header ‘<stdbool.h>’; this is probably fixable by adding ‘#include <stdbool.h>’
   26 | # include <stddef.h>
  +++ |+#include <stdbool.h>
   27 | #endif
/home/lacum/.asdf/installs/ruby/3.2.2/include/ruby-3.2.0/ruby/internal/memory.h: In function ‘rbimpl_size_mul_overflow’:
/home/lacum/.asdf/installs/ruby/3.2.2/include/ruby-3.2.0/ruby/internal/memory.h:568:49: error: ‘false’ undeclared (first use in this function)
  568 |     struct rbimpl_size_mul_overflow_tag ret = { false,  0, };
      |                                                 ^~~~~
/home/lacum/.asdf/installs/ruby/3.2.2/include/ruby-3.2.0/ruby/internal/memory.h:568:49: note: ‘false’ is defined in header ‘<stdbool.h>’; this is probably fixable by adding ‘#include <stdbool.h>’
In file included from /home/lacum/.asdf/installs/ruby/3.2.2/include/ruby-3.2.0/ruby/ruby.h:47:
/home/lacum/.asdf/installs/ruby/3.2.2/include/ruby-3.2.0/ruby/internal/scan_args.h: At top level:
/home/lacum/.asdf/installs/ruby/3.2.2/include/ruby-3.2.0/ruby/internal/scan_args.h:252:15: error: unknown type name ‘bool’
  252 | static inline bool
      |               ^~~~
/home/lacum/.asdf/installs/ruby/3.2.2/include/ruby-3.2.0/ruby/internal/scan_args.h:39:1: note: ‘bool’ is defined in header ‘<stdbool.h>’; this is probably fixable by adding ‘#include <stdbool.h>’
   38 | #include "ruby/internal/intern/proc.h"  /* rb_block_proc */
  +++ |+#include <stdbool.h>
   39 | #include "ruby/internal/iterator.h"     /* rb_block_given_p / rb_keyword_given_p */
/home/lacum/.asdf/installs/ruby/3.2.2/include/ruby-3.2.0/ruby/internal/scan_args.h: In function ‘rb_scan_args_keyword_p’:
/home/lacum/.asdf/installs/ruby/3.2.2/include/ruby-3.2.0/ruby/internal/scan_args.h:259:16: error: ‘true’ undeclared (first use in this function)
  259 |         return true;
      |                ^~~~
/home/lacum/.asdf/installs/ruby/3.2.2/include/ruby-3.2.0/ruby/internal/scan_args.h:259:16: note: ‘true’ is defined in header ‘<stdbool.h>’; this is probably fixable by adding ‘#include <stdbool.h>’
/home/lacum/.asdf/installs/ruby/3.2.2/include/ruby-3.2.0/ruby/internal/scan_args.h:263:16: error: ‘false’ undeclared (first use in this function)
  263 |         return false;
      |                ^~~~~
/home/lacum/.asdf/installs/ruby/3.2.2/include/ruby-3.2.0/ruby/internal/scan_args.h:263:16: note: ‘false’ is defined in header ‘<stdbool.h>’; this is probably fixable by adding ‘#include <stdbool.h>’
/home/lacum/.asdf/installs/ruby/3.2.2/include/ruby-3.2.0/ruby/internal/scan_args.h: At top level:
/home/lacum/.asdf/installs/ruby/3.2.2/include/ruby-3.2.0/ruby/internal/scan_args.h:268:8: error: unknown type name ‘bool’
  268 | static bool
      |        ^~~~
/home/lacum/.asdf/installs/ruby/3.2.2/include/ruby-3.2.0/ruby/internal/scan_args.h:268:8: note: ‘bool’ is defined in header ‘<stdbool.h>’; this is probably fixable by adding ‘#include <stdbool.h>’
/home/lacum/.asdf/installs/ruby/3.2.2/include/ruby-3.2.0/ruby/internal/scan_args.h:282:8: error: unknown type name ‘bool’
  282 | static bool
      |        ^~~~
/home/lacum/.asdf/installs/ruby/3.2.2/include/ruby-3.2.0/ruby/internal/scan_args.h:282:8: note: ‘bool’ is defined in header ‘<stdbool.h>’; this is probably fixable by adding ‘#include <stdbool.h>’
/home/lacum/.asdf/installs/ruby/3.2.2/include/ruby-3.2.0/ruby/internal/scan_args.h:303:8: error: unknown type name ‘bool’
  303 | static bool
      |        ^~~~
/home/lacum/.asdf/installs/ruby/3.2.2/include/ruby-3.2.0/ruby/internal/scan_args.h:303:8: note: ‘bool’ is defined in header ‘<stdbool.h>’; this is probably fixable by adding ‘#include <stdbool.h>’
/home/lacum/.asdf/installs/ruby/3.2.2/include/ruby-3.2.0/ruby/internal/scan_args.h:334:8: error: unknown type name ‘bool’
  334 | static bool
      |        ^~~~
/home/lacum/.asdf/installs/ruby/3.2.2/include/ruby-3.2.0/ruby/internal/scan_args.h:334:8: note: ‘bool’ is defined in header ‘<stdbool.h>’; this is probably fixable by adding ‘#include <stdbool.h>’
/home/lacum/.asdf/installs/ruby/3.2.2/include/ruby-3.2.0/ruby/internal/scan_args.h:349:8: error: unknown type name ‘bool’
  349 | static bool
      |        ^~~~
/home/lacum/.asdf/installs/ruby/3.2.2/include/ruby-3.2.0/ruby/internal/scan_args.h:349:8: note: ‘bool’ is defined in header ‘<stdbool.h>’; this is probably fixable by adding ‘#include <stdbool.h>’
/home/lacum/.asdf/installs/ruby/3.2.2/include/ruby-3.2.0/ruby/internal/scan_args.h:390:18: error: unknown type name ‘bool’
  390 |                  bool f_var, bool f_hash, bool f_block,
      |                  ^~~~
/home/lacum/.asdf/installs/ruby/3.2.2/include/ruby-3.2.0/ruby/internal/scan_args.h:390:18: note: ‘bool’ is defined in header ‘<stdbool.h>’; this is probably fixable by adding ‘#include <stdbool.h>’
/home/lacum/.asdf/installs/ruby/3.2.2/include/ruby-3.2.0/ruby/internal/scan_args.h:390:30: error: unknown type name ‘bool’
  390 |                  bool f_var, bool f_hash, bool f_block,
      |                              ^~~~
/home/lacum/.asdf/installs/ruby/3.2.2/include/ruby-3.2.0/ruby/internal/scan_args.h:390:30: note: ‘bool’ is defined in header ‘<stdbool.h>’; this is probably fixable by adding ‘#include <stdbool.h>’
/home/lacum/.asdf/installs/ruby/3.2.2/include/ruby-3.2.0/ruby/internal/scan_args.h:390:43: error: unknown type name ‘bool’
  390 |                  bool f_var, bool f_hash, bool f_block,
      |                                           ^~~~
/home/lacum/.asdf/installs/ruby/3.2.2/include/ruby-3.2.0/ruby/internal/scan_args.h:390:43: note: ‘bool’ is defined in header ‘<stdbool.h>’; this is probably fixable by adding ‘#include <stdbool.h>’
/home/lacum/.asdf/installs/ruby/3.2.2/include/ruby-3.2.0/ruby/internal/attr/maybe_unused.h:31:37: error: ISO C does not support ‘[[]]’ attributes before C23 [-Werror=pedantic]
   31 | # define RBIMPL_ATTR_MAYBE_UNUSED() [[maybe_unused]]
      |                                     ^
/home/lacum/.asdf/installs/ruby/3.2.2/include/ruby-3.2.0/ruby/backward/2/attributes.h:163:28: note: in expansion of macro ‘RBIMPL_ATTR_MAYBE_UNUSED’
  163 | #define RB_UNUSED_VAR(x) x RBIMPL_ATTR_MAYBE_UNUSED()
      |                            ^~~~~~~~~~~~~~~~~~~~~~~~
/home/lacum/.asdf/installs/ruby/3.2.2/include/ruby-3.2.0/ruby/internal/scan_args.h:391:33: note: in expansion of macro ‘RB_UNUSED_VAR’
  391 |                  VALUE *vars[], RB_UNUSED_VAR(const char *fmt), RB_UNUSED_VAR(int varc))
      |                                 ^~~~~~~~~~~~~
/home/lacum/.asdf/installs/ruby/3.2.2/include/ruby-3.2.0/ruby/internal/attr/maybe_unused.h:31:37: error: ISO C does not support ‘[[]]’ attributes before C23 [-Werror=pedantic]
   31 | # define RBIMPL_ATTR_MAYBE_UNUSED() [[maybe_unused]]
      |                                     ^
/home/lacum/.asdf/installs/ruby/3.2.2/include/ruby-3.2.0/ruby/backward/2/attributes.h:163:28: note: in expansion of macro ‘RBIMPL_ATTR_MAYBE_UNUSED’
  163 | #define RB_UNUSED_VAR(x) x RBIMPL_ATTR_MAYBE_UNUSED()
      |                            ^~~~~~~~~~~~~~~~~~~~~~~~
/home/lacum/.asdf/installs/ruby/3.2.2/include/ruby-3.2.0/ruby/internal/scan_args.h:391:65: note: in expansion of macro ‘RB_UNUSED_VAR’
  391 |                  VALUE *vars[], RB_UNUSED_VAR(const char *fmt), RB_UNUSED_VAR(int varc))
      |                                                                 ^~~~~~~~~~~~~
/home/lacum/.asdf/installs/ruby/3.2.2/include/ruby-3.2.0/ruby/internal/scan_args.h:502:41: error: ‘__VA_OPT__’ is not available until C23 [-Werror=pedantic]
  502 |         (rb_scan_args)(argc, argvp, fmt __VA_OPT__(, __VA_ARGS__)))
      |                                         ^
/home/lacum/.asdf/installs/ruby/3.2.2/include/ruby-3.2.0/ruby/internal/scan_args.h:510:53: error: ‘__VA_OPT__’ is not available until C23 [-Werror=pedantic]
  510 |         (rb_scan_args_kw)(kw_flag, argc, argvp, fmt __VA_OPT__(, __VA_ARGS__)))
      |                                                     ^
In file included from /home/lacum/.asdf/installs/ruby/3.2.2/include/ruby-3.2.0/ruby/intern.h:42,
                 from /home/lacum/.asdf/installs/ruby/3.2.2/include/ruby-3.2.0/ruby/ruby.h:193:
/home/lacum/.asdf/installs/ruby/3.2.2/include/ruby-3.2.0/ruby/internal/intern/load.h:197:25: error: unknown type name ‘bool’
  197 | void rb_ext_ractor_safe(bool flag);
      |                         ^~~~
/home/lacum/.asdf/installs/ruby/3.2.2/include/ruby-3.2.0/ruby/internal/intern/load.h:1:1: note: ‘bool’ is defined in header ‘<stdbool.h>’; this is probably fixable by adding ‘#include <stdbool.h>’
  +++ |+#include <stdbool.h>
    1 | #ifndef  RBIMPL_INTERN_LOAD_H                        /*-*-C++-*-vi:se ft=cpp:*/
cc1: note: unrecognized command-line option ‘-Wno-self-assign’ may have been intended to silence earlier diagnostics
cc1: note: unrecognized command-line option ‘-Wno-parentheses-equality’ may have been intended to silence earlier diagnostics
cc1: note: unrecognized command-line option ‘-Wno-constant-logical-operand’ may have been intended to silence earlier diagnostics
cc1: all warnings being treated as errors
checked program was:
/* begin */
1: #include "ruby.h"
2: 
3: int main(int argc, char **argv)
4: {
5:   return !!argv[argc];
6: }
/* end */

--------------------

